1 1 1 1: 
2 2 3 2: 
3 1 3 3: 
4 4 7 4: 
5 1 7 7: 
6 2 7 6: 
7 1 7 7: 
8 8 15 8: 
9 1 15 15: 
10 2 15 14: 
11 1 15 15: 
12 4 15 12: 
13 1 15 15: 
14 2 15 14: 
15 1 15 15: 
16 16 31 16: 
17 1 31 31: 
18 2 31 30: 
19 1 31 31: 
20 4 31 28: 
21 1 31 31: 
22 2 31 30: 
23 1 31 31: 
24 8 31 24: 
25 1 31 31: 
26 2 31 30: 
27 1 31 31: 
28 4 31 28: 
29 1 31 31: 
30 2 31 30: 
31 1 31 31: 
32 32 63 32: 
33 1 63 63: 
34 2 63 62: 
35 1 63 63: 
36 4 63 60: 
37 1 63 63: 
38 2 63 62: 
39 1 63 63: 
40 8 63 56: 
41 1 63 63: 
42 2 63 62: 
43 1 63 63: 
44 4 63 60: 
45 1 63 63: 
46 2 63 62: 
47 1 63 63: 
48 16 63 48: 
49 1 63 63: 
50 2 63 62: 
51 1 63 63: 
52 4 63 60: 
53 1 63 63: 
54 2 63 62: 
55 1 63 63: 
56 8 63 56: 
57 1 63 63: 
58 2 63 62: 
59 1 63 63: 
60 4 63 60: 
61 1 63 63: 
62 2 63 62: 
63 1 63 63: 
64 64 127 64: 
65 1 127 127: 
66 2 127 126: 
67 1 127 127: 
68 4 127 124: 
69 1 127 127: 
70 2 127 126: 
71 1 127 127: 
72 8 127 120: 
73 1 127 127: 
74 2 127 126: 
75 1 127 127: 
76 4 127 124: 
77 1 127 127: 
78 2 127 126: 
79 1 127 127: 
80 16 127 112: 
81 1 127 127: 
82 2 127 126: 
83 1 127 127: 
84 4 127 124: 
85 1 127 127: 
86 2 127 126: 
87 1 127 127: 
88 8 127 120: 
89 1 127 127: 
90 2 127 126: 
91 1 127 127: 
92 4 127 124: 
93 1 127 127: 
94 2 127 126: 
95 1 127 127: 
96 32 127 96: 
97 1 127 127: 
98 2 127 126: 
99 1 127 127: 
100 4 127 124: 
101 1 127 127: 
102 2 127 126: 
103 1 127 127: 
104 8 127 120: 
105 1 127 127: 
106 2 127 126: 
107 1 127 127: 
108 4 127 124: 
109 1 127 127: 
110 2 127 126: 
111 1 127 127: 
112 16 127 112: 
113 1 127 127: 
114 2 127 126: 
115 1 127 127: 
116 4 127 124: 
117 1 127 127: 
118 2 127 126: 
119 1 127 127: 
120 8 127 120: 
121 1 127 127: 
122 2 127 126: 
123 1 127 127: 
124 4 127 124: 
125 1 127 127: 
126 2 127 126: 
127 1 127 127: 
128 128 255 128: 
129 1 255 255: 
130 2 255 254: 
131 1 255 255: 
132 4 255 252: 
133 1 255 255: 
134 2 255 254: 
135 1 255 255: 
136 8 255 248: 
137 1 255 255: 
138 2 255 254: 
139 1 255 255: 
140 4 255 252: 
141 1 255 255: 
142 2 255 254: 
143 1 255 255: 
144 16 255 240: 
145 1 255 255: 
146 2 255 254: 
147 1 255 255: 
148 4 255 252: 
149 1 255 255: 
150 2 255 254: 
151 1 255 255: 
152 8 255 248: 
153 1 255 255: 
154 2 255 254: 
155 1 255 255: 
156 4 255 252: 
157 1 255 255: 
158 2 255 254: 
159 1 255 255: 
160 32 255 224: 
161 1 255 255: 
162 2 255 254: 
163 1 255 255: 
164 4 255 252: 
165 1 255 255: 
166 2 255 254: 
167 1 255 255: 
168 8 255 248: 
169 1 255 255: 
170 2 255 254: 
171 1 255 255: 
172 4 255 252: 
173 1 255 255: 
174 2 255 254: 
175 1 255 255: 
176 16 255 240: 
177 1 255 255: 
178 2 255 254: 
179 1 255 255: 
180 4 255 252: 
181 1 255 255: 
182 2 255 254: 
183 1 255 255: 
184 8 255 248: 
185 1 255 255: 
186 2 255 254: 
187 1 255 255: 
188 4 255 252: 
189 1 255 255: 
190 2 255 254: 
191 1 255 255: 
192 64 255 192: 
193 1 255 255: 
194 2 255 254: 
195 1 255 255: 
196 4 255 252: 
197 1 255 255: 
198 2 255 254: 
199 1 255 255: 
200 8 255 248: 
201 1 255 255: 
202 2 255 254: 
203 1 255 255: 
204 4 255 252: 
205 1 255 255: 
206 2 255 254: 
207 1 255 255: 
208 16 255 240: 
209 1 255 255: 
210 2 255 254: 
211 1 255 255: 
212 4 255 252: 
213 1 255 255: 
214 2 255 254: 
215 1 255 255: 
216 8 255 248: 
217 1 255 255: 
218 2 255 254: 
219 1 255 255: 
220 4 255 252: 
221 1 255 255: 
222 2 255 254: 
223 1 255 255: 
224 32 255 224: 
225 1 255 255: 
226 2 255 254: 
227 1 255 255: 
228 4 255 252: 
229 1 255 255: 
230 2 255 254: 
231 1 255 255: 
232 8 255 248: 
233 1 255 255: 
234 2 255 254: 
235 1 255 255: 
236 4 255 252: 
237 1 255 255: 
238 2 255 254: 
239 1 255 255: 
240 16 255 240: 
241 1 255 255: 
242 2 255 254: 
243 1 255 255: 
244 4 255 252: 
245 1 255 255: 
246 2 255 254: 
247 1 255 255: 
248 8 255 248: 
249 1 255 255: 
250 2 255 254: 
251 1 255 255: 
252 4 255 252: 
253 1 255 255: 
254 2 255 254: 
255 1 255 255: 
256 256 511 256: 
257 1 511 511: 
258 2 511 510: 
259 1 511 511: 
260 4 511 508: 
261 1 511 511: 
262 2 511 510: 
263 1 511 511: 
264 8 511 504: 
265 1 511 511: 
266 2 511 510: 
267 1 511 511: 
268 4 511 508: 
269 1 511 511: 
270 2 511 510: 
271 1 511 511: 
272 16 511 496: 
273 1 511 511: 
274 2 511 510: 
275 1 511 511: 
276 4 511 508: 
277 1 511 511: 
278 2 511 510: 
279 1 511 511: 
280 8 511 504: 
281 1 511 511: 
282 2 511 510: 
283 1 511 511: 
284 4 511 508: 
285 1 511 511: 
286 2 511 510: 
287 1 511 511: 
288 32 511 480: 
289 1 511 511: 
290 2 511 510: 
291 1 511 511: 
292 4 511 508: 
293 1 511 511: 
294 2 511 510: 
295 1 511 511: 
296 8 511 504: 
297 1 511 511: 
298 2 511 510: 
299 1 511 511: 
300 4 511 508: 
301 1 511 511: 
302 2 511 510: 
303 1 511 511: 
304 16 511 496: 
305 1 511 511: 
306 2 511 510: 
307 1 511 511: 
308 4 511 508: 
309 1 511 511: 
310 2 511 510: 
311 1 511 511: 
312 8 511 504: 
313 1 511 511: 
314 2 511 510: 
315 1 511 511: 
316 4 511 508: 
317 1 511 511: 
318 2 511 510: 
319 1 511 511: 
320 64 511 448: 
321 1 511 511: 
322 2 511 510: 
323 1 511 511: 
324 4 511 508: 
325 1 511 511: 
326 2 511 510: 
327 1 511 511: 
328 8 511 504: 
329 1 511 511: 
330 2 511 510: 
331 1 511 511: 
332 4 511 508: 
333 1 511 511: 
334 2 511 510: 
335 1 511 511: 
336 16 511 496: 
337 1 511 511: 
338 2 511 510: 
339 1 511 511: 
340 4 511 508: 
341 1 511 511: 
342 2 511 510: 
343 1 511 511: 
344 8 511 504: 
345 1 511 511: 
346 2 511 510: 
347 1 511 511: 
348 4 511 508: 
349 1 511 511: 
350 2 511 510: 
351 1 511 511: 
352 32 511 480: 
353 1 511 511: 
354 2 511 510: 
355 1 511 511: 
356 4 511 508: 
357 1 511 511: 
358 2 511 510: 
359 1 511 511: 
360 8 511 504: 
361 1 511 511: 
362 2 511 510: 
363 1 511 511: 
364 4 511 508: 
365 1 511 511: 
366 2 511 510: 
367 1 511 511: 
368 16 511 496: 
369 1 511 511: 
370 2 511 510: 
371 1 511 511: 
372 4 511 508: 
373 1 511 511: 
374 2 511 510: 
375 1 511 511: 
376 8 511 504: 
377 1 511 511: 
378 2 511 510: 
379 1 511 511: 
380 4 511 508: 
381 1 511 511: 
382 2 511 510: 
383 1 511 511: 
384 128 511 384: 
385 1 511 511: 
386 2 511 510: 
387 1 511 511: 
388 4 511 508: 
389 1 511 511: 
390 2 511 510: 
391 1 511 511: 
392 8 511 504: 
393 1 511 511: 
394 2 511 510: 
395 1 511 511: 
396 4 511 508: 
397 1 511 511: 
398 2 511 510: 
399 1 511 511: 
400 16 511 496: 
401 1 511 511: 
402 2 511 510: 
403 1 511 511: 
404 4 511 508: 
405 1 511 511: 
406 2 511 510: 
407 1 511 511: 
408 8 511 504: 
409 1 511 511: 
410 2 511 510: 
411 1 511 511: 
412 4 511 508: 
413 1 511 511: 
414 2 511 510: 
415 1 511 511: 
416 32 511 480: 
417 1 511 511: 
418 2 511 510: 
419 1 511 511: 
420 4 511 508: 
421 1 511 511: 
422 2 511 510: 
423 1 511 511: 
424 8 511 504: 
425 1 511 511: 
426 2 511 510: 
427 1 511 511: 
428 4 511 508: 
429 1 511 511: 
430 2 511 510: 
431 1 511 511: 
432 16 511 496: 
433 1 511 511: 
434 2 511 510: 
435 1 511 511: 
436 4 511 508: 
437 1 511 511: 
438 2 511 510: 
439 1 511 511: 
440 8 511 504: 
441 1 511 511: 
442 2 511 510: 
443 1 511 511: 
444 4 511 508: 
445 1 511 511: 
446 2 511 510: 
447 1 511 511: 
448 64 511 448: 
449 1 511 511: 
450 2 511 510: 
451 1 511 511: 
452 4 511 508: 
453 1 511 511: 
454 2 511 510: 
455 1 511 511: 
456 8 511 504: 
457 1 511 511: 
458 2 511 510: 
459 1 511 511: 
460 4 511 508: 
461 1 511 511: 
462 2 511 510: 
463 1 511 511: 
464 16 511 496: 
465 1 511 511: 
466 2 511 510: 
467 1 511 511: 
468 4 511 508: 
469 1 511 511: 
470 2 511 510: 
471 1 511 511: 
472 8 511 504: 
473 1 511 511: 
474 2 511 510: 
475 1 511 511: 
476 4 511 508: 
477 1 511 511: 
478 2 511 510: 
479 1 511 511: 
480 32 511 480: 
481 1 511 511: 
482 2 511 510: 
483 1 511 511: 
484 4 511 508: 
485 1 511 511: 
486 2 511 510: 
487 1 511 511: 
488 8 511 504: 
489 1 511 511: 
490 2 511 510: 
491 1 511 511: 
492 4 511 508: 
493 1 511 511: 
494 2 511 510: 
495 1 511 511: 
496 16 511 496: 
497 1 511 511: 
498 2 511 510: 
499 1 511 511: 
500 4 511 508: 
501 1 511 511: 
502 2 511 510: 
503 1 511 511: 
504 8 511 504: 
505 1 511 511: 
506 2 511 510: 
507 1 511 511: 
508 4 511 508: 
509 1 511 511: 
510 2 511 510: 
511 1 511 511: 
512 512 1023 512: 
513 1 1023 1023: 
514 2 1023 1022: 
515 1 1023 1023: 
516 4 1023 1020: 
517 1 1023 1023: 
518 2 1023 1022: 
519 1 1023 1023: 
520 8 1023 1016: 
521 1 1023 1023: 
522 2 1023 1022: 
523 1 1023 1023: 
524 4 1023 1020: 
525 1 1023 1023: 
526 2 1023 1022: 
527 1 1023 1023: 
528 16 1023 1008: 
529 1 1023 1023: 
530 2 1023 1022: 
531 1 1023 1023: 
532 4 1023 1020: 
533 1 1023 1023: 
534 2 1023 1022: 
535 1 1023 1023: 
536 8 1023 1016: 
537 1 1023 1023: 
538 2 1023 1022: 
539 1 1023 1023: 
540 4 1023 1020: 
541 1 1023 1023: 
542 2 1023 1022: 
543 1 1023 1023: 
544 32 1023 992: 
545 1 1023 1023: 
546 2 1023 1022: 
547 1 1023 1023: 
548 4 1023 1020: 
549 1 1023 1023: 
550 2 1023 1022: 
551 1 1023 1023: 
552 8 1023 1016: 
553 1 1023 1023: 
554 2 1023 1022: 
555 1 1023 1023: 
556 4 1023 1020: 
557 1 1023 1023: 
558 2 1023 1022: 
559 1 1023 1023: 
560 16 1023 1008: 
561 1 1023 1023: 
562 2 1023 1022: 
563 1 1023 1023: 
564 4 1023 1020: 
565 1 1023 1023: 
566 2 1023 1022: 
567 1 1023 1023: 
568 8 1023 1016: 
569 1 1023 1023: 
570 2 1023 1022: 
571 1 1023 1023: 
572 4 1023 1020: 
573 1 1023 1023: 
574 2 1023 1022: 
575 1 1023 1023: 
576 64 1023 960: 
577 1 1023 1023: 
578 2 1023 1022: 
579 1 1023 1023: 
580 4 1023 1020: 
581 1 1023 1023: 
582 2 1023 1022: 
583 1 1023 1023: 
584 8 1023 1016: 
585 1 1023 1023: 
586 2 1023 1022: 
587 1 1023 1023: 
588 4 1023 1020: 
589 1 1023 1023: 
590 2 1023 1022: 
591 1 1023 1023: 
592 16 1023 1008: 
593 1 1023 1023: 
594 2 1023 1022: 
595 1 1023 1023: 
596 4 1023 1020: 
597 1 1023 1023: 
598 2 1023 1022: 
599 1 1023 1023: 
600 8 1023 1016: 
601 1 1023 1023: 
602 2 1023 1022: 
603 1 1023 1023: 
604 4 1023 1020: 
605 1 1023 1023: 
606 2 1023 1022: 
607 1 1023 1023: 
608 32 1023 992: 
609 1 1023 1023: 
610 2 1023 1022: 
611 1 1023 1023: 
612 4 1023 1020: 
613 1 1023 1023: 
614 2 1023 1022: 
615 1 1023 1023: 
616 8 1023 1016: 
617 1 1023 1023: 
618 2 1023 1022: 
619 1 1023 1023: 
620 4 1023 1020: 
621 1 1023 1023: 
622 2 1023 1022: 
623 1 1023 1023: 
624 16 1023 1008: 
625 1 1023 1023: 
626 2 1023 1022: 
627 1 1023 1023: 
628 4 1023 1020: 
629 1 1023 1023: 
630 2 1023 1022: 
631 1 1023 1023: 
632 8 1023 1016: 
633 1 1023 1023: 
634 2 1023 1022: 
635 1 1023 1023: 
636 4 1023 1020: 
637 1 1023 1023: 
638 2 1023 1022: 
639 1 1023 1023: 
640 128 1023 896: 
641 1 1023 1023: 
642 2 1023 1022: 
643 1 1023 1023: 
644 4 1023 1020: 
645 1 1023 1023: 
646 2 1023 1022: 
647 1 1023 1023: 
648 8 1023 1016: 
649 1 1023 1023: 
650 2 1023 1022: 
651 1 1023 1023: 
652 4 1023 1020: 
653 1 1023 1023: 
654 2 1023 1022: 
655 1 1023 1023: 
656 16 1023 1008: 
657 1 1023 1023: 
658 2 1023 1022: 
659 1 1023 1023: 
660 4 1023 1020: 
661 1 1023 1023: 
662 2 1023 1022: 
663 1 1023 1023: 
664 8 1023 1016: 
665 1 1023 1023: 
666 2 1023 1022: 
667 1 1023 1023: 
668 4 1023 1020: 
669 1 1023 1023: 
670 2 1023 1022: 
671 1 1023 1023: 
672 32 1023 992: 
673 1 1023 1023: 
674 2 1023 1022: 
675 1 1023 1023: 
676 4 1023 1020: 
677 1 1023 1023: 
678 2 1023 1022: 
679 1 1023 1023: 
680 8 1023 1016: 
681 1 1023 1023: 
682 2 1023 1022: 
683 1 1023 1023: 
684 4 1023 1020: 
685 1 1023 1023: 
686 2 1023 1022: 
687 1 1023 1023: 
688 16 1023 1008: 
689 1 1023 1023: 
690 2 1023 1022: 
691 1 1023 1023: 
692 4 1023 1020: 
693 1 1023 1023: 
694 2 1023 1022: 
695 1 1023 1023: 
696 8 1023 1016: 
697 1 1023 1023: 
698 2 1023 1022: 
699 1 1023 1023: 
700 4 1023 1020: 
701 1 1023 1023: 
702 2 1023 1022: 
703 1 1023 1023: 
704 64 1023 960: 
705 1 1023 1023: 
706 2 1023 1022: 
707 1 1023 1023: 
708 4 1023 1020: 
709 1 1023 1023: 
710 2 1023 1022: 
711 1 1023 1023: 
712 8 1023 1016: 
713 1 1023 1023: 
714 2 1023 1022: 
715 1 1023 1023: 
716 4 1023 1020: 
717 1 1023 1023: 
718 2 1023 1022: 
719 1 1023 1023: 
720 16 1023 1008: 
721 1 1023 1023: 
722 2 1023 1022: 
723 1 1023 1023: 
724 4 1023 1020: 
725 1 1023 1023: 
726 2 1023 1022: 
727 1 1023 1023: 
728 8 1023 1016: 
729 1 1023 1023: 
730 2 1023 1022: 
731 1 1023 1023: 
732 4 1023 1020: 
733 1 1023 1023: 
734 2 1023 1022: 
735 1 1023 1023: 
736 32 1023 992: 
737 1 1023 1023: 
738 2 1023 1022: 
739 1 1023 1023: 
740 4 1023 1020: 
741 1 1023 1023: 
742 2 1023 1022: 
743 1 1023 1023: 
744 8 1023 1016: 
745 1 1023 1023: 
746 2 1023 1022: 
747 1 1023 1023: 
748 4 1023 1020: 
749 1 1023 1023: 
750 2 1023 1022: 
751 1 1023 1023: 
752 16 1023 1008: 
753 1 1023 1023: 
754 2 1023 1022: 
755 1 1023 1023: 
756 4 1023 1020: 
757 1 1023 1023: 
758 2 1023 1022: 
759 1 1023 1023: 
760 8 1023 1016: 
761 1 1023 1023: 
762 2 1023 1022: 
763 1 1023 1023: 
764 4 1023 1020: 
765 1 1023 1023: 
766 2 1023 1022: 
767 1 1023 1023: 
768 256 1023 768: 
769 1 1023 1023: 
770 2 1023 1022: 
771 1 1023 1023: 
772 4 1023 1020: 
773 1 1023 1023: 
774 2 1023 1022: 
775 1 1023 1023: 
776 8 1023 1016: 
777 1 1023 1023: 
778 2 1023 1022: 
779 1 1023 1023: 
780 4 1023 1020: 
781 1 1023 1023: 
782 2 1023 1022: 
783 1 1023 1023: 
784 16 1023 1008: 
785 1 1023 1023: 
786 2 1023 1022: 
787 1 1023 1023: 
788 4 1023 1020: 
789 1 1023 1023: 
790 2 1023 1022: 
791 1 1023 1023: 
792 8 1023 1016: 
793 1 1023 1023: 
794 2 1023 1022: 
795 1 1023 1023: 
796 4 1023 1020: 
797 1 1023 1023: 
798 2 1023 1022: 
799 1 1023 1023: 
800 32 1023 992: 
801 1 1023 1023: 
802 2 1023 1022: 
803 1 1023 1023: 
804 4 1023 1020: 
805 1 1023 1023: 
806 2 1023 1022: 
807 1 1023 1023: 
808 8 1023 1016: 
809 1 1023 1023: 
810 2 1023 1022: 
811 1 1023 1023: 
812 4 1023 1020: 
813 1 1023 1023: 
814 2 1023 1022: 
815 1 1023 1023: 
816 16 1023 1008: 
817 1 1023 1023: 
818 2 1023 1022: 
819 1 1023 1023: 
820 4 1023 1020: 
821 1 1023 1023: 
822 2 1023 1022: 
823 1 1023 1023: 
824 8 1023 1016: 
825 1 1023 1023: 
826 2 1023 1022: 
827 1 1023 1023: 
828 4 1023 1020: 
829 1 1023 1023: 
830 2 1023 1022: 
831 1 1023 1023: 
832 64 1023 960: 
833 1 1023 1023: 
834 2 1023 1022: 
835 1 1023 1023: 
836 4 1023 1020: 
837 1 1023 1023: 
838 2 1023 1022: 
839 1 1023 1023: 
840 8 1023 1016: 
841 1 1023 1023: 
842 2 1023 1022: 
843 1 1023 1023: 
844 4 1023 1020: 
845 1 1023 1023: 
846 2 1023 1022: 
847 1 1023 1023: 
848 16 1023 1008: 
849 1 1023 1023: 
850 2 1023 1022: 
851 1 1023 1023: 
852 4 1023 1020: 
853 1 1023 1023: 
854 2 1023 1022: 
855 1 1023 1023: 
856 8 1023 1016: 
857 1 1023 1023: 
858 2 1023 1022: 
859 1 1023 1023: 
860 4 1023 1020: 
861 1 1023 1023: 
862 2 1023 1022: 
863 1 1023 1023: 
864 32 1023 992: 
865 1 1023 1023: 
866 2 1023 1022: 
867 1 1023 1023: 
868 4 1023 1020: 
869 1 1023 1023: 
870 2 1023 1022: 
871 1 1023 1023: 
872 8 1023 1016: 
873 1 1023 1023: 
874 2 1023 1022: 
875 1 1023 1023: 
876 4 1023 1020: 
877 1 1023 1023: 
878 2 1023 1022: 
879 1 1023 1023: 
880 16 1023 1008: 
881 1 1023 1023: 
882 2 1023 1022: 
883 1 1023 1023: 
884 4 1023 1020: 
885 1 1023 1023: 
886 2 1023 1022: 
887 1 1023 1023: 
888 8 1023 1016: 
889 1 1023 1023: 
890 2 1023 1022: 
891 1 1023 1023: 
892 4 1023 1020: 
893 1 1023 1023: 
894 2 1023 1022: 
895 1 1023 1023: 
896 128 1023 896: 
897 1 1023 1023: 
898 2 1023 1022: 
899 1 1023 1023: 
900 4 1023 1020: 
901 1 1023 1023: 
902 2 1023 1022: 
903 1 1023 1023: 
904 8 1023 1016: 
905 1 1023 1023: 
906 2 1023 1022: 
907 1 1023 1023: 
908 4 1023 1020: 
909 1 1023 1023: 
910 2 1023 1022: 
911 1 1023 1023: 
912 16 1023 1008: 
913 1 1023 1023: 
914 2 1023 1022: 
915 1 1023 1023: 
916 4 1023 1020: 
917 1 1023 1023: 
918 2 1023 1022: 
919 1 1023 1023: 
920 8 1023 1016: 
921 1 1023 1023: 
922 2 1023 1022: 
923 1 1023 1023: 
924 4 1023 1020: 
925 1 1023 1023: 
926 2 1023 1022: 
927 1 1023 1023: 
928 32 1023 992: 
929 1 1023 1023: 
930 2 1023 1022: 
931 1 1023 1023: 
932 4 1023 1020: 
933 1 1023 1023: 
934 2 1023 1022: 
935 1 1023 1023: 
936 8 1023 1016: 
937 1 1023 1023: 
938 2 1023 1022: 
939 1 1023 1023: 
940 4 1023 1020: 
941 1 1023 1023: 
942 2 1023 1022: 
943 1 1023 1023: 
944 16 1023 1008: 
945 1 1023 1023: 
946 2 1023 1022: 
947 1 1023 1023: 
948 4 1023 1020: 
949 1 1023 1023: 
950 2 1023 1022: 
951 1 1023 1023: 
952 8 1023 1016: 
953 1 1023 1023: 
954 2 1023 1022: 
955 1 1023 1023: 
956 4 1023 1020: 
957 1 1023 1023: 
958 2 1023 1022: 
959 1 1023 1023: 
960 64 1023 960: 
961 1 1023 1023: 
962 2 1023 1022: 
963 1 1023 1023: 
964 4 1023 1020: 
965 1 1023 1023: 
966 2 1023 1022: 
967 1 1023 1023: 
968 8 1023 1016: 
969 1 1023 1023: 
970 2 1023 1022: 
971 1 1023 1023: 
972 4 1023 1020: 
973 1 1023 1023: 
974 2 1023 1022: 
975 1 1023 1023: 
976 16 1023 1008: 
977 1 1023 1023: 
978 2 1023 1022: 
979 1 1023 1023: 
980 4 1023 1020: 
981 1 1023 1023: 
982 2 1023 1022: 
983 1 1023 1023: 
984 8 1023 1016: 
985 1 1023 1023: 
986 2 1023 1022: 
987 1 1023 1023: 
988 4 1023 1020: 
989 1 1023 1023: 
990 2 1023 1022: 
991 1 1023 1023: 
992 32 1023 992: 
993 1 1023 1023: 
994 2 1023 1022: 
995 1 1023 1023: 
996 4 1023 1020: 
997 1 1023 1023: 
998 2 1023 1022: 
999 1 1023 1023: 
1000 8 1023 1016: 
1001 1 1023 1023: 
1002 2 1023 1022: 
1003 1 1023 1023: 
1004 4 1023 1020: 
1005 1 1023 1023: 
1006 2 1023 1022: 
1007 1 1023 1023: 
1008 16 1023 1008: 
1009 1 1023 1023: 
1010 2 1023 1022: 
1011 1 1023 1023: 
1012 4 1023 1020: 
1013 1 1023 1023: 
1014 2 1023 1022: 
1015 1 1023 1023: 
1016 8 1023 1016: 
1017 1 1023 1023: 
1018 2 1023 1022: 
1019 1 1023 1023: 
1020 4 1023 1020: 
1021 1 1023 1023: 
1022 2 1023 1022: 
1023 1 1023 1023: 
1024 1024 2047 1024: 
1025 1 2047 2047: 
1026 2 2047 2046: 
1027 1 2047 2047: 
1028 4 2047 2044: 
1029 1 2047 2047: 
1030 2 2047 2046: 
1031 1 2047 2047: 
1032 8 2047 2040: 
1033 1 2047 2047: 
1034 2 2047 2046: 
1035 1 2047 2047: 
1036 4 2047 2044: 
1037 1 2047 2047: 
1038 2 2047 2046: 
1039 1 2047 2047: 
1040 16 2047 2032: 
1041 1 2047 2047: 
1042 2 2047 2046: 
1043 1 2047 2047: 
1044 4 2047 2044: 
1045 1 2047 2047: 
1046 2 2047 2046: 
1047 1 2047 2047: 
1048 8 2047 2040: 
1049 1 2047 2047: 
1050 2 2047 2046: 
1051 1 2047 2047: 
1052 4 2047 2044: 
1053 1 2047 2047: 
1054 2 2047 2046: 
1055 1 2047 2047: 
1056 32 2047 2016: 
1057 1 2047 2047: 
1058 2 2047 2046: 
1059 1 2047 2047: 
1060 4 2047 2044: 
1061 1 2047 2047: 
1062 2 2047 2046: 
1063 1 2047 2047: 
1064 8 2047 2040: 
1065 1 2047 2047: 
1066 2 2047 2046: 
1067 1 2047 2047: 
1068 4 2047 2044: 
1069 1 2047 2047: 
1070 2 2047 2046: 
1071 1 2047 2047: 
1072 16 2047 2032: 
1073 1 2047 2047: 
1074 2 2047 2046: 
1075 1 2047 2047: 
1076 4 2047 2044: 
1077 1 2047 2047: 
1078 2 2047 2046: 
1079 1 2047 2047: 
1080 8 2047 2040: 
1081 1 2047 2047: 
1082 2 2047 2046: 
1083 1 2047 2047: 
1084 4 2047 2044: 
1085 1 2047 2047: 
1086 2 2047 2046: 
1087 1 2047 2047: 
1088 64 2047 1984: 
1089 1 2047 2047: 
1090 2 2047 2046: 
1091 1 2047 2047: 
1092 4 2047 2044: 
1093 1 2047 2047: 
1094 2 2047 2046: 
1095 1 2047 2047: 
1096 8 2047 2040: 
1097 1 2047 2047: 
1098 2 2047 2046: 
1099 1 2047 2047: 
1100 4 2047 2044: 
1101 1 2047 2047: 
1102 2 2047 2046: 
1103 1 2047 2047: 
1104 16 2047 2032: 
1105 1 2047 2047: 
1106 2 2047 2046: 
1107 1 2047 2047: 
1108 4 2047 2044: 
1109 1 2047 2047: 
1110 2 2047 2046: 
1111 1 2047 2047: 
1112 8 2047 2040: 
1113 1 2047 2047: 
1114 2 2047 2046: 
1115 1 2047 2047: 
1116 4 2047 2044: 
1117 1 2047 2047: 
1118 2 2047 2046: 
1119 1 2047 2047: 
1120 32 2047 2016: 
1121 1 2047 2047: 
1122 2 2047 2046: 
1123 1 2047 2047: 
1124 4 2047 2044: 
1125 1 2047 2047: 
1126 2 2047 2046: 
1127 1 2047 2047: 
1128 8 2047 2040: 
1129 1 2047 2047: 
1130 2 2047 2046: 
1131 1 2047 2047: 
1132 4 2047 2044: 
1133 1 2047 2047: 
1134 2 2047 2046: 
1135 1 2047 2047: 
1136 16 2047 2032: 
1137 1 2047 2047: 
1138 2 2047 2046: 
1139 1 2047 2047: 
1140 4 2047 2044: 
1141 1 2047 2047: 
1142 2 2047 2046: 
1143 1 2047 2047: 
1144 8 2047 2040: 
1145 1 2047 2047: 
1146 2 2047 2046: 
1147 1 2047 2047: 
1148 4 2047 2044: 
1149 1 2047 2047: 
1150 2 2047 2046: 
1151 1 2047 2047: 
1152 128 2047 1920: 
1153 1 2047 2047: 
1154 2 2047 2046: 
1155 1 2047 2047: 
1156 4 2047 2044: 
1157 1 2047 2047: 
1158 2 2047 2046: 
1159 1 2047 2047: 
1160 8 2047 2040: 
1161 1 2047 2047: 
1162 2 2047 2046: 
1163 1 2047 2047: 
1164 4 2047 2044: 
1165 1 2047 2047: 
1166 2 2047 2046: 
1167 1 2047 2047: 
1168 16 2047 2032: 
1169 1 2047 2047: 
1170 2 2047 2046: 
1171 1 2047 2047: 
1172 4 2047 2044: 
1173 1 2047 2047: 
1174 2 2047 2046: 
1175 1 2047 2047: 
1176 8 2047 2040: 
1177 1 2047 2047: 
1178 2 2047 2046: 
1179 1 2047 2047: 
1180 4 2047 2044: 
1181 1 2047 2047: 
1182 2 2047 2046: 
1183 1 2047 2047: 
1184 32 2047 2016: 
1185 1 2047 2047: 
1186 2 2047 2046: 
1187 1 2047 2047: 
1188 4 2047 2044: 
1189 1 2047 2047: 
1190 2 2047 2046: 
1191 1 2047 2047: 
1192 8 2047 2040: 
1193 1 2047 2047: 
1194 2 2047 2046: 
1195 1 2047 2047: 
1196 4 2047 2044: 
1197 1 2047 2047: 
1198 2 2047 2046: 
1199 1 2047 2047: 
1200 16 2047 2032: 
1201 1 2047 2047: 
1202 2 2047 2046: 
1203 1 2047 2047: 
1204 4 2047 2044: 
1205 1 2047 2047: 
1206 2 2047 2046: 
1207 1 2047 2047: 
1208 8 2047 2040: 
1209 1 2047 2047: 
1210 2 2047 2046: 
1211 1 2047 2047: 
1212 4 2047 2044: 
1213 1 2047 2047: 
1214 2 2047 2046: 
1215 1 2047 2047: 
1216 64 2047 1984: 
1217 1 2047 2047: 
1218 2 2047 2046: 
1219 1 2047 2047: 
1220 4 2047 2044: 
1221 1 2047 2047: 
1222 2 2047 2046: 
1223 1 2047 2047: 
1224 8 2047 2040: 
1225 1 2047 2047: 
1226 2 2047 2046: 
1227 1 2047 2047: 
1228 4 2047 2044: 
1229 1 2047 2047: 
1230 2 2047 2046: 
1231 1 2047 2047: 
1232 16 2047 2032: 
1233 1 2047 2047: 
1234 2 2047 2046: 
1235 1 2047 2047: 
1236 4 2047 2044: 
1237 1 2047 2047: 
1238 2 2047 2046: 
1239 1 2047 2047: 
1240 8 2047 2040: 
1241 1 2047 2047: 
1242 2 2047 2046: 
1243 1 2047 2047: 
1244 4 2047 2044: 
1245 1 2047 2047: 
1246 2 2047 2046: 
1247 1 2047 2047: 
1248 32 2047 2016: 
1249 1 2047 2047: 
1250 2 2047 2046: 
1251 1 2047 2047: 
1252 4 2047 2044: 
1253 1 2047 2047: 
1254 2 2047 2046: 
1255 1 2047 2047: 
1256 8 2047 2040: 
1257 1 2047 2047: 
1258 2 2047 2046: 
1259 1 2047 2047: 
1260 4 2047 2044: 
1261 1 2047 2047: 
1262 2 2047 2046: 
1263 1 2047 2047: 
1264 16 2047 2032: 
1265 1 2047 2047: 
1266 2 2047 2046: 
1267 1 2047 2047: 
1268 4 2047 2044: 
1269 1 2047 2047: 
1270 2 2047 2046: 
1271 1 2047 2047: 
1272 8 2047 2040: 
1273 1 2047 2047: 
1274 2 2047 2046: 
1275 1 2047 2047: 
1276 4 2047 2044: 
1277 1 2047 2047: 
1278 2 2047 2046: 
1279 1 2047 2047: 
1280 256 2047 1792: 
1281 1 2047 2047: 
1282 2 2047 2046: 
1283 1 2047 2047: 
1284 4 2047 2044: 
1285 1 2047 2047: 
1286 2 2047 2046: 
1287 1 2047 2047: 
1288 8 2047 2040: 
1289 1 2047 2047: 
1290 2 2047 2046: 
1291 1 2047 2047: 
1292 4 2047 2044: 
1293 1 2047 2047: 
1294 2 2047 2046: 
1295 1 2047 2047: 
1296 16 2047 2032: 
1297 1 2047 2047: 
1298 2 2047 2046: 
1299 1 2047 2047: 
1300 4 2047 2044: 
1301 1 2047 2047: 
1302 2 2047 2046: 
1303 1 2047 2047: 
1304 8 2047 2040: 
1305 1 2047 2047: 
1306 2 2047 2046: 
1307 1 2047 2047: 
1308 4 2047 2044: 
1309 1 2047 2047: 
1310 2 2047 2046: 
1311 1 2047 2047: 
1312 32 2047 2016: 
1313 1 2047 2047: 
1314 2 2047 2046: 
1315 1 2047 2047: 
1316 4 2047 2044: 
1317 1 2047 2047: 
1318 2 2047 2046: 
1319 1 2047 2047: 
1320 8 2047 2040: 
1321 1 2047 2047: 
1322 2 2047 2046: 
1323 1 2047 2047: 
1324 4 2047 2044: 
1325 1 2047 2047: 
1326 2 2047 2046: 
1327 1 2047 2047: 
1328 16 2047 2032: 
1329 1 2047 2047: 
1330 2 2047 2046: 
1331 1 2047 2047: 
1332 4 2047 2044: 
1333 1 2047 2047: 
1334 2 2047 2046: 
1335 1 2047 2047: 
1336 8 2047 2040: 
1337 1 2047 2047: 
1338 2 2047 2046: 
1339 1 2047 2047: 
1340 4 2047 2044: 
1341 1 2047 2047: 
1342 2 2047 2046: 
1343 1 2047 2047: 
1344 64 2047 1984: 
1345 1 2047 2047: 
1346 2 2047 2046: 
1347 1 2047 2047: 
1348 4 2047 2044: 
1349 1 2047 2047: 
1350 2 2047 2046: 
1351 1 2047 2047: 
1352 8 2047 2040: 
1353 1 2047 2047: 
1354 2 2047 2046: 
1355 1 2047 2047: 
1356 4 2047 2044: 
1357 1 2047 2047: 
1358 2 2047 2046: 
1359 1 2047 2047: 
1360 16 2047 2032: 
1361 1 2047 2047: 
1362 2 2047 2046: 
1363 1 2047 2047: 
1364 4 2047 2044: 
1365 1 2047 2047: 
1366 2 2047 2046: 
1367 1 2047 2047: 
1368 8 2047 2040: 
1369 1 2047 2047: 
1370 2 2047 2046: 
1371 1 2047 2047: 
1372 4 2047 2044: 
1373 1 2047 2047: 
1374 2 2047 2046: 
1375 1 2047 2047: 
1376 32 2047 2016: 
1377 1 2047 2047: 
1378 2 2047 2046: 
1379 1 2047 2047: 
1380 4 2047 2044: 
1381 1 2047 2047: 
1382 2 2047 2046: 
1383 1 2047 2047: 
1384 8 2047 2040: 
1385 1 2047 2047: 
1386 2 2047 2046: 
1387 1 2047 2047: 
1388 4 2047 2044: 
1389 1 2047 2047: 
1390 2 2047 2046: 
1391 1 2047 2047: 
1392 16 2047 2032: 
1393 1 2047 2047: 
1394 2 2047 2046: 
1395 1 2047 2047: 
1396 4 2047 2044: 
1397 1 2047 2047: 
1398 2 2047 2046: 
1399 1 2047 2047: 
1400 8 2047 2040: 
1401 1 2047 2047: 
1402 2 2047 2046: 
1403 1 2047 2047: 
1404 4 2047 2044: 
1405 1 2047 2047: 
1406 2 2047 2046: 
1407 1 2047 2047: 
1408 128 2047 1920: 
1409 1 2047 2047: 
1410 2 2047 2046: 
1411 1 2047 2047: 
1412 4 2047 2044: 
1413 1 2047 2047: 
1414 2 2047 2046: 
1415 1 2047 2047: 
1416 8 2047 2040: 
1417 1 2047 2047: 
1418 2 2047 2046: 
1419 1 2047 2047: 
1420 4 2047 2044: 
1421 1 2047 2047: 
1422 2 2047 2046: 
1423 1 2047 2047: 
1424 16 2047 2032: 
1425 1 2047 2047: 
1426 2 2047 2046: 
1427 1 2047 2047: 
1428 4 2047 2044: 
1429 1 2047 2047: 
1430 2 2047 2046: 
1431 1 2047 2047: 
1432 8 2047 2040: 
1433 1 2047 2047: 
1434 2 2047 2046: 
1435 1 2047 2047: 
1436 4 2047 2044: 
1437 1 2047 2047: 
1438 2 2047 2046: 
1439 1 2047 2047: 
1440 32 2047 2016: 
1441 1 2047 2047: 
1442 2 2047 2046: 
1443 1 2047 2047: 
1444 4 2047 2044: 
1445 1 2047 2047: 
1446 2 2047 2046: 
1447 1 2047 2047: 
1448 8 2047 2040: 
1449 1 2047 2047: 
1450 2 2047 2046: 
1451 1 2047 2047: 
1452 4 2047 2044: 
1453 1 2047 2047: 
1454 2 2047 2046: 
1455 1 2047 2047: 
1456 16 2047 2032: 
1457 1 2047 2047: 
1458 2 2047 2046: 
1459 1 2047 2047: 
1460 4 2047 2044: 
1461 1 2047 2047: 
1462 2 2047 2046: 
1463 1 2047 2047: 
1464 8 2047 2040: 
1465 1 2047 2047: 
1466 2 2047 2046: 
1467 1 2047 2047: 
1468 4 2047 2044: 
1469 1 2047 2047: 
1470 2 2047 2046: 
1471 1 2047 2047: 
1472 64 2047 1984: 
1473 1 2047 2047: 
1474 2 2047 2046: 
1475 1 2047 2047: 
1476 4 2047 2044: 
1477 1 2047 2047: 
1478 2 2047 2046: 
1479 1 2047 2047: 
1480 8 2047 2040: 
1481 1 2047 2047: 
1482 2 2047 2046: 
1483 1 2047 2047: 
1484 4 2047 2044: 
1485 1 2047 2047: 
1486 2 2047 2046: 
1487 1 2047 2047: 
1488 16 2047 2032: 
1489 1 2047 2047: 
1490 2 2047 2046: 
1491 1 2047 2047: 
1492 4 2047 2044: 
1493 1 2047 2047: 
1494 2 2047 2046: 
1495 1 2047 2047: 
1496 8 2047 2040: 
1497 1 2047 2047: 
1498 2 2047 2046: 
1499 1 2047 2047: 
1500 4 2047 2044: 
1501 1 2047 2047: 
1502 2 2047 2046: 
1503 1 2047 2047: 
1504 32 2047 2016: 
1505 1 2047 2047: 
1506 2 2047 2046: 
1507 1 2047 2047: 
1508 4 2047 2044: 
1509 1 2047 2047: 
1510 2 2047 2046: 
1511 1 2047 2047: 
1512 8 2047 2040: 
1513 1 2047 2047: 
1514 2 2047 2046: 
1515 1 2047 2047: 
1516 4 2047 2044: 
1517 1 2047 2047: 
1518 2 2047 2046: 
1519 1 2047 2047: 
1520 16 2047 2032: 
1521 1 2047 2047: 
1522 2 2047 2046: 
1523 1 2047 2047: 
1524 4 2047 2044: 
1525 1 2047 2047: 
1526 2 2047 2046: 
1527 1 2047 2047: 
1528 8 2047 2040: 
1529 1 2047 2047: 
1530 2 2047 2046: 
1531 1 2047 2047: 
1532 4 2047 2044: 
1533 1 2047 2047: 
1534 2 2047 2046: 
1535 1 2047 2047: 
1536 512 2047 1536: 
1537 1 2047 2047: 
1538 2 2047 2046: 
1539 1 2047 2047: 
1540 4 2047 2044: 
1541 1 2047 2047: 
1542 2 2047 2046: 
1543 1 2047 2047: 
1544 8 2047 2040: 
1545 1 2047 2047: 
1546 2 2047 2046: 
1547 1 2047 2047: 
1548 4 2047 2044: 
1549 1 2047 2047: 
1550 2 2047 2046: 
1551 1 2047 2047: 
1552 16 2047 2032: 
1553 1 2047 2047: 
1554 2 2047 2046: 
1555 1 2047 2047: 
1556 4 2047 2044: 
1557 1 2047 2047: 
1558 2 2047 2046: 
1559 1 2047 2047: 
1560 8 2047 2040: 
1561 1 2047 2047: 
1562 2 2047 2046: 
1563 1 2047 2047: 
1564 4 2047 2044: 
1565 1 2047 2047: 
1566 2 2047 2046: 
1567 1 2047 2047: 
1568 32 2047 2016: 
1569 1 2047 2047: 
1570 2 2047 2046: 
1571 1 2047 2047: 
1572 4 2047 2044: 
1573 1 2047 2047: 
1574 2 2047 2046: 
1575 1 2047 2047: 
1576 8 2047 2040: 
1577 1 2047 2047: 
1578 2 2047 2046: 
1579 1 2047 2047: 
1580 4 2047 2044: 
1581 1 2047 2047: 
1582 2 2047 2046: 
1583 1 2047 2047: 
1584 16 2047 2032: 
1585 1 2047 2047: 
1586 2 2047 2046: 
1587 1 2047 2047: 
1588 4 2047 2044: 
1589 1 2047 2047: 
1590 2 2047 2046: 
1591 1 2047 2047: 
1592 8 2047 2040: 
1593 1 2047 2047: 
1594 2 2047 2046: 
1595 1 2047 2047: 
1596 4 2047 2044: 
1597 1 2047 2047: 
1598 2 2047 2046: 
1599 1 2047 2047: 
1600 64 2047 1984: 
1601 1 2047 2047: 
1602 2 2047 2046: 
1603 1 2047 2047: 
1604 4 2047 2044: 
1605 1 2047 2047: 
1606 2 2047 2046: 
1607 1 2047 2047: 
1608 8 2047 2040: 
1609 1 2047 2047: 
1610 2 2047 2046: 
1611 1 2047 2047: 
1612 4 2047 2044: 
1613 1 2047 2047: 
1614 2 2047 2046: 
1615 1 2047 2047: 
1616 16 2047 2032: 
1617 1 2047 2047: 
1618 2 2047 2046: 
1619 1 2047 2047: 
1620 4 2047 2044: 
1621 1 2047 2047: 
1622 2 2047 2046: 
1623 1 2047 2047: 
1624 8 2047 2040: 
1625 1 2047 2047: 
1626 2 2047 2046: 
1627 1 2047 2047: 
1628 4 2047 2044: 
1629 1 2047 2047: 
1630 2 2047 2046: 
1631 1 2047 2047: 
1632 32 2047 2016: 
1633 1 2047 2047: 
1634 2 2047 2046: 
1635 1 2047 2047: 
1636 4 2047 2044: 
1637 1 2047 2047: 
1638 2 2047 2046: 
1639 1 2047 2047: 
1640 8 2047 2040: 
1641 1 2047 2047: 
1642 2 2047 2046: 
1643 1 2047 2047: 
1644 4 2047 2044: 
1645 1 2047 2047: 
1646 2 2047 2046: 
1647 1 2047 2047: 
1648 16 2047 2032: 
1649 1 2047 2047: 
1650 2 2047 2046: 
1651 1 2047 2047: 
1652 4 2047 2044: 
1653 1 2047 2047: 
1654 2 2047 2046: 
1655 1 2047 2047: 
1656 8 2047 2040: 
1657 1 2047 2047: 
1658 2 2047 2046: 
1659 1 2047 2047: 
1660 4 2047 2044: 
1661 1 2047 2047: 
1662 2 2047 2046: 
1663 1 2047 2047: 
1664 128 2047 1920: 
1665 1 2047 2047: 
1666 2 2047 2046: 
1667 1 2047 2047: 
1668 4 2047 2044: 
1669 1 2047 2047: 
1670 2 2047 2046: 
1671 1 2047 2047: 
1672 8 2047 2040: 
1673 1 2047 2047: 
1674 2 2047 2046: 
1675 1 2047 2047: 
1676 4 2047 2044: 
1677 1 2047 2047: 
1678 2 2047 2046: 
1679 1 2047 2047: 
1680 16 2047 2032: 
1681 1 2047 2047: 
1682 2 2047 2046: 
1683 1 2047 2047: 
1684 4 2047 2044: 
1685 1 2047 2047: 
1686 2 2047 2046: 
1687 1 2047 2047: 
1688 8 2047 2040: 
1689 1 2047 2047: 
1690 2 2047 2046: 
1691 1 2047 2047: 
1692 4 2047 2044: 
1693 1 2047 2047: 
1694 2 2047 2046: 
1695 1 2047 2047: 
1696 32 2047 2016: 
1697 1 2047 2047: 
1698 2 2047 2046: 
1699 1 2047 2047: 
1700 4 2047 2044: 
1701 1 2047 2047: 
1702 2 2047 2046: 
1703 1 2047 2047: 
1704 8 2047 2040: 
1705 1 2047 2047: 
1706 2 2047 2046: 
1707 1 2047 2047: 
1708 4 2047 2044: 
1709 1 2047 2047: 
1710 2 2047 2046: 
1711 1 2047 2047: 
1712 16 2047 2032: 
1713 1 2047 2047: 
1714 2 2047 2046: 
1715 1 2047 2047: 
1716 4 2047 2044: 
1717 1 2047 2047: 
1718 2 2047 2046: 
1719 1 2047 2047: 
1720 8 2047 2040: 
1721 1 2047 2047: 
1722 2 2047 2046: 
1723 1 2047 2047: 
1724 4 2047 2044: 
1725 1 2047 2047: 
1726 2 2047 2046: 
1727 1 2047 2047: 
1728 64 2047 1984: 
1729 1 2047 2047: 
1730 2 2047 2046: 
1731 1 2047 2047: 
1732 4 2047 2044: 
1733 1 2047 2047: 
1734 2 2047 2046: 
1735 1 2047 2047: 
1736 8 2047 2040: 
1737 1 2047 2047: 
1738 2 2047 2046: 
1739 1 2047 2047: 
1740 4 2047 2044: 
1741 1 2047 2047: 
1742 2 2047 2046: 
1743 1 2047 2047: 
1744 16 2047 2032: 
1745 1 2047 2047: 
1746 2 2047 2046: 
1747 1 2047 2047: 
1748 4 2047 2044: 
1749 1 2047 2047: 
1750 2 2047 2046: 
1751 1 2047 2047: 
1752 8 2047 2040: 
1753 1 2047 2047: 
1754 2 2047 2046: 
1755 1 2047 2047: 
1756 4 2047 2044: 
1757 1 2047 2047: 
1758 2 2047 2046: 
1759 1 2047 2047: 
1760 32 2047 2016: 
1761 1 2047 2047: 
1762 2 2047 2046: 
1763 1 2047 2047: 
1764 4 2047 2044: 
1765 1 2047 2047: 
1766 2 2047 2046: 
1767 1 2047 2047: 
1768 8 2047 2040: 
1769 1 2047 2047: 
1770 2 2047 2046: 
1771 1 2047 2047: 
1772 4 2047 2044: 
1773 1 2047 2047: 
1774 2 2047 2046: 
1775 1 2047 2047: 
1776 16 2047 2032: 
1777 1 2047 2047: 
1778 2 2047 2046: 
1779 1 2047 2047: 
1780 4 2047 2044: 
1781 1 2047 2047: 
1782 2 2047 2046: 
1783 1 2047 2047: 
1784 8 2047 2040: 
1785 1 2047 2047: 
1786 2 2047 2046: 
1787 1 2047 2047: 
1788 4 2047 2044: 
1789 1 2047 2047: 
1790 2 2047 2046: 
1791 1 2047 2047: 
1792 256 2047 1792: 
1793 1 2047 2047: 
1794 2 2047 2046: 
1795 1 2047 2047: 
1796 4 2047 2044: 
1797 1 2047 2047: 
1798 2 2047 2046: 
1799 1 2047 2047: 
1800 8 2047 2040: 
1801 1 2047 2047: 
1802 2 2047 2046: 
1803 1 2047 2047: 
1804 4 2047 2044: 
1805 1 2047 2047: 
1806 2 2047 2046: 
1807 1 2047 2047: 
1808 16 2047 2032: 
1809 1 2047 2047: 
1810 2 2047 2046: 
1811 1 2047 2047: 
1812 4 2047 2044: 
1813 1 2047 2047: 
1814 2 2047 2046: 
1815 1 2047 2047: 
1816 8 2047 2040: 
1817 1 2047 2047: 
1818 2 2047 2046: 
1819 1 2047 2047: 
1820 4 2047 2044: 
1821 1 2047 2047: 
1822 2 2047 2046: 
1823 1 2047 2047: 
1824 32 2047 2016: 
1825 1 2047 2047: 
1826 2 2047 2046: 
1827 1 2047 2047: 
1828 4 2047 2044: 
1829 1 2047 2047: 
1830 2 2047 2046: 
1831 1 2047 2047: 
1832 8 2047 2040: 
1833 1 2047 2047: 
1834 2 2047 2046: 
1835 1 2047 2047: 
1836 4 2047 2044: 
1837 1 2047 2047: 
1838 2 2047 2046: 
1839 1 2047 2047: 
1840 16 2047 2032: 
1841 1 2047 2047: 
1842 2 2047 2046: 
1843 1 2047 2047: 
1844 4 2047 2044: 
1845 1 2047 2047: 
1846 2 2047 2046: 
1847 1 2047 2047: 
1848 8 2047 2040: 
1849 1 2047 2047: 
1850 2 2047 2046: 
1851 1 2047 2047: 
1852 4 2047 2044: 
1853 1 2047 2047: 
1854 2 2047 2046: 
1855 1 2047 2047: 
1856 64 2047 1984: 
1857 1 2047 2047: 
1858 2 2047 2046: 
1859 1 2047 2047: 
1860 4 2047 2044: 
1861 1 2047 2047: 
1862 2 2047 2046: 
1863 1 2047 2047: 
1864 8 2047 2040: 
1865 1 2047 2047: 
1866 2 2047 2046: 
1867 1 2047 2047: 
1868 4 2047 2044: 
1869 1 2047 2047: 
1870 2 2047 2046: 
1871 1 2047 2047: 
1872 16 2047 2032: 
1873 1 2047 2047: 
1874 2 2047 2046: 
1875 1 2047 2047: 
1876 4 2047 2044: 
1877 1 2047 2047: 
1878 2 2047 2046: 
1879 1 2047 2047: 
1880 8 2047 2040: 
1881 1 2047 2047: 
1882 2 2047 2046: 
1883 1 2047 2047: 
1884 4 2047 2044: 
1885 1 2047 2047: 
1886 2 2047 2046: 
1887 1 2047 2047: 
1888 32 2047 2016: 
1889 1 2047 2047: 
1890 2 2047 2046: 
1891 1 2047 2047: 
1892 4 2047 2044: 
1893 1 2047 2047: 
1894 2 2047 2046: 
1895 1 2047 2047: 
1896 8 2047 2040: 
1897 1 2047 2047: 
1898 2 2047 2046: 
1899 1 2047 2047: 
1900 4 2047 2044: 
1901 1 2047 2047: 
1902 2 2047 2046: 
1903 1 2047 2047: 
1904 16 2047 2032: 
1905 1 2047 2047: 
1906 2 2047 2046: 
1907 1 2047 2047: 
1908 4 2047 2044: 
1909 1 2047 2047: 
1910 2 2047 2046: 
1911 1 2047 2047: 
1912 8 2047 2040: 
1913 1 2047 2047: 
1914 2 2047 2046: 
1915 1 2047 2047: 
1916 4 2047 2044: 
1917 1 2047 2047: 
1918 2 2047 2046: 
1919 1 2047 2047: 
1920 128 2047 1920: 
1921 1 2047 2047: 
1922 2 2047 2046: 
1923 1 2047 2047: 
1924 4 2047 2044: 
1925 1 2047 2047: 
1926 2 2047 2046: 
1927 1 2047 2047: 
1928 8 2047 2040: 
1929 1 2047 2047: 
1930 2 2047 2046: 
1931 1 2047 2047: 
1932 4 2047 2044: 
1933 1 2047 2047: 
1934 2 2047 2046: 
1935 1 2047 2047: 
1936 16 2047 2032: 
1937 1 2047 2047: 
1938 2 2047 2046: 
1939 1 2047 2047: 
1940 4 2047 2044: 
1941 1 2047 2047: 
1942 2 2047 2046: 
1943 1 2047 2047: 
1944 8 2047 2040: 
1945 1 2047 2047: 
1946 2 2047 2046: 
1947 1 2047 2047: 
1948 4 2047 2044: 
1949 1 2047 2047: 
1950 2 2047 2046: 
1951 1 2047 2047: 
1952 32 2047 2016: 
1953 1 2047 2047: 
1954 2 2047 2046: 
1955 1 2047 2047: 
1956 4 2047 2044: 
1957 1 2047 2047: 
1958 2 2047 2046: 
1959 1 2047 2047: 
1960 8 2047 2040: 
1961 1 2047 2047: 
1962 2 2047 2046: 
1963 1 2047 2047: 
1964 4 2047 2044: 
1965 1 2047 2047: 
1966 2 2047 2046: 
1967 1 2047 2047: 
1968 16 2047 2032: 
1969 1 2047 2047: 
1970 2 2047 2046: 
1971 1 2047 2047: 
1972 4 2047 2044: 
1973 1 2047 2047: 
1974 2 2047 2046: 
1975 1 2047 2047: 
1976 8 2047 2040: 
1977 1 2047 2047: 
1978 2 2047 2046: 
1979 1 2047 2047: 
1980 4 2047 2044: 
1981 1 2047 2047: 
1982 2 2047 2046: 
1983 1 2047 2047: 
1984 64 2047 1984: 
1985 1 2047 2047: 
1986 2 2047 2046: 
1987 1 2047 2047: 
1988 4 2047 2044: 
1989 1 2047 2047: 
1990 2 2047 2046: 
1991 1 2047 2047: 
1992 8 2047 2040: 
1993 1 2047 2047: 
1994 2 2047 2046: 
1995 1 2047 2047: 
1996 4 2047 2044: 
1997 1 2047 2047: 
1998 2 2047 2046: 
1999 1 2047 2047: 
2000 16 2047 2032: 
2001 1 2047 2047: 
2002 2 2047 2046: 
2003 1 2047 2047: 
2004 4 2047 2044: 
2005 1 2047 2047: 
2006 2 2047 2046: 
2007 1 2047 2047: 
2008 8 2047 2040: 
2009 1 2047 2047: 
2010 2 2047 2046: 
2011 1 2047 2047: 
2012 4 2047 2044: 
2013 1 2047 2047: 
2014 2 2047 2046: 
2015 1 2047 2047: 
2016 32 2047 2016: 
2017 1 2047 2047: 
2018 2 2047 2046: 
2019 1 2047 2047: 
2020 4 2047 2044: 
2021 1 2047 2047: 
2022 2 2047 2046: 
2023 1 2047 2047: 
2024 8 2047 2040: 
2025 1 2047 2047: 
2026 2 2047 2046: 
2027 1 2047 2047: 
2028 4 2047 2044: 
2029 1 2047 2047: 
2030 2 2047 2046: 
2031 1 2047 2047: 
2032 16 2047 2032: 
2033 1 2047 2047: 
2034 2 2047 2046: 
2035 1 2047 2047: 
2036 4 2047 2044: 
2037 1 2047 2047: 
2038 2 2047 2046: 
2039 1 2047 2047: 
2040 8 2047 2040: 
2041 1 2047 2047: 
2042 2 2047 2046: 
2043 1 2047 2047: 
2044 4 2047 2044: 
2045 1 2047 2047: 
2046 2 2047 2046: 
2047 1 2047 2047: 
2048 2048 4095 2048: 
2049 1 4095 4095: 
2050 2 4095 4094: 
2051 1 4095 4095: 
2052 4 4095 4092: 
2053 1 4095 4095: 
2054 2 4095 4094: 
2055 1 4095 4095: 
2056 8 4095 4088: 
2057 1 4095 4095: 
2058 2 4095 4094: 
2059 1 4095 4095: 
2060 4 4095 4092: 
2061 1 4095 4095: 
2062 2 4095 4094: 
2063 1 4095 4095: 
2064 16 4095 4080: 
2065 1 4095 4095: 
2066 2 4095 4094: 
2067 1 4095 4095: 
2068 4 4095 4092: 
2069 1 4095 4095: 
2070 2 4095 4094: 
2071 1 4095 4095: 
2072 8 4095 4088: 
2073 1 4095 4095: 
2074 2 4095 4094: 
2075 1 4095 4095: 
2076 4 4095 4092: 
2077 1 4095 4095: 
2078 2 4095 4094: 
2079 1 4095 4095: 
2080 32 4095 4064: 
2081 1 4095 4095: 
2082 2 4095 4094: 
2083 1 4095 4095: 
2084 4 4095 4092: 
2085 1 4095 4095: 
2086 2 4095 4094: 
2087 1 4095 4095: 
2088 8 4095 4088: 
2089 1 4095 4095: 
2090 2 4095 4094: 
2091 1 4095 4095: 
2092 4 4095 4092: 
2093 1 4095 4095: 
2094 2 4095 4094: 
2095 1 4095 4095: 
2096 16 4095 4080: 
2097 1 4095 4095: 
2098 2 4095 4094: 
2099 1 4095 4095: 
2100 4 4095 4092: 
2101 1 4095 4095: 
2102 2 4095 4094: 
2103 1 4095 4095: 
2104 8 4095 4088: 
2105 1 4095 4095: 
2106 2 4095 4094: 
2107 1 4095 4095: 
2108 4 4095 4092: 
2109 1 4095 4095: 
2110 2 4095 4094: 
2111 1 4095 4095: 
2112 64 4095 4032: 
2113 1 4095 4095: 
2114 2 4095 4094: 
2115 1 4095 4095: 
2116 4 4095 4092: 
2117 1 4095 4095: 
2118 2 4095 4094: 
2119 1 4095 4095: 
2120 8 4095 4088: 
2121 1 4095 4095: 
2122 2 4095 4094: 
2123 1 4095 4095: 
2124 4 4095 4092: 
2125 1 4095 4095: 
2126 2 4095 4094: 
2127 1 4095 4095: 
2128 16 4095 4080: 
2129 1 4095 4095: 
2130 2 4095 4094: 
2131 1 4095 4095: 
2132 4 4095 4092: 
2133 1 4095 4095: 
2134 2 4095 4094: 
2135 1 4095 4095: 
2136 8 4095 4088: 
2137 1 4095 4095: 
2138 2 4095 4094: 
2139 1 4095 4095: 
2140 4 4095 4092: 
2141 1 4095 4095: 
2142 2 4095 4094: 
2143 1 4095 4095: 
2144 32 4095 4064: 
2145 1 4095 4095: 
2146 2 4095 4094: 
2147 1 4095 4095: 
2148 4 4095 4092: 
2149 1 4095 4095: 
2150 2 4095 4094: 
2151 1 4095 4095: 
2152 8 4095 4088: 
2153 1 4095 4095: 
2154 2 4095 4094: 
2155 1 4095 4095: 
2156 4 4095 4092: 
2157 1 4095 4095: 
2158 2 4095 4094: 
2159 1 4095 4095: 
2160 16 4095 4080: 
2161 1 4095 4095: 
2162 2 4095 4094: 
2163 1 4095 4095: 
2164 4 4095 4092: 
2165 1 4095 4095: 
2166 2 4095 4094: 
2167 1 4095 4095: 
2168 8 4095 4088: 
2169 1 4095 4095: 
2170 2 4095 4094: 
2171 1 4095 4095: 
2172 4 4095 4092: 
2173 1 4095 4095: 
2174 2 4095 4094: 
2175 1 4095 4095: 
2176 128 4095 3968: 
2177 1 4095 4095: 
2178 2 4095 4094: 
2179 1 4095 4095: 
2180 4 4095 4092: 
2181 1 4095 4095: 
2182 2 4095 4094: 
2183 1 4095 4095: 
2184 8 4095 4088: 
2185 1 4095 4095: 
2186 2 4095 4094: 
2187 1 4095 4095: 
2188 4 4095 4092: 
2189 1 4095 4095: 
2190 2 4095 4094: 
2191 1 4095 4095: 
2192 16 4095 4080: 
2193 1 4095 4095: 
2194 2 4095 4094: 
2195 1 4095 4095: 
2196 4 4095 4092: 
2197 1 4095 4095: 
2198 2 4095 4094: 
2199 1 4095 4095: 
2200 8 4095 4088: 
2201 1 4095 4095: 
2202 2 4095 4094: 
2203 1 4095 4095: 
2204 4 4095 4092: 
2205 1 4095 4095: 
2206 2 4095 4094: 
2207 1 4095 4095: 
2208 32 4095 4064: 
2209 1 4095 4095: 
2210 2 4095 4094: 
2211 1 4095 4095: 
2212 4 4095 4092: 
2213 1 4095 4095: 
2214 2 4095 4094: 
2215 1 4095 4095: 
2216 8 4095 4088: 
2217 1 4095 4095: 
2218 2 4095 4094: 
2219 1 4095 4095: 
2220 4 4095 4092: 
2221 1 4095 4095: 
2222 2 4095 4094: 
2223 1 4095 4095: 
2224 16 4095 4080: 
2225 1 4095 4095: 
2226 2 4095 4094: 
2227 1 4095 4095: 
2228 4 4095 4092: 
2229 1 4095 4095: 
2230 2 4095 4094: 
2231 1 4095 4095: 
2232 8 4095 4088: 
2233 1 4095 4095: 
2234 2 4095 4094: 
2235 1 4095 4095: 
2236 4 4095 4092: 
2237 1 4095 4095: 
2238 2 4095 4094: 
2239 1 4095 4095: 
2240 64 4095 4032: 
2241 1 4095 4095: 
2242 2 4095 4094: 
2243 1 4095 4095: 
2244 4 4095 4092: 
2245 1 4095 4095: 
2246 2 4095 4094: 
2247 1 4095 4095: 
2248 8 4095 4088: 
2249 1 4095 4095: 
2250 2 4095 4094: 
2251 1 4095 4095: 
2252 4 4095 4092: 
2253 1 4095 4095: 
2254 2 4095 4094: 
2255 1 4095 4095: 
2256 16 4095 4080: 
2257 1 4095 4095: 
2258 2 4095 4094: 
2259 1 4095 4095: 
2260 4 4095 4092: 
2261 1 4095 4095: 
2262 2 4095 4094: 
2263 1 4095 4095: 
2264 8 4095 4088: 
2265 1 4095 4095: 
2266 2 4095 4094: 
2267 1 4095 4095: 
2268 4 4095 4092: 
2269 1 4095 4095: 
2270 2 4095 4094: 
2271 1 4095 4095: 
2272 32 4095 4064: 
2273 1 4095 4095: 
2274 2 4095 4094: 
2275 1 4095 4095: 
2276 4 4095 4092: 
2277 1 4095 4095: 
2278 2 4095 4094: 
2279 1 4095 4095: 
2280 8 4095 4088: 
2281 1 4095 4095: 
2282 2 4095 4094: 
2283 1 4095 4095: 
2284 4 4095 4092: 
2285 1 4095 4095: 
2286 2 4095 4094: 
2287 1 4095 4095: 
2288 16 4095 4080: 
2289 1 4095 4095: 
2290 2 4095 4094: 
2291 1 4095 4095: 
2292 4 4095 4092: 
2293 1 4095 4095: 
2294 2 4095 4094: 
2295 1 4095 4095: 
2296 8 4095 4088: 
2297 1 4095 4095: 
2298 2 4095 4094: 
2299 1 4095 4095: 
2300 4 4095 4092: 
2301 1 4095 4095: 
2302 2 4095 4094: 
2303 1 4095 4095: 
2304 256 4095 3840: 
2305 1 4095 4095: 
2306 2 4095 4094: 
2307 1 4095 4095: 
2308 4 4095 4092: 
2309 1 4095 4095: 
2310 2 4095 4094: 
2311 1 4095 4095: 
2312 8 4095 4088: 
2313 1 4095 4095: 
2314 2 4095 4094: 
2315 1 4095 4095: 
2316 4 4095 4092: 
2317 1 4095 4095: 
2318 2 4095 4094: 
2319 1 4095 4095: 
2320 16 4095 4080: 
2321 1 4095 4095: 
2322 2 4095 4094: 
2323 1 4095 4095: 
2324 4 4095 4092: 
2325 1 4095 4095: 
2326 2 4095 4094: 
2327 1 4095 4095: 
2328 8 4095 4088: 
2329 1 4095 4095: 
2330 2 4095 4094: 
2331 1 4095 4095: 
2332 4 4095 4092: 
2333 1 4095 4095: 
2334 2 4095 4094: 
2335 1 4095 4095: 
2336 32 4095 4064: 
2337 1 4095 4095: 
2338 2 4095 4094: 
2339 1 4095 4095: 
2340 4 4095 4092: 
2341 1 4095 4095: 
2342 2 4095 4094: 
2343 1 4095 4095: 
2344 8 4095 4088: 
2345 1 4095 4095: 
2346 2 4095 4094: 
2347 1 4095 4095: 
2348 4 4095 4092: 
2349 1 4095 4095: 
2350 2 4095 4094: 
2351 1 4095 4095: 
2352 16 4095 4080: 
2353 1 4095 4095: 
2354 2 4095 4094: 
2355 1 4095 4095: 
2356 4 4095 4092: 
2357 1 4095 4095: 
2358 2 4095 4094: 
2359 1 4095 4095: 
2360 8 4095 4088: 
2361 1 4095 4095: 
2362 2 4095 4094: 
2363 1 4095 4095: 
2364 4 4095 4092: 
2365 1 4095 4095: 
2366 2 4095 4094: 
2367 1 4095 4095: 
2368 64 4095 4032: 
2369 1 4095 4095: 
2370 2 4095 4094: 
2371 1 4095 4095: 
2372 4 4095 4092: 
2373 1 4095 4095: 
2374 2 4095 4094: 
2375 1 4095 4095: 
2376 8 4095 4088: 
2377 1 4095 4095: 
2378 2 4095 4094: 
2379 1 4095 4095: 
2380 4 4095 4092: 
2381 1 4095 4095: 
2382 2 4095 4094: 
2383 1 4095 4095: 
2384 16 4095 4080: 
2385 1 4095 4095: 
2386 2 4095 4094: 
2387 1 4095 4095: 
2388 4 4095 4092: 
2389 1 4095 4095: 
2390 2 4095 4094: 
2391 1 4095 4095: 
2392 8 4095 4088: 
2393 1 4095 4095: 
2394 2 4095 4094: 
2395 1 4095 4095: 
2396 4 4095 4092: 
2397 1 4095 4095: 
2398 2 4095 4094: 
2399 1 4095 4095: 
2400 32 4095 4064: 
2401 1 4095 4095: 
2402 2 4095 4094: 
2403 1 4095 4095: 
2404 4 4095 4092: 
2405 1 4095 4095: 
2406 2 4095 4094: 
2407 1 4095 4095: 
2408 8 4095 4088: 
2409 1 4095 4095: 
2410 2 4095 4094: 
2411 1 4095 4095: 
2412 4 4095 4092: 
2413 1 4095 4095: 
2414 2 4095 4094: 
2415 1 4095 4095: 
2416 16 4095 4080: 
2417 1 4095 4095: 
2418 2 4095 4094: 
2419 1 4095 4095: 
2420 4 4095 4092: 
2421 1 4095 4095: 
2422 2 4095 4094: 
2423 1 4095 4095: 
2424 8 4095 4088: 
2425 1 4095 4095: 
2426 2 4095 4094: 
2427 1 4095 4095: 
2428 4 4095 4092: 
2429 1 4095 4095: 
2430 2 4095 4094: 
2431 1 4095 4095: 
2432 128 4095 3968: 
2433 1 4095 4095: 
2434 2 4095 4094: 
2435 1 4095 4095: 
2436 4 4095 4092: 
2437 1 4095 4095: 
2438 2 4095 4094: 
2439 1 4095 4095: 
2440 8 4095 4088: 
2441 1 4095 4095: 
2442 2 4095 4094: 
2443 1 4095 4095: 
2444 4 4095 4092: 
2445 1 4095 4095: 
2446 2 4095 4094: 
2447 1 4095 4095: 
2448 16 4095 4080: 
2449 1 4095 4095: 
2450 2 4095 4094: 
2451 1 4095 4095: 
2452 4 4095 4092: 
2453 1 4095 4095: 
2454 2 4095 4094: 
2455 1 4095 4095: 
2456 8 4095 4088: 
2457 1 4095 4095: 
2458 2 4095 4094: 
2459 1 4095 4095: 
2460 4 4095 4092: 
2461 1 4095 4095: 
2462 2 4095 4094: 
2463 1 4095 4095: 
2464 32 4095 4064: 
2465 1 4095 4095: 
2466 2 4095 4094: 
2467 1 4095 4095: 
2468 4 4095 4092: 
2469 1 4095 4095: 
2470 2 4095 4094: 
2471 1 4095 4095: 
2472 8 4095 4088: 
2473 1 4095 4095: 
2474 2 4095 4094: 
2475 1 4095 4095: 
2476 4 4095 4092: 
2477 1 4095 4095: 
2478 2 4095 4094: 
2479 1 4095 4095: 
2480 16 4095 4080: 
2481 1 4095 4095: 
2482 2 4095 4094: 
2483 1 4095 4095: 
2484 4 4095 4092: 
2485 1 4095 4095: 
2486 2 4095 4094: 
2487 1 4095 4095: 
2488 8 4095 4088: 
2489 1 4095 4095: 
2490 2 4095 4094: 
2491 1 4095 4095: 
2492 4 4095 4092: 
2493 1 4095 4095: 
2494 2 4095 4094: 
2495 1 4095 4095: 
2496 64 4095 4032: 
2497 1 4095 4095: 
2498 2 4095 4094: 
2499 1 4095 4095: 
2500 4 4095 4092: 
2501 1 4095 4095: 
2502 2 4095 4094: 
2503 1 4095 4095: 
2504 8 4095 4088: 
2505 1 4095 4095: 
2506 2 4095 4094: 
2507 1 4095 4095: 
2508 4 4095 4092: 
2509 1 4095 4095: 
2510 2 4095 4094: 
2511 1 4095 4095: 
2512 16 4095 4080: 
2513 1 4095 4095: 
2514 2 4095 4094: 
2515 1 4095 4095: 
2516 4 4095 4092: 
2517 1 4095 4095: 
2518 2 4095 4094: 
2519 1 4095 4095: 
2520 8 4095 4088: 
2521 1 4095 4095: 
2522 2 4095 4094: 
2523 1 4095 4095: 
2524 4 4095 4092: 
2525 1 4095 4095: 
2526 2 4095 4094: 
2527 1 4095 4095: 
2528 32 4095 4064: 
2529 1 4095 4095: 
2530 2 4095 4094: 
2531 1 4095 4095: 
2532 4 4095 4092: 
2533 1 4095 4095: 
2534 2 4095 4094: 
2535 1 4095 4095: 
2536 8 4095 4088: 
2537 1 4095 4095: 
2538 2 4095 4094: 
2539 1 4095 4095: 
2540 4 4095 4092: 
2541 1 4095 4095: 
2542 2 4095 4094: 
2543 1 4095 4095: 
2544 16 4095 4080: 
2545 1 4095 4095: 
2546 2 4095 4094: 
2547 1 4095 4095: 
2548 4 4095 4092: 
2549 1 4095 4095: 
2550 2 4095 4094: 
2551 1 4095 4095: 
2552 8 4095 4088: 
2553 1 4095 4095: 
2554 2 4095 4094: 
2555 1 4095 4095: 
2556 4 4095 4092: 
2557 1 4095 4095: 
2558 2 4095 4094: 
2559 1 4095 4095: 
2560 512 4095 3584: 
2561 1 4095 4095: 
2562 2 4095 4094: 
2563 1 4095 4095: 
2564 4 4095 4092: 
2565 1 4095 4095: 
2566 2 4095 4094: 
2567 1 4095 4095: 
2568 8 4095 4088: 
2569 1 4095 4095: 
2570 2 4095 4094: 
2571 1 4095 4095: 
2572 4 4095 4092: 
2573 1 4095 4095: 
2574 2 4095 4094: 
2575 1 4095 4095: 
2576 16 4095 4080: 
2577 1 4095 4095: 
2578 2 4095 4094: 
2579 1 4095 4095: 
2580 4 4095 4092: 
2581 1 4095 4095: 
2582 2 4095 4094: 
2583 1 4095 4095: 
2584 8 4095 4088: 
2585 1 4095 4095: 
2586 2 4095 4094: 
2587 1 4095 4095: 
2588 4 4095 4092: 
2589 1 4095 4095: 
2590 2 4095 4094: 
2591 1 4095 4095: 
2592 32 4095 4064: 
2593 1 4095 4095: 
2594 2 4095 4094: 
2595 1 4095 4095: 
2596 4 4095 4092: 
2597 1 4095 4095: 
2598 2 4095 4094: 
2599 1 4095 4095: 
2600 8 4095 4088: 
2601 1 4095 4095: 
2602 2 4095 4094: 
2603 1 4095 4095: 
2604 4 4095 4092: 
2605 1 4095 4095: 
2606 2 4095 4094: 
2607 1 4095 4095: 
2608 16 4095 4080: 
2609 1 4095 4095: 
2610 2 4095 4094: 
2611 1 4095 4095: 
2612 4 4095 4092: 
2613 1 4095 4095: 
2614 2 4095 4094: 
2615 1 4095 4095: 
2616 8 4095 4088: 
2617 1 4095 4095: 
2618 2 4095 4094: 
2619 1 4095 4095: 
2620 4 4095 4092: 
2621 1 4095 4095: 
2622 2 4095 4094: 
2623 1 4095 4095: 
2624 64 4095 4032: 
2625 1 4095 4095: 
2626 2 4095 4094: 
2627 1 4095 4095: 
2628 4 4095 4092: 
2629 1 4095 4095: 
2630 2 4095 4094: 
2631 1 4095 4095: 
2632 8 4095 4088: 
2633 1 4095 4095: 
2634 2 4095 4094: 
2635 1 4095 4095: 
2636 4 4095 4092: 
2637 1 4095 4095: 
2638 2 4095 4094: 
2639 1 4095 4095: 
2640 16 4095 4080: 
2641 1 4095 4095: 
2642 2 4095 4094: 
2643 1 4095 4095: 
2644 4 4095 4092: 
2645 1 4095 4095: 
2646 2 4095 4094: 
2647 1 4095 4095: 
2648 8 4095 4088: 
2649 1 4095 4095: 
2650 2 4095 4094: 
2651 1 4095 4095: 
2652 4 4095 4092: 
2653 1 4095 4095: 
2654 2 4095 4094: 
2655 1 4095 4095: 
2656 32 4095 4064: 
2657 1 4095 4095: 
2658 2 4095 4094: 
2659 1 4095 4095: 
2660 4 4095 4092: 
2661 1 4095 4095: 
2662 2 4095 4094: 
2663 1 4095 4095: 
2664 8 4095 4088: 
2665 1 4095 4095: 
2666 2 4095 4094: 
2667 1 4095 4095: 
2668 4 4095 4092: 
2669 1 4095 4095: 
2670 2 4095 4094: 
2671 1 4095 4095: 
2672 16 4095 4080: 
2673 1 4095 4095: 
2674 2 4095 4094: 
2675 1 4095 4095: 
2676 4 4095 4092: 
2677 1 4095 4095: 
2678 2 4095 4094: 
2679 1 4095 4095: 
2680 8 4095 4088: 
2681 1 4095 4095: 
2682 2 4095 4094: 
2683 1 4095 4095: 
2684 4 4095 4092: 
2685 1 4095 4095: 
2686 2 4095 4094: 
2687 1 4095 4095: 
2688 128 4095 3968: 
2689 1 4095 4095: 
2690 2 4095 4094: 
2691 1 4095 4095: 
2692 4 4095 4092: 
2693 1 4095 4095: 
2694 2 4095 4094: 
2695 1 4095 4095: 
2696 8 4095 4088: 
2697 1 4095 4095: 
2698 2 4095 4094: 
2699 1 4095 4095: 
2700 4 4095 4092: 
2701 1 4095 4095: 
2702 2 4095 4094: 
2703 1 4095 4095: 
2704 16 4095 4080: 
2705 1 4095 4095: 
2706 2 4095 4094: 
2707 1 4095 4095: 
2708 4 4095 4092: 
2709 1 4095 4095: 
2710 2 4095 4094: 
2711 1 4095 4095: 
2712 8 4095 4088: 
2713 1 4095 4095: 
2714 2 4095 4094: 
2715 1 4095 4095: 
2716 4 4095 4092: 
2717 1 4095 4095: 
2718 2 4095 4094: 
2719 1 4095 4095: 
2720 32 4095 4064: 
2721 1 4095 4095: 
2722 2 4095 4094: 
2723 1 4095 4095: 
2724 4 4095 4092: 
2725 1 4095 4095: 
2726 2 4095 4094: 
2727 1 4095 4095: 
2728 8 4095 4088: 
2729 1 4095 4095: 
2730 2 4095 4094: 
2731 1 4095 4095: 
2732 4 4095 4092: 
2733 1 4095 4095: 
2734 2 4095 4094: 
2735 1 4095 4095: 
2736 16 4095 4080: 
2737 1 4095 4095: 
2738 2 4095 4094: 
2739 1 4095 4095: 
2740 4 4095 4092: 
2741 1 4095 4095: 
2742 2 4095 4094: 
2743 1 4095 4095: 
2744 8 4095 4088: 
2745 1 4095 4095: 
2746 2 4095 4094: 
2747 1 4095 4095: 
2748 4 4095 4092: 
2749 1 4095 4095: 
2750 2 4095 4094: 
2751 1 4095 4095: 
2752 64 4095 4032: 
2753 1 4095 4095: 
2754 2 4095 4094: 
2755 1 4095 4095: 
2756 4 4095 4092: 
2757 1 4095 4095: 
2758 2 4095 4094: 
2759 1 4095 4095: 
2760 8 4095 4088: 
2761 1 4095 4095: 
2762 2 4095 4094: 
2763 1 4095 4095: 
2764 4 4095 4092: 
2765 1 4095 4095: 
2766 2 4095 4094: 
2767 1 4095 4095: 
2768 16 4095 4080: 
2769 1 4095 4095: 
2770 2 4095 4094: 
2771 1 4095 4095: 
2772 4 4095 4092: 
2773 1 4095 4095: 
2774 2 4095 4094: 
2775 1 4095 4095: 
2776 8 4095 4088: 
2777 1 4095 4095: 
2778 2 4095 4094: 
2779 1 4095 4095: 
2780 4 4095 4092: 
2781 1 4095 4095: 
2782 2 4095 4094: 
2783 1 4095 4095: 
2784 32 4095 4064: 
2785 1 4095 4095: 
2786 2 4095 4094: 
2787 1 4095 4095: 
2788 4 4095 4092: 
2789 1 4095 4095: 
2790 2 4095 4094: 
2791 1 4095 4095: 
2792 8 4095 4088: 
2793 1 4095 4095: 
2794 2 4095 4094: 
2795 1 4095 4095: 
2796 4 4095 4092: 
2797 1 4095 4095: 
2798 2 4095 4094: 
2799 1 4095 4095: 
2800 16 4095 4080: 
2801 1 4095 4095: 
2802 2 4095 4094: 
2803 1 4095 4095: 
2804 4 4095 4092: 
2805 1 4095 4095: 
2806 2 4095 4094: 
2807 1 4095 4095: 
2808 8 4095 4088: 
2809 1 4095 4095: 
2810 2 4095 4094: 
2811 1 4095 4095: 
2812 4 4095 4092: 
2813 1 4095 4095: 
2814 2 4095 4094: 
2815 1 4095 4095: 
2816 256 4095 3840: 
2817 1 4095 4095: 
2818 2 4095 4094: 
2819 1 4095 4095: 
2820 4 4095 4092: 
2821 1 4095 4095: 
2822 2 4095 4094: 
2823 1 4095 4095: 
2824 8 4095 4088: 
2825 1 4095 4095: 
2826 2 4095 4094: 
2827 1 4095 4095: 
2828 4 4095 4092: 
2829 1 4095 4095: 
2830 2 4095 4094: 
2831 1 4095 4095: 
2832 16 4095 4080: 
2833 1 4095 4095: 
2834 2 4095 4094: 
2835 1 4095 4095: 
2836 4 4095 4092: 
2837 1 4095 4095: 
2838 2 4095 4094: 
2839 1 4095 4095: 
2840 8 4095 4088: 
2841 1 4095 4095: 
2842 2 4095 4094: 
2843 1 4095 4095: 
2844 4 4095 4092: 
2845 1 4095 4095: 
2846 2 4095 4094: 
2847 1 4095 4095: 
2848 32 4095 4064: 
2849 1 4095 4095: 
2850 2 4095 4094: 
2851 1 4095 4095: 
2852 4 4095 4092: 
2853 1 4095 4095: 
2854 2 4095 4094: 
2855 1 4095 4095: 
2856 8 4095 4088: 
2857 1 4095 4095: 
2858 2 4095 4094: 
2859 1 4095 4095: 
2860 4 4095 4092: 
2861 1 4095 4095: 
2862 2 4095 4094: 
2863 1 4095 4095: 
2864 16 4095 4080: 
2865 1 4095 4095: 
2866 2 4095 4094: 
2867 1 4095 4095: 
2868 4 4095 4092: 
2869 1 4095 4095: 
2870 2 4095 4094: 
2871 1 4095 4095: 
2872 8 4095 4088: 
2873 1 4095 4095: 
2874 2 4095 4094: 
2875 1 4095 4095: 
2876 4 4095 4092: 
2877 1 4095 4095: 
2878 2 4095 4094: 
2879 1 4095 4095: 
2880 64 4095 4032: 
2881 1 4095 4095: 
2882 2 4095 4094: 
2883 1 4095 4095: 
2884 4 4095 4092: 
2885 1 4095 4095: 
2886 2 4095 4094: 
2887 1 4095 4095: 
2888 8 4095 4088: 
2889 1 4095 4095: 
2890 2 4095 4094: 
2891 1 4095 4095: 
2892 4 4095 4092: 
2893 1 4095 4095: 
2894 2 4095 4094: 
2895 1 4095 4095: 
2896 16 4095 4080: 
2897 1 4095 4095: 
2898 2 4095 4094: 
2899 1 4095 4095: 
2900 4 4095 4092: 
2901 1 4095 4095: 
2902 2 4095 4094: 
2903 1 4095 4095: 
2904 8 4095 4088: 
2905 1 4095 4095: 
2906 2 4095 4094: 
2907 1 4095 4095: 
2908 4 4095 4092: 
2909 1 4095 4095: 
2910 2 4095 4094: 
2911 1 4095 4095: 
2912 32 4095 4064: 
2913 1 4095 4095: 
2914 2 4095 4094: 
2915 1 4095 4095: 
2916 4 4095 4092: 
2917 1 4095 4095: 
2918 2 4095 4094: 
2919 1 4095 4095: 
2920 8 4095 4088: 
2921 1 4095 4095: 
2922 2 4095 4094: 
2923 1 4095 4095: 
2924 4 4095 4092: 
2925 1 4095 4095: 
2926 2 4095 4094: 
2927 1 4095 4095: 
2928 16 4095 4080: 
2929 1 4095 4095: 
2930 2 4095 4094: 
2931 1 4095 4095: 
2932 4 4095 4092: 
2933 1 4095 4095: 
2934 2 4095 4094: 
2935 1 4095 4095: 
2936 8 4095 4088: 
2937 1 4095 4095: 
2938 2 4095 4094: 
2939 1 4095 4095: 
2940 4 4095 4092: 
2941 1 4095 4095: 
2942 2 4095 4094: 
2943 1 4095 4095: 
2944 128 4095 3968: 
2945 1 4095 4095: 
2946 2 4095 4094: 
2947 1 4095 4095: 
2948 4 4095 4092: 
2949 1 4095 4095: 
2950 2 4095 4094: 
2951 1 4095 4095: 
2952 8 4095 4088: 
2953 1 4095 4095: 
2954 2 4095 4094: 
2955 1 4095 4095: 
2956 4 4095 4092: 
2957 1 4095 4095: 
2958 2 4095 4094: 
2959 1 4095 4095: 
2960 16 4095 4080: 
2961 1 4095 4095: 
2962 2 4095 4094: 
2963 1 4095 4095: 
2964 4 4095 4092: 
2965 1 4095 4095: 
2966 2 4095 4094: 
2967 1 4095 4095: 
2968 8 4095 4088: 
2969 1 4095 4095: 
2970 2 4095 4094: 
2971 1 4095 4095: 
2972 4 4095 4092: 
2973 1 4095 4095: 
2974 2 4095 4094: 
2975 1 4095 4095: 
2976 32 4095 4064: 
2977 1 4095 4095: 
2978 2 4095 4094: 
2979 1 4095 4095: 
2980 4 4095 4092: 
2981 1 4095 4095: 
2982 2 4095 4094: 
2983 1 4095 4095: 
2984 8 4095 4088: 
2985 1 4095 4095: 
2986 2 4095 4094: 
2987 1 4095 4095: 
2988 4 4095 4092: 
2989 1 4095 4095: 
2990 2 4095 4094: 
2991 1 4095 4095: 
2992 16 4095 4080: 
2993 1 4095 4095: 
2994 2 4095 4094: 
2995 1 4095 4095: 
2996 4 4095 4092: 
2997 1 4095 4095: 
2998 2 4095 4094: 
2999 1 4095 4095: 
3000 8 4095 4088: 
3001 1 4095 4095: 
3002 2 4095 4094: 
3003 1 4095 4095: 
3004 4 4095 4092: 
3005 1 4095 4095: 
3006 2 4095 4094: 
3007 1 4095 4095: 
3008 64 4095 4032: 
3009 1 4095 4095: 
3010 2 4095 4094: 
3011 1 4095 4095: 
3012 4 4095 4092: 
3013 1 4095 4095: 
3014 2 4095 4094: 
3015 1 4095 4095: 
3016 8 4095 4088: 
3017 1 4095 4095: 
3018 2 4095 4094: 
3019 1 4095 4095: 
3020 4 4095 4092: 
3021 1 4095 4095: 
3022 2 4095 4094: 
3023 1 4095 4095: 
3024 16 4095 4080: 
3025 1 4095 4095: 
3026 2 4095 4094: 
3027 1 4095 4095: 
3028 4 4095 4092: 
3029 1 4095 4095: 
3030 2 4095 4094: 
3031 1 4095 4095: 
3032 8 4095 4088: 
3033 1 4095 4095: 
3034 2 4095 4094: 
3035 1 4095 4095: 
3036 4 4095 4092: 
3037 1 4095 4095: 
3038 2 4095 4094: 
3039 1 4095 4095: 
3040 32 4095 4064: 
3041 1 4095 4095: 
3042 2 4095 4094: 
3043 1 4095 4095: 
3044 4 4095 4092: 
3045 1 4095 4095: 
3046 2 4095 4094: 
3047 1 4095 4095: 
3048 8 4095 4088: 
3049 1 4095 4095: 
3050 2 4095 4094: 
3051 1 4095 4095: 
3052 4 4095 4092: 
3053 1 4095 4095: 
3054 2 4095 4094: 
3055 1 4095 4095: 
3056 16 4095 4080: 
3057 1 4095 4095: 
3058 2 4095 4094: 
3059 1 4095 4095: 
3060 4 4095 4092: 
3061 1 4095 4095: 
3062 2 4095 4094: 
3063 1 4095 4095: 
3064 8 4095 4088: 
3065 1 4095 4095: 
3066 2 4095 4094: 
3067 1 4095 4095: 
3068 4 4095 4092: 
3069 1 4095 4095: 
3070 2 4095 4094: 
3071 1 4095 4095: 
3072 1024 4095 3072: 
3073 1 4095 4095: 
3074 2 4095 4094: 
3075 1 4095 4095: 
3076 4 4095 4092: 
3077 1 4095 4095: 
3078 2 4095 4094: 
3079 1 4095 4095: 
3080 8 4095 4088: 
3081 1 4095 4095: 
3082 2 4095 4094: 
3083 1 4095 4095: 
3084 4 4095 4092: 
3085 1 4095 4095: 
3086 2 4095 4094: 
3087 1 4095 4095: 
3088 16 4095 4080: 
3089 1 4095 4095: 
3090 2 4095 4094: 
3091 1 4095 4095: 
3092 4 4095 4092: 
3093 1 4095 4095: 
3094 2 4095 4094: 
3095 1 4095 4095: 
3096 8 4095 4088: 
3097 1 4095 4095: 
3098 2 4095 4094: 
3099 1 4095 4095: 
3100 4 4095 4092: 
3101 1 4095 4095: 
3102 2 4095 4094: 
3103 1 4095 4095: 
3104 32 4095 4064: 
3105 1 4095 4095: 
3106 2 4095 4094: 
3107 1 4095 4095: 
3108 4 4095 4092: 
3109 1 4095 4095: 
3110 2 4095 4094: 
3111 1 4095 4095: 
3112 8 4095 4088: 
3113 1 4095 4095: 
3114 2 4095 4094: 
3115 1 4095 4095: 
3116 4 4095 4092: 
3117 1 4095 4095: 
3118 2 4095 4094: 
3119 1 4095 4095: 
3120 16 4095 4080: 
3121 1 4095 4095: 
3122 2 4095 4094: 
3123 1 4095 4095: 
3124 4 4095 4092: 
3125 1 4095 4095: 
3126 2 4095 4094: 
3127 1 4095 4095: 
3128 8 4095 4088: 
3129 1 4095 4095: 
3130 2 4095 4094: 
3131 1 4095 4095: 
3132 4 4095 4092: 
3133 1 4095 4095: 
3134 2 4095 4094: 
3135 1 4095 4095: 
3136 64 4095 4032: 
3137 1 4095 4095: 
3138 2 4095 4094: 
3139 1 4095 4095: 
3140 4 4095 4092: 
3141 1 4095 4095: 
3142 2 4095 4094: 
3143 1 4095 4095: 
3144 8 4095 4088: 
3145 1 4095 4095: 
3146 2 4095 4094: 
3147 1 4095 4095: 
3148 4 4095 4092: 
3149 1 4095 4095: 
3150 2 4095 4094: 
3151 1 4095 4095: 
3152 16 4095 4080: 
3153 1 4095 4095: 
3154 2 4095 4094: 
3155 1 4095 4095: 
3156 4 4095 4092: 
3157 1 4095 4095: 
3158 2 4095 4094: 
3159 1 4095 4095: 
3160 8 4095 4088: 
3161 1 4095 4095: 
3162 2 4095 4094: 
3163 1 4095 4095: 
3164 4 4095 4092: 
3165 1 4095 4095: 
3166 2 4095 4094: 
3167 1 4095 4095: 
3168 32 4095 4064: 
3169 1 4095 4095: 
3170 2 4095 4094: 
3171 1 4095 4095: 
3172 4 4095 4092: 
3173 1 4095 4095: 
3174 2 4095 4094: 
3175 1 4095 4095: 
3176 8 4095 4088: 
3177 1 4095 4095: 
3178 2 4095 4094: 
3179 1 4095 4095: 
3180 4 4095 4092: 
3181 1 4095 4095: 
3182 2 4095 4094: 
3183 1 4095 4095: 
3184 16 4095 4080: 
3185 1 4095 4095: 
3186 2 4095 4094: 
3187 1 4095 4095: 
3188 4 4095 4092: 
3189 1 4095 4095: 
3190 2 4095 4094: 
3191 1 4095 4095: 
3192 8 4095 4088: 
3193 1 4095 4095: 
3194 2 4095 4094: 
3195 1 4095 4095: 
3196 4 4095 4092: 
3197 1 4095 4095: 
3198 2 4095 4094: 
3199 1 4095 4095: 
3200 128 4095 3968: 
3201 1 4095 4095: 
3202 2 4095 4094: 
3203 1 4095 4095: 
3204 4 4095 4092: 
3205 1 4095 4095: 
3206 2 4095 4094: 
3207 1 4095 4095: 
3208 8 4095 4088: 
3209 1 4095 4095: 
3210 2 4095 4094: 
3211 1 4095 4095: 
3212 4 4095 4092: 
3213 1 4095 4095: 
3214 2 4095 4094: 
3215 1 4095 4095: 
3216 16 4095 4080: 
3217 1 4095 4095: 
3218 2 4095 4094: 
3219 1 4095 4095: 
3220 4 4095 4092: 
3221 1 4095 4095: 
3222 2 4095 4094: 
3223 1 4095 4095: 
3224 8 4095 4088: 
3225 1 4095 4095: 
3226 2 4095 4094: 
3227 1 4095 4095: 
3228 4 4095 4092: 
3229 1 4095 4095: 
3230 2 4095 4094: 
3231 1 4095 4095: 
3232 32 4095 4064: 
3233 1 4095 4095: 
3234 2 4095 4094: 
3235 1 4095 4095: 
3236 4 4095 4092: 
3237 1 4095 4095: 
3238 2 4095 4094: 
3239 1 4095 4095: 
3240 8 4095 4088: 
3241 1 4095 4095: 
3242 2 4095 4094: 
3243 1 4095 4095: 
3244 4 4095 4092: 
3245 1 4095 4095: 
3246 2 4095 4094: 
3247 1 4095 4095: 
3248 16 4095 4080: 
3249 1 4095 4095: 
3250 2 4095 4094: 
3251 1 4095 4095: 
3252 4 4095 4092: 
3253 1 4095 4095: 
3254 2 4095 4094: 
3255 1 4095 4095: 
3256 8 4095 4088: 
3257 1 4095 4095: 
3258 2 4095 4094: 
3259 1 4095 4095: 
3260 4 4095 4092: 
3261 1 4095 4095: 
3262 2 4095 4094: 
3263 1 4095 4095: 
3264 64 4095 4032: 
3265 1 4095 4095: 
3266 2 4095 4094: 
3267 1 4095 4095: 
3268 4 4095 4092: 
3269 1 4095 4095: 
3270 2 4095 4094: 
3271 1 4095 4095: 
3272 8 4095 4088: 
3273 1 4095 4095: 
3274 2 4095 4094: 
3275 1 4095 4095: 
3276 4 4095 4092: 
3277 1 4095 4095: 
3278 2 4095 4094: 
3279 1 4095 4095: 
3280 16 4095 4080: 
3281 1 4095 4095: 
3282 2 4095 4094: 
3283 1 4095 4095: 
3284 4 4095 4092: 
3285 1 4095 4095: 
3286 2 4095 4094: 
3287 1 4095 4095: 
3288 8 4095 4088: 
3289 1 4095 4095: 
3290 2 4095 4094: 
3291 1 4095 4095: 
3292 4 4095 4092: 
3293 1 4095 4095: 
3294 2 4095 4094: 
3295 1 4095 4095: 
3296 32 4095 4064: 
3297 1 4095 4095: 
3298 2 4095 4094: 
3299 1 4095 4095: 
3300 4 4095 4092: 
3301 1 4095 4095: 
3302 2 4095 4094: 
3303 1 4095 4095: 
3304 8 4095 4088: 
3305 1 4095 4095: 
3306 2 4095 4094: 
3307 1 4095 4095: 
3308 4 4095 4092: 
3309 1 4095 4095: 
3310 2 4095 4094: 
3311 1 4095 4095: 
3312 16 4095 4080: 
3313 1 4095 4095: 
3314 2 4095 4094: 
3315 1 4095 4095: 
3316 4 4095 4092: 
3317 1 4095 4095: 
3318 2 4095 4094: 
3319 1 4095 4095: 
3320 8 4095 4088: 
3321 1 4095 4095: 
3322 2 4095 4094: 
3323 1 4095 4095: 
3324 4 4095 4092: 
3325 1 4095 4095: 
3326 2 4095 4094: 
3327 1 4095 4095: 
3328 256 4095 3840: 
3329 1 4095 4095: 
3330 2 4095 4094: 
3331 1 4095 4095: 
3332 4 4095 4092: 
3333 1 4095 4095: 
3334 2 4095 4094: 
3335 1 4095 4095: 
3336 8 4095 4088: 
3337 1 4095 4095: 
3338 2 4095 4094: 
3339 1 4095 4095: 
3340 4 4095 4092: 
3341 1 4095 4095: 
3342 2 4095 4094: 
3343 1 4095 4095: 
3344 16 4095 4080: 
3345 1 4095 4095: 
3346 2 4095 4094: 
3347 1 4095 4095: 
3348 4 4095 4092: 
3349 1 4095 4095: 
3350 2 4095 4094: 
3351 1 4095 4095: 
3352 8 4095 4088: 
3353 1 4095 4095: 
3354 2 4095 4094: 
3355 1 4095 4095: 
3356 4 4095 4092: 
3357 1 4095 4095: 
3358 2 4095 4094: 
3359 1 4095 4095: 
3360 32 4095 4064: 
3361 1 4095 4095: 
3362 2 4095 4094: 
3363 1 4095 4095: 
3364 4 4095 4092: 
3365 1 4095 4095: 
3366 2 4095 4094: 
3367 1 4095 4095: 
3368 8 4095 4088: 
3369 1 4095 4095: 
3370 2 4095 4094: 
3371 1 4095 4095: 
3372 4 4095 4092: 
3373 1 4095 4095: 
3374 2 4095 4094: 
3375 1 4095 4095: 
3376 16 4095 4080: 
3377 1 4095 4095: 
3378 2 4095 4094: 
3379 1 4095 4095: 
3380 4 4095 4092: 
3381 1 4095 4095: 
3382 2 4095 4094: 
3383 1 4095 4095: 
3384 8 4095 4088: 
3385 1 4095 4095: 
3386 2 4095 4094: 
3387 1 4095 4095: 
3388 4 4095 4092: 
3389 1 4095 4095: 
3390 2 4095 4094: 
3391 1 4095 4095: 
3392 64 4095 4032: 
3393 1 4095 4095: 
3394 2 4095 4094: 
3395 1 4095 4095: 
3396 4 4095 4092: 
3397 1 4095 4095: 
3398 2 4095 4094: 
3399 1 4095 4095: 
3400 8 4095 4088: 
3401 1 4095 4095: 
3402 2 4095 4094: 
3403 1 4095 4095: 
3404 4 4095 4092: 
3405 1 4095 4095: 
3406 2 4095 4094: 
3407 1 4095 4095: 
3408 16 4095 4080: 
3409 1 4095 4095: 
3410 2 4095 4094: 
3411 1 4095 4095: 
3412 4 4095 4092: 
3413 1 4095 4095: 
3414 2 4095 4094: 
3415 1 4095 4095: 
3416 8 4095 4088: 
3417 1 4095 4095: 
3418 2 4095 4094: 
3419 1 4095 4095: 
3420 4 4095 4092: 
3421 1 4095 4095: 
3422 2 4095 4094: 
3423 1 4095 4095: 
3424 32 4095 4064: 
3425 1 4095 4095: 
3426 2 4095 4094: 
3427 1 4095 4095: 
3428 4 4095 4092: 
3429 1 4095 4095: 
3430 2 4095 4094: 
3431 1 4095 4095: 
3432 8 4095 4088: 
3433 1 4095 4095: 
3434 2 4095 4094: 
3435 1 4095 4095: 
3436 4 4095 4092: 
3437 1 4095 4095: 
3438 2 4095 4094: 
3439 1 4095 4095: 
3440 16 4095 4080: 
3441 1 4095 4095: 
3442 2 4095 4094: 
3443 1 4095 4095: 
3444 4 4095 4092: 
3445 1 4095 4095: 
3446 2 4095 4094: 
3447 1 4095 4095: 
3448 8 4095 4088: 
3449 1 4095 4095: 
3450 2 4095 4094: 
3451 1 4095 4095: 
3452 4 4095 4092: 
3453 1 4095 4095: 
3454 2 4095 4094: 
3455 1 4095 4095: 
3456 128 4095 3968: 
3457 1 4095 4095: 
3458 2 4095 4094: 
3459 1 4095 4095: 
3460 4 4095 4092: 
3461 1 4095 4095: 
3462 2 4095 4094: 
3463 1 4095 4095: 
3464 8 4095 4088: 
3465 1 4095 4095: 
3466 2 4095 4094: 
3467 1 4095 4095: 
3468 4 4095 4092: 
3469 1 4095 4095: 
3470 2 4095 4094: 
3471 1 4095 4095: 
3472 16 4095 4080: 
3473 1 4095 4095: 
3474 2 4095 4094: 
3475 1 4095 4095: 
3476 4 4095 4092: 
3477 1 4095 4095: 
3478 2 4095 4094: 
3479 1 4095 4095: 
3480 8 4095 4088: 
3481 1 4095 4095: 
3482 2 4095 4094: 
3483 1 4095 4095: 
3484 4 4095 4092: 
3485 1 4095 4095: 
3486 2 4095 4094: 
3487 1 4095 4095: 
3488 32 4095 4064: 
3489 1 4095 4095: 
3490 2 4095 4094: 
3491 1 4095 4095: 
3492 4 4095 4092: 
3493 1 4095 4095: 
3494 2 4095 4094: 
3495 1 4095 4095: 
3496 8 4095 4088: 
3497 1 4095 4095: 
3498 2 4095 4094: 
3499 1 4095 4095: 
3500 4 4095 4092: 
3501 1 4095 4095: 
3502 2 4095 4094: 
3503 1 4095 4095: 
3504 16 4095 4080: 
3505 1 4095 4095: 
3506 2 4095 4094: 
3507 1 4095 4095: 
3508 4 4095 4092: 
3509 1 4095 4095: 
3510 2 4095 4094: 
3511 1 4095 4095: 
3512 8 4095 4088: 
3513 1 4095 4095: 
3514 2 4095 4094: 
3515 1 4095 4095: 
3516 4 4095 4092: 
3517 1 4095 4095: 
3518 2 4095 4094: 
3519 1 4095 4095: 
3520 64 4095 4032: 
3521 1 4095 4095: 
3522 2 4095 4094: 
3523 1 4095 4095: 
3524 4 4095 4092: 
3525 1 4095 4095: 
3526 2 4095 4094: 
3527 1 4095 4095: 
3528 8 4095 4088: 
3529 1 4095 4095: 
3530 2 4095 4094: 
3531 1 4095 4095: 
3532 4 4095 4092: 
3533 1 4095 4095: 
3534 2 4095 4094: 
3535 1 4095 4095: 
3536 16 4095 4080: 
3537 1 4095 4095: 
3538 2 4095 4094: 
3539 1 4095 4095: 
3540 4 4095 4092: 
3541 1 4095 4095: 
3542 2 4095 4094: 
3543 1 4095 4095: 
3544 8 4095 4088: 
3545 1 4095 4095: 
3546 2 4095 4094: 
3547 1 4095 4095: 
3548 4 4095 4092: 
3549 1 4095 4095: 
3550 2 4095 4094: 
3551 1 4095 4095: 
3552 32 4095 4064: 
3553 1 4095 4095: 
3554 2 4095 4094: 
3555 1 4095 4095: 
3556 4 4095 4092: 
3557 1 4095 4095: 
3558 2 4095 4094: 
3559 1 4095 4095: 
3560 8 4095 4088: 
3561 1 4095 4095: 
3562 2 4095 4094: 
3563 1 4095 4095: 
3564 4 4095 4092: 
3565 1 4095 4095: 
3566 2 4095 4094: 
3567 1 4095 4095: 
3568 16 4095 4080: 
3569 1 4095 4095: 
3570 2 4095 4094: 
3571 1 4095 4095: 
3572 4 4095 4092: 
3573 1 4095 4095: 
3574 2 4095 4094: 
3575 1 4095 4095: 
3576 8 4095 4088: 
3577 1 4095 4095: 
3578 2 4095 4094: 
3579 1 4095 4095: 
3580 4 4095 4092: 
3581 1 4095 4095: 
3582 2 4095 4094: 
3583 1 4095 4095: 
3584 512 4095 3584: 
3585 1 4095 4095: 
3586 2 4095 4094: 
3587 1 4095 4095: 
3588 4 4095 4092: 
3589 1 4095 4095: 
3590 2 4095 4094: 
3591 1 4095 4095: 
3592 8 4095 4088: 
3593 1 4095 4095: 
3594 2 4095 4094: 
3595 1 4095 4095: 
3596 4 4095 4092: 
3597 1 4095 4095: 
3598 2 4095 4094: 
3599 1 4095 4095: 
3600 16 4095 4080: 
3601 1 4095 4095: 
3602 2 4095 4094: 
3603 1 4095 4095: 
3604 4 4095 4092: 
3605 1 4095 4095: 
3606 2 4095 4094: 
3607 1 4095 4095: 
3608 8 4095 4088: 
3609 1 4095 4095: 
3610 2 4095 4094: 
3611 1 4095 4095: 
3612 4 4095 4092: 
3613 1 4095 4095: 
3614 2 4095 4094: 
3615 1 4095 4095: 
3616 32 4095 4064: 
3617 1 4095 4095: 
3618 2 4095 4094: 
3619 1 4095 4095: 
3620 4 4095 4092: 
3621 1 4095 4095: 
3622 2 4095 4094: 
3623 1 4095 4095: 
3624 8 4095 4088: 
3625 1 4095 4095: 
3626 2 4095 4094: 
3627 1 4095 4095: 
3628 4 4095 4092: 
3629 1 4095 4095: 
3630 2 4095 4094: 
3631 1 4095 4095: 
3632 16 4095 4080: 
3633 1 4095 4095: 
3634 2 4095 4094: 
3635 1 4095 4095: 
3636 4 4095 4092: 
3637 1 4095 4095: 
3638 2 4095 4094: 
3639 1 4095 4095: 
3640 8 4095 4088: 
3641 1 4095 4095: 
3642 2 4095 4094: 
3643 1 4095 4095: 
3644 4 4095 4092: 
3645 1 4095 4095: 
3646 2 4095 4094: 
3647 1 4095 4095: 
3648 64 4095 4032: 
3649 1 4095 4095: 
3650 2 4095 4094: 
3651 1 4095 4095: 
3652 4 4095 4092: 
3653 1 4095 4095: 
3654 2 4095 4094: 
3655 1 4095 4095: 
3656 8 4095 4088: 
3657 1 4095 4095: 
3658 2 4095 4094: 
3659 1 4095 4095: 
3660 4 4095 4092: 
3661 1 4095 4095: 
3662 2 4095 4094: 
3663 1 4095 4095: 
3664 16 4095 4080: 
3665 1 4095 4095: 
3666 2 4095 4094: 
3667 1 4095 4095: 
3668 4 4095 4092: 
3669 1 4095 4095: 
3670 2 4095 4094: 
3671 1 4095 4095: 
3672 8 4095 4088: 
3673 1 4095 4095: 
3674 2 4095 4094: 
3675 1 4095 4095: 
3676 4 4095 4092: 
3677 1 4095 4095: 
3678 2 4095 4094: 
3679 1 4095 4095: 
3680 32 4095 4064: 
3681 1 4095 4095: 
3682 2 4095 4094: 
3683 1 4095 4095: 
3684 4 4095 4092: 
3685 1 4095 4095: 
3686 2 4095 4094: 
3687 1 4095 4095: 
3688 8 4095 4088: 
3689 1 4095 4095: 
3690 2 4095 4094: 
3691 1 4095 4095: 
3692 4 4095 4092: 
3693 1 4095 4095: 
3694 2 4095 4094: 
3695 1 4095 4095: 
3696 16 4095 4080: 
3697 1 4095 4095: 
3698 2 4095 4094: 
3699 1 4095 4095: 
3700 4 4095 4092: 
3701 1 4095 4095: 
3702 2 4095 4094: 
3703 1 4095 4095: 
3704 8 4095 4088: 
3705 1 4095 4095: 
3706 2 4095 4094: 
3707 1 4095 4095: 
3708 4 4095 4092: 
3709 1 4095 4095: 
3710 2 4095 4094: 
3711 1 4095 4095: 
3712 128 4095 3968: 
3713 1 4095 4095: 
3714 2 4095 4094: 
3715 1 4095 4095: 
3716 4 4095 4092: 
3717 1 4095 4095: 
3718 2 4095 4094: 
3719 1 4095 4095: 
3720 8 4095 4088: 
3721 1 4095 4095: 
3722 2 4095 4094: 
3723 1 4095 4095: 
3724 4 4095 4092: 
3725 1 4095 4095: 
3726 2 4095 4094: 
3727 1 4095 4095: 
3728 16 4095 4080: 
3729 1 4095 4095: 
3730 2 4095 4094: 
3731 1 4095 4095: 
3732 4 4095 4092: 
3733 1 4095 4095: 
3734 2 4095 4094: 
3735 1 4095 4095: 
3736 8 4095 4088: 
3737 1 4095 4095: 
3738 2 4095 4094: 
3739 1 4095 4095: 
3740 4 4095 4092: 
3741 1 4095 4095: 
3742 2 4095 4094: 
3743 1 4095 4095: 
3744 32 4095 4064: 
3745 1 4095 4095: 
3746 2 4095 4094: 
3747 1 4095 4095: 
3748 4 4095 4092: 
3749 1 4095 4095: 
3750 2 4095 4094: 
3751 1 4095 4095: 
3752 8 4095 4088: 
3753 1 4095 4095: 
3754 2 4095 4094: 
3755 1 4095 4095: 
3756 4 4095 4092: 
3757 1 4095 4095: 
3758 2 4095 4094: 
3759 1 4095 4095: 
3760 16 4095 4080: 
3761 1 4095 4095: 
3762 2 4095 4094: 
3763 1 4095 4095: 
3764 4 4095 4092: 
3765 1 4095 4095: 
3766 2 4095 4094: 
3767 1 4095 4095: 
3768 8 4095 4088: 
3769 1 4095 4095: 
3770 2 4095 4094: 
3771 1 4095 4095: 
3772 4 4095 4092: 
3773 1 4095 4095: 
3774 2 4095 4094: 
3775 1 4095 4095: 
3776 64 4095 4032: 
3777 1 4095 4095: 
3778 2 4095 4094: 
3779 1 4095 4095: 
3780 4 4095 4092: 
3781 1 4095 4095: 
3782 2 4095 4094: 
3783 1 4095 4095: 
3784 8 4095 4088: 
3785 1 4095 4095: 
3786 2 4095 4094: 
3787 1 4095 4095: 
3788 4 4095 4092: 
3789 1 4095 4095: 
3790 2 4095 4094: 
3791 1 4095 4095: 
3792 16 4095 4080: 
3793 1 4095 4095: 
3794 2 4095 4094: 
3795 1 4095 4095: 
3796 4 4095 4092: 
3797 1 4095 4095: 
3798 2 4095 4094: 
3799 1 4095 4095: 
3800 8 4095 4088: 
3801 1 4095 4095: 
3802 2 4095 4094: 
3803 1 4095 4095: 
3804 4 4095 4092: 
3805 1 4095 4095: 
3806 2 4095 4094: 
3807 1 4095 4095: 
3808 32 4095 4064: 
3809 1 4095 4095: 
3810 2 4095 4094: 
3811 1 4095 4095: 
3812 4 4095 4092: 
3813 1 4095 4095: 
3814 2 4095 4094: 
3815 1 4095 4095: 
3816 8 4095 4088: 
3817 1 4095 4095: 
3818 2 4095 4094: 
3819 1 4095 4095: 
3820 4 4095 4092: 
3821 1 4095 4095: 
3822 2 4095 4094: 
3823 1 4095 4095: 
3824 16 4095 4080: 
3825 1 4095 4095: 
3826 2 4095 4094: 
3827 1 4095 4095: 
3828 4 4095 4092: 
3829 1 4095 4095: 
3830 2 4095 4094: 
3831 1 4095 4095: 
3832 8 4095 4088: 
3833 1 4095 4095: 
3834 2 4095 4094: 
3835 1 4095 4095: 
3836 4 4095 4092: 
3837 1 4095 4095: 
3838 2 4095 4094: 
3839 1 4095 4095: 
3840 256 4095 3840: 
3841 1 4095 4095: 
3842 2 4095 4094: 
3843 1 4095 4095: 
3844 4 4095 4092: 
3845 1 4095 4095: 
3846 2 4095 4094: 
3847 1 4095 4095: 
3848 8 4095 4088: 
3849 1 4095 4095: 
3850 2 4095 4094: 
3851 1 4095 4095: 
3852 4 4095 4092: 
3853 1 4095 4095: 
3854 2 4095 4094: 
3855 1 4095 4095: 
3856 16 4095 4080: 
3857 1 4095 4095: 
3858 2 4095 4094: 
3859 1 4095 4095: 
3860 4 4095 4092: 
3861 1 4095 4095: 
3862 2 4095 4094: 
3863 1 4095 4095: 
3864 8 4095 4088: 
3865 1 4095 4095: 
3866 2 4095 4094: 
3867 1 4095 4095: 
3868 4 4095 4092: 
3869 1 4095 4095: 
3870 2 4095 4094: 
3871 1 4095 4095: 
3872 32 4095 4064: 
3873 1 4095 4095: 
3874 2 4095 4094: 
3875 1 4095 4095: 
3876 4 4095 4092: 
3877 1 4095 4095: 
3878 2 4095 4094: 
3879 1 4095 4095: 
3880 8 4095 4088: 
3881 1 4095 4095: 
3882 2 4095 4094: 
3883 1 4095 4095: 
3884 4 4095 4092: 
3885 1 4095 4095: 
3886 2 4095 4094: 
3887 1 4095 4095: 
3888 16 4095 4080: 
3889 1 4095 4095: 
3890 2 4095 4094: 
3891 1 4095 4095: 
3892 4 4095 4092: 
3893 1 4095 4095: 
3894 2 4095 4094: 
3895 1 4095 4095: 
3896 8 4095 4088: 
3897 1 4095 4095: 
3898 2 4095 4094: 
3899 1 4095 4095: 
3900 4 4095 4092: 
3901 1 4095 4095: 
3902 2 4095 4094: 
3903 1 4095 4095: 
3904 64 4095 4032: 
3905 1 4095 4095: 
3906 2 4095 4094: 
3907 1 4095 4095: 
3908 4 4095 4092: 
3909 1 4095 4095: 
3910 2 4095 4094: 
3911 1 4095 4095: 
3912 8 4095 4088: 
3913 1 4095 4095: 
3914 2 4095 4094: 
3915 1 4095 4095: 
3916 4 4095 4092: 
3917 1 4095 4095: 
3918 2 4095 4094: 
3919 1 4095 4095: 
3920 16 4095 4080: 
3921 1 4095 4095: 
3922 2 4095 4094: 
3923 1 4095 4095: 
3924 4 4095 4092: 
3925 1 4095 4095: 
3926 2 4095 4094: 
3927 1 4095 4095: 
3928 8 4095 4088: 
3929 1 4095 4095: 
3930 2 4095 4094: 
3931 1 4095 4095: 
3932 4 4095 4092: 
3933 1 4095 4095: 
3934 2 4095 4094: 
3935 1 4095 4095: 
3936 32 4095 4064: 
3937 1 4095 4095: 
3938 2 4095 4094: 
3939 1 4095 4095: 
3940 4 4095 4092: 
3941 1 4095 4095: 
3942 2 4095 4094: 
3943 1 4095 4095: 
3944 8 4095 4088: 
3945 1 4095 4095: 
3946 2 4095 4094: 
3947 1 4095 4095: 
3948 4 4095 4092: 
3949 1 4095 4095: 
3950 2 4095 4094: 
3951 1 4095 4095: 
3952 16 4095 4080: 
3953 1 4095 4095: 
3954 2 4095 4094: 
3955 1 4095 4095: 
3956 4 4095 4092: 
3957 1 4095 4095: 
3958 2 4095 4094: 
3959 1 4095 4095: 
3960 8 4095 4088: 
3961 1 4095 4095: 
3962 2 4095 4094: 
3963 1 4095 4095: 
3964 4 4095 4092: 
3965 1 4095 4095: 
3966 2 4095 4094: 
3967 1 4095 4095: 
3968 128 4095 3968: 
3969 1 4095 4095: 
3970 2 4095 4094: 
3971 1 4095 4095: 
3972 4 4095 4092: 
3973 1 4095 4095: 
3974 2 4095 4094: 
3975 1 4095 4095: 
3976 8 4095 4088: 
3977 1 4095 4095: 
3978 2 4095 4094: 
3979 1 4095 4095: 
3980 4 4095 4092: 
3981 1 4095 4095: 
3982 2 4095 4094: 
3983 1 4095 4095: 
3984 16 4095 4080: 
3985 1 4095 4095: 
3986 2 4095 4094: 
3987 1 4095 4095: 
3988 4 4095 4092: 
3989 1 4095 4095: 
3990 2 4095 4094: 
3991 1 4095 4095: 
3992 8 4095 4088: 
3993 1 4095 4095: 
3994 2 4095 4094: 
3995 1 4095 4095: 
3996 4 4095 4092: 
3997 1 4095 4095: 
3998 2 4095 4094: 
3999 1 4095 4095: 
4000 32 4095 4064: 
4001 1 4095 4095: 
4002 2 4095 4094: 
4003 1 4095 4095: 
4004 4 4095 4092: 
4005 1 4095 4095: 
4006 2 4095 4094: 
4007 1 4095 4095: 
4008 8 4095 4088: 
4009 1 4095 4095: 
4010 2 4095 4094: 
4011 1 4095 4095: 
4012 4 4095 4092: 
4013 1 4095 4095: 
4014 2 4095 4094: 
4015 1 4095 4095: 
4016 16 4095 4080: 
4017 1 4095 4095: 
4018 2 4095 4094: 
4019 1 4095 4095: 
4020 4 4095 4092: 
4021 1 4095 4095: 
4022 2 4095 4094: 
4023 1 4095 4095: 
4024 8 4095 4088: 
4025 1 4095 4095: 
4026 2 4095 4094: 
4027 1 4095 4095: 
4028 4 4095 4092: 
4029 1 4095 4095: 
4030 2 4095 4094: 
4031 1 4095 4095: 
4032 64 4095 4032: 
4033 1 4095 4095: 
4034 2 4095 4094: 
4035 1 4095 4095: 
4036 4 4095 4092: 
4037 1 4095 4095: 
4038 2 4095 4094: 
4039 1 4095 4095: 
4040 8 4095 4088: 
4041 1 4095 4095: 
4042 2 4095 4094: 
4043 1 4095 4095: 
4044 4 4095 4092: 
4045 1 4095 4095: 
4046 2 4095 4094: 
4047 1 4095 4095: 
4048 16 4095 4080: 
4049 1 4095 4095: 
4050 2 4095 4094: 
4051 1 4095 4095: 
4052 4 4095 4092: 
4053 1 4095 4095: 
4054 2 4095 4094: 
4055 1 4095 4095: 
4056 8 4095 4088: 
4057 1 4095 4095: 
4058 2 4095 4094: 
4059 1 4095 4095: 
4060 4 4095 4092: 
4061 1 4095 4095: 
4062 2 4095 4094: 
4063 1 4095 4095: 
4064 32 4095 4064: 
4065 1 4095 4095: 
4066 2 4095 4094: 
4067 1 4095 4095: 
4068 4 4095 4092: 
4069 1 4095 4095: 
4070 2 4095 4094: 
4071 1 4095 4095: 
4072 8 4095 4088: 
4073 1 4095 4095: 
4074 2 4095 4094: 
4075 1 4095 4095: 
4076 4 4095 4092: 
4077 1 4095 4095: 
4078 2 4095 4094: 
4079 1 4095 4095: 
4080 16 4095 4080: 
4081 1 4095 4095: 
4082 2 4095 4094: 
4083 1 4095 4095: 
4084 4 4095 4092: 
4085 1 4095 4095: 
4086 2 4095 4094: 
4087 1 4095 4095: 
4088 8 4095 4088: 
4089 1 4095 4095: 
4090 2 4095 4094: 
4091 1 4095 4095: 
4092 4 4095 4092: 
4093 1 4095 4095: 
4094 2 4095 4094: 
4095 1 4095 4095: 
4096 4096 8191 4096: 
4097 1 8191 8191: 
4098 2 8191 8190: 
4099 1 8191 8191: 
4100 4 8191 8188: 
4101 1 8191 8191: 
4102 2 8191 8190: 
4103 1 8191 8191: 
4104 8 8191 8184: 
4105 1 8191 8191: 
4106 2 8191 8190: 
4107 1 8191 8191: 
4108 4 8191 8188: 
4109 1 8191 8191: 
4110 2 8191 8190: 
4111 1 8191 8191: 
4112 16 8191 8176: 
4113 1 8191 8191: 
4114 2 8191 8190: 
4115 1 8191 8191: 
4116 4 8191 8188: 
4117 1 8191 8191: 
4118 2 8191 8190: 
4119 1 8191 8191: 
4120 8 8191 8184: 
4121 1 8191 8191: 
4122 2 8191 8190: 
4123 1 8191 8191: 
4124 4 8191 8188: 
4125 1 8191 8191: 
4126 2 8191 8190: 
4127 1 8191 8191: 
4128 32 8191 8160: 
4129 1 8191 8191: 
4130 2 8191 8190: 
4131 1 8191 8191: 
4132 4 8191 8188: 
4133 1 8191 8191: 
4134 2 8191 8190: 
4135 1 8191 8191: 
4136 8 8191 8184: 
4137 1 8191 8191: 
4138 2 8191 8190: 
4139 1 8191 8191: 
4140 4 8191 8188: 
4141 1 8191 8191: 
4142 2 8191 8190: 
4143 1 8191 8191: 
4144 16 8191 8176: 
4145 1 8191 8191: 
4146 2 8191 8190: 
4147 1 8191 8191: 
4148 4 8191 8188: 
4149 1 8191 8191: 
4150 2 8191 8190: 
4151 1 8191 8191: 
4152 8 8191 8184: 
4153 1 8191 8191: 
4154 2 8191 8190: 
4155 1 8191 8191: 
4156 4 8191 8188: 
4157 1 8191 8191: 
4158 2 8191 8190: 
4159 1 8191 8191: 
4160 64 8191 8128: 
4161 1 8191 8191: 
4162 2 8191 8190: 
4163 1 8191 8191: 
4164 4 8191 8188: 
4165 1 8191 8191: 
4166 2 8191 8190: 
4167 1 8191 8191: 
4168 8 8191 8184: 
4169 1 8191 8191: 
4170 2 8191 8190: 
4171 1 8191 8191: 
4172 4 8191 8188: 
4173 1 8191 8191: 
4174 2 8191 8190: 
4175 1 8191 8191: 
4176 16 8191 8176: 
4177 1 8191 8191: 
4178 2 8191 8190: 
4179 1 8191 8191: 
4180 4 8191 8188: 
4181 1 8191 8191: 
4182 2 8191 8190: 
4183 1 8191 8191: 
4184 8 8191 8184: 
4185 1 8191 8191: 
4186 2 8191 8190: 
4187 1 8191 8191: 
4188 4 8191 8188: 
4189 1 8191 8191: 
4190 2 8191 8190: 
4191 1 8191 8191: 
4192 32 8191 8160: 
4193 1 8191 8191: 
4194 2 8191 8190: 
4195 1 8191 8191: 
4196 4 8191 8188: 
4197 1 8191 8191: 
4198 2 8191 8190: 
4199 1 8191 8191: 
4200 8 8191 8184: 
4201 1 8191 8191: 
4202 2 8191 8190: 
4203 1 8191 8191: 
4204 4 8191 8188: 
4205 1 8191 8191: 
4206 2 8191 8190: 
4207 1 8191 8191: 
4208 16 8191 8176: 
4209 1 8191 8191: 
4210 2 8191 8190: 
4211 1 8191 8191: 
4212 4 8191 8188: 
4213 1 8191 8191: 
4214 2 8191 8190: 
4215 1 8191 8191: 
4216 8 8191 8184: 
4217 1 8191 8191: 
4218 2 8191 8190: 
4219 1 8191 8191: 
4220 4 8191 8188: 
4221 1 8191 8191: 
4222 2 8191 8190: 
4223 1 8191 8191: 
4224 128 8191 8064: 
4225 1 8191 8191: 
4226 2 8191 8190: 
4227 1 8191 8191: 
4228 4 8191 8188: 
4229 1 8191 8191: 
4230 2 8191 8190: 
4231 1 8191 8191: 
4232 8 8191 8184: 
4233 1 8191 8191: 
4234 2 8191 8190: 
4235 1 8191 8191: 
4236 4 8191 8188: 
4237 1 8191 8191: 
4238 2 8191 8190: 
4239 1 8191 8191: 
4240 16 8191 8176: 
4241 1 8191 8191: 
4242 2 8191 8190: 
4243 1 8191 8191: 
4244 4 8191 8188: 
4245 1 8191 8191: 
4246 2 8191 8190: 
4247 1 8191 8191: 
4248 8 8191 8184: 
4249 1 8191 8191: 
4250 2 8191 8190: 
4251 1 8191 8191: 
4252 4 8191 8188: 
4253 1 8191 8191: 
4254 2 8191 8190: 
4255 1 8191 8191: 
4256 32 8191 8160: 
4257 1 8191 8191: 
4258 2 8191 8190: 
4259 1 8191 8191: 
4260 4 8191 8188: 
4261 1 8191 8191: 
4262 2 8191 8190: 
4263 1 8191 8191: 
4264 8 8191 8184: 
4265 1 8191 8191: 
4266 2 8191 8190: 
4267 1 8191 8191: 
4268 4 8191 8188: 
4269 1 8191 8191: 
4270 2 8191 8190: 
4271 1 8191 8191: 
4272 16 8191 8176: 
4273 1 8191 8191: 
4274 2 8191 8190: 
4275 1 8191 8191: 
4276 4 8191 8188: 
4277 1 8191 8191: 
4278 2 8191 8190: 
4279 1 8191 8191: 
4280 8 8191 8184: 
4281 1 8191 8191: 
4282 2 8191 8190: 
4283 1 8191 8191: 
4284 4 8191 8188: 
4285 1 8191 8191: 
4286 2 8191 8190: 
4287 1 8191 8191: 
4288 64 8191 8128: 
4289 1 8191 8191: 
4290 2 8191 8190: 
4291 1 8191 8191: 
4292 4 8191 8188: 
4293 1 8191 8191: 
4294 2 8191 8190: 
4295 1 8191 8191: 
4296 8 8191 8184: 
4297 1 8191 8191: 
4298 2 8191 8190: 
4299 1 8191 8191: 
4300 4 8191 8188: 
4301 1 8191 8191: 
4302 2 8191 8190: 
4303 1 8191 8191: 
4304 16 8191 8176: 
4305 1 8191 8191: 
4306 2 8191 8190: 
4307 1 8191 8191: 
4308 4 8191 8188: 
4309 1 8191 8191: 
4310 2 8191 8190: 
4311 1 8191 8191: 
4312 8 8191 8184: 
4313 1 8191 8191: 
4314 2 8191 8190: 
4315 1 8191 8191: 
4316 4 8191 8188: 
4317 1 8191 8191: 
4318 2 8191 8190: 
4319 1 8191 8191: 
4320 32 8191 8160: 
4321 1 8191 8191: 
4322 2 8191 8190: 
4323 1 8191 8191: 
4324 4 8191 8188: 
4325 1 8191 8191: 
4326 2 8191 8190: 
4327 1 8191 8191: 
4328 8 8191 8184: 
4329 1 8191 8191: 
4330 2 8191 8190: 
4331 1 8191 8191: 
4332 4 8191 8188: 
4333 1 8191 8191: 
4334 2 8191 8190: 
4335 1 8191 8191: 
4336 16 8191 8176: 
4337 1 8191 8191: 
4338 2 8191 8190: 
4339 1 8191 8191: 
4340 4 8191 8188: 
4341 1 8191 8191: 
4342 2 8191 8190: 
4343 1 8191 8191: 
4344 8 8191 8184: 
4345 1 8191 8191: 
4346 2 8191 8190: 
4347 1 8191 8191: 
4348 4 8191 8188: 
4349 1 8191 8191: 
4350 2 8191 8190: 
4351 1 8191 8191: 
4352 256 8191 7936: 
4353 1 8191 8191: 
4354 2 8191 8190: 
4355 1 8191 8191: 
4356 4 8191 8188: 
4357 1 8191 8191: 
4358 2 8191 8190: 
4359 1 8191 8191: 
4360 8 8191 8184: 
4361 1 8191 8191: 
4362 2 8191 8190: 
4363 1 8191 8191: 
4364 4 8191 8188: 
4365 1 8191 8191: 
4366 2 8191 8190: 
4367 1 8191 8191: 
4368 16 8191 8176: 
4369 1 8191 8191: 
4370 2 8191 8190: 
4371 1 8191 8191: 
4372 4 8191 8188: 
4373 1 8191 8191: 
4374 2 8191 8190: 
4375 1 8191 8191: 
4376 8 8191 8184: 
4377 1 8191 8191: 
4378 2 8191 8190: 
4379 1 8191 8191: 
4380 4 8191 8188: 
4381 1 8191 8191: 
4382 2 8191 8190: 
4383 1 8191 8191: 
4384 32 8191 8160: 
4385 1 8191 8191: 
4386 2 8191 8190: 
4387 1 8191 8191: 
4388 4 8191 8188: 
4389 1 8191 8191: 
4390 2 8191 8190: 
4391 1 8191 8191: 
4392 8 8191 8184: 
4393 1 8191 8191: 
4394 2 8191 8190: 
4395 1 8191 8191: 
4396 4 8191 8188: 
4397 1 8191 8191: 
4398 2 8191 8190: 
4399 1 8191 8191: 
4400 16 8191 8176: 
4401 1 8191 8191: 
4402 2 8191 8190: 
4403 1 8191 8191: 
4404 4 8191 8188: 
4405 1 8191 8191: 
4406 2 8191 8190: 
4407 1 8191 8191: 
4408 8 8191 8184: 
4409 1 8191 8191: 
4410 2 8191 8190: 
4411 1 8191 8191: 
4412 4 8191 8188: 
4413 1 8191 8191: 
4414 2 8191 8190: 
4415 1 8191 8191: 
4416 64 8191 8128: 
4417 1 8191 8191: 
4418 2 8191 8190: 
4419 1 8191 8191: 
4420 4 8191 8188: 
4421 1 8191 8191: 
4422 2 8191 8190: 
4423 1 8191 8191: 
4424 8 8191 8184: 
4425 1 8191 8191: 
4426 2 8191 8190: 
4427 1 8191 8191: 
4428 4 8191 8188: 
4429 1 8191 8191: 
4430 2 8191 8190: 
4431 1 8191 8191: 
4432 16 8191 8176: 
4433 1 8191 8191: 
4434 2 8191 8190: 
4435 1 8191 8191: 
4436 4 8191 8188: 
4437 1 8191 8191: 
4438 2 8191 8190: 
4439 1 8191 8191: 
4440 8 8191 8184: 
4441 1 8191 8191: 
4442 2 8191 8190: 
4443 1 8191 8191: 
4444 4 8191 8188: 
4445 1 8191 8191: 
4446 2 8191 8190: 
4447 1 8191 8191: 
4448 32 8191 8160: 
4449 1 8191 8191: 
4450 2 8191 8190: 
4451 1 8191 8191: 
4452 4 8191 8188: 
4453 1 8191 8191: 
4454 2 8191 8190: 
4455 1 8191 8191: 
4456 8 8191 8184: 
4457 1 8191 8191: 
4458 2 8191 8190: 
4459 1 8191 8191: 
4460 4 8191 8188: 
4461 1 8191 8191: 
4462 2 8191 8190: 
4463 1 8191 8191: 
4464 16 8191 8176: 
4465 1 8191 8191: 
4466 2 8191 8190: 
4467 1 8191 8191: 
4468 4 8191 8188: 
4469 1 8191 8191: 
4470 2 8191 8190: 
4471 1 8191 8191: 
4472 8 8191 8184: 
4473 1 8191 8191: 
4474 2 8191 8190: 
4475 1 8191 8191: 
4476 4 8191 8188: 
4477 1 8191 8191: 
4478 2 8191 8190: 
4479 1 8191 8191: 
4480 128 8191 8064: 
4481 1 8191 8191: 
4482 2 8191 8190: 
4483 1 8191 8191: 
4484 4 8191 8188: 
4485 1 8191 8191: 
4486 2 8191 8190: 
4487 1 8191 8191: 
4488 8 8191 8184: 
4489 1 8191 8191: 
4490 2 8191 8190: 
4491 1 8191 8191: 
4492 4 8191 8188: 
4493 1 8191 8191: 
4494 2 8191 8190: 
4495 1 8191 8191: 
4496 16 8191 8176: 
4497 1 8191 8191: 
4498 2 8191 8190: 
4499 1 8191 8191: 
4500 4 8191 8188: 
4501 1 8191 8191: 
4502 2 8191 8190: 
4503 1 8191 8191: 
4504 8 8191 8184: 
4505 1 8191 8191: 
4506 2 8191 8190: 
4507 1 8191 8191: 
4508 4 8191 8188: 
4509 1 8191 8191: 
4510 2 8191 8190: 
4511 1 8191 8191: 
4512 32 8191 8160: 
4513 1 8191 8191: 
4514 2 8191 8190: 
4515 1 8191 8191: 
4516 4 8191 8188: 
4517 1 8191 8191: 
4518 2 8191 8190: 
4519 1 8191 8191: 
4520 8 8191 8184: 
4521 1 8191 8191: 
4522 2 8191 8190: 
4523 1 8191 8191: 
4524 4 8191 8188: 
4525 1 8191 8191: 
4526 2 8191 8190: 
4527 1 8191 8191: 
4528 16 8191 8176: 
4529 1 8191 8191: 
4530 2 8191 8190: 
4531 1 8191 8191: 
4532 4 8191 8188: 
4533 1 8191 8191: 
4534 2 8191 8190: 
4535 1 8191 8191: 
4536 8 8191 8184: 
4537 1 8191 8191: 
4538 2 8191 8190: 
4539 1 8191 8191: 
4540 4 8191 8188: 
4541 1 8191 8191: 
4542 2 8191 8190: 
4543 1 8191 8191: 
4544 64 8191 8128: 
4545 1 8191 8191: 
4546 2 8191 8190: 
4547 1 8191 8191: 
4548 4 8191 8188: 
4549 1 8191 8191: 
4550 2 8191 8190: 
4551 1 8191 8191: 
4552 8 8191 8184: 
4553 1 8191 8191: 
4554 2 8191 8190: 
4555 1 8191 8191: 
4556 4 8191 8188: 
4557 1 8191 8191: 
4558 2 8191 8190: 
4559 1 8191 8191: 
4560 16 8191 8176: 
4561 1 8191 8191: 
4562 2 8191 8190: 
4563 1 8191 8191: 
4564 4 8191 8188: 
4565 1 8191 8191: 
4566 2 8191 8190: 
4567 1 8191 8191: 
4568 8 8191 8184: 
4569 1 8191 8191: 
4570 2 8191 8190: 
4571 1 8191 8191: 
4572 4 8191 8188: 
4573 1 8191 8191: 
4574 2 8191 8190: 
4575 1 8191 8191: 
4576 32 8191 8160: 
4577 1 8191 8191: 
4578 2 8191 8190: 
4579 1 8191 8191: 
4580 4 8191 8188: 
4581 1 8191 8191: 
4582 2 8191 8190: 
4583 1 8191 8191: 
4584 8 8191 8184: 
4585 1 8191 8191: 
4586 2 8191 8190: 
4587 1 8191 8191: 
4588 4 8191 8188: 
4589 1 8191 8191: 
4590 2 8191 8190: 
4591 1 8191 8191: 
4592 16 8191 8176: 
4593 1 8191 8191: 
4594 2 8191 8190: 
4595 1 8191 8191: 
4596 4 8191 8188: 
4597 1 8191 8191: 
4598 2 8191 8190: 
4599 1 8191 8191: 
4600 8 8191 8184: 
4601 1 8191 8191: 
4602 2 8191 8190: 
4603 1 8191 8191: 
4604 4 8191 8188: 
4605 1 8191 8191: 
4606 2 8191 8190: 
4607 1 8191 8191: 
4608 512 8191 7680: 
4609 1 8191 8191: 
4610 2 8191 8190: 
4611 1 8191 8191: 
4612 4 8191 8188: 
4613 1 8191 8191: 
4614 2 8191 8190: 
4615 1 8191 8191: 
4616 8 8191 8184: 
4617 1 8191 8191: 
4618 2 8191 8190: 
4619 1 8191 8191: 
4620 4 8191 8188: 
4621 1 8191 8191: 
4622 2 8191 8190: 
4623 1 8191 8191: 
4624 16 8191 8176: 
4625 1 8191 8191: 
4626 2 8191 8190: 
4627 1 8191 8191: 
4628 4 8191 8188: 
4629 1 8191 8191: 
4630 2 8191 8190: 
4631 1 8191 8191: 
4632 8 8191 8184: 
4633 1 8191 8191: 
4634 2 8191 8190: 
4635 1 8191 8191: 
4636 4 8191 8188: 
4637 1 8191 8191: 
4638 2 8191 8190: 
4639 1 8191 8191: 
4640 32 8191 8160: 
4641 1 8191 8191: 
4642 2 8191 8190: 
4643 1 8191 8191: 
4644 4 8191 8188: 
4645 1 8191 8191: 
4646 2 8191 8190: 
4647 1 8191 8191: 
4648 8 8191 8184: 
4649 1 8191 8191: 
4650 2 8191 8190: 
4651 1 8191 8191: 
4652 4 8191 8188: 
4653 1 8191 8191: 
4654 2 8191 8190: 
4655 1 8191 8191: 
4656 16 8191 8176: 
4657 1 8191 8191: 
4658 2 8191 8190: 
4659 1 8191 8191: 
4660 4 8191 8188: 
4661 1 8191 8191: 
4662 2 8191 8190: 
4663 1 8191 8191: 
4664 8 8191 8184: 
4665 1 8191 8191: 
4666 2 8191 8190: 
4667 1 8191 8191: 
4668 4 8191 8188: 
4669 1 8191 8191: 
4670 2 8191 8190: 
4671 1 8191 8191: 
4672 64 8191 8128: 
4673 1 8191 8191: 
4674 2 8191 8190: 
4675 1 8191 8191: 
4676 4 8191 8188: 
4677 1 8191 8191: 
4678 2 8191 8190: 
4679 1 8191 8191: 
4680 8 8191 8184: 
4681 1 8191 8191: 
4682 2 8191 8190: 
4683 1 8191 8191: 
4684 4 8191 8188: 
4685 1 8191 8191: 
4686 2 8191 8190: 
4687 1 8191 8191: 
4688 16 8191 8176: 
4689 1 8191 8191: 
4690 2 8191 8190: 
4691 1 8191 8191: 
4692 4 8191 8188: 
4693 1 8191 8191: 
4694 2 8191 8190: 
4695 1 8191 8191: 
4696 8 8191 8184: 
4697 1 8191 8191: 
4698 2 8191 8190: 
4699 1 8191 8191: 
4700 4 8191 8188: 
4701 1 8191 8191: 
4702 2 8191 8190: 
4703 1 8191 8191: 
4704 32 8191 8160: 
4705 1 8191 8191: 
4706 2 8191 8190: 
4707 1 8191 8191: 
4708 4 8191 8188: 
4709 1 8191 8191: 
4710 2 8191 8190: 
4711 1 8191 8191: 
4712 8 8191 8184: 
4713 1 8191 8191: 
4714 2 8191 8190: 
4715 1 8191 8191: 
4716 4 8191 8188: 
4717 1 8191 8191: 
4718 2 8191 8190: 
4719 1 8191 8191: 
4720 16 8191 8176: 
4721 1 8191 8191: 
4722 2 8191 8190: 
4723 1 8191 8191: 
4724 4 8191 8188: 
4725 1 8191 8191: 
4726 2 8191 8190: 
4727 1 8191 8191: 
4728 8 8191 8184: 
4729 1 8191 8191: 
4730 2 8191 8190: 
4731 1 8191 8191: 
4732 4 8191 8188: 
4733 1 8191 8191: 
4734 2 8191 8190: 
4735 1 8191 8191: 
4736 128 8191 8064: 
4737 1 8191 8191: 
4738 2 8191 8190: 
4739 1 8191 8191: 
4740 4 8191 8188: 
4741 1 8191 8191: 
4742 2 8191 8190: 
4743 1 8191 8191: 
4744 8 8191 8184: 
4745 1 8191 8191: 
4746 2 8191 8190: 
4747 1 8191 8191: 
4748 4 8191 8188: 
4749 1 8191 8191: 
4750 2 8191 8190: 
4751 1 8191 8191: 
4752 16 8191 8176: 
4753 1 8191 8191: 
4754 2 8191 8190: 
4755 1 8191 8191: 
4756 4 8191 8188: 
4757 1 8191 8191: 
4758 2 8191 8190: 
4759 1 8191 8191: 
4760 8 8191 8184: 
4761 1 8191 8191: 
4762 2 8191 8190: 
4763 1 8191 8191: 
4764 4 8191 8188: 
4765 1 8191 8191: 
4766 2 8191 8190: 
4767 1 8191 8191: 
4768 32 8191 8160: 
4769 1 8191 8191: 
4770 2 8191 8190: 
4771 1 8191 8191: 
4772 4 8191 8188: 
4773 1 8191 8191: 
4774 2 8191 8190: 
4775 1 8191 8191: 
4776 8 8191 8184: 
4777 1 8191 8191: 
4778 2 8191 8190: 
4779 1 8191 8191: 
4780 4 8191 8188: 
4781 1 8191 8191: 
4782 2 8191 8190: 
4783 1 8191 8191: 
4784 16 8191 8176: 
4785 1 8191 8191: 
4786 2 8191 8190: 
4787 1 8191 8191: 
4788 4 8191 8188: 
4789 1 8191 8191: 
4790 2 8191 8190: 
4791 1 8191 8191: 
4792 8 8191 8184: 
4793 1 8191 8191: 
4794 2 8191 8190: 
4795 1 8191 8191: 
4796 4 8191 8188: 
4797 1 8191 8191: 
4798 2 8191 8190: 
4799 1 8191 8191: 
4800 64 8191 8128: 
4801 1 8191 8191: 
4802 2 8191 8190: 
4803 1 8191 8191: 
4804 4 8191 8188: 
4805 1 8191 8191: 
4806 2 8191 8190: 
4807 1 8191 8191: 
4808 8 8191 8184: 
4809 1 8191 8191: 
4810 2 8191 8190: 
4811 1 8191 8191: 
4812 4 8191 8188: 
4813 1 8191 8191: 
4814 2 8191 8190: 
4815 1 8191 8191: 
4816 16 8191 8176: 
4817 1 8191 8191: 
4818 2 8191 8190: 
4819 1 8191 8191: 
4820 4 8191 8188: 
4821 1 8191 8191: 
4822 2 8191 8190: 
4823 1 8191 8191: 
4824 8 8191 8184: 
4825 1 8191 8191: 
4826 2 8191 8190: 
4827 1 8191 8191: 
4828 4 8191 8188: 
4829 1 8191 8191: 
4830 2 8191 8190: 
4831 1 8191 8191: 
4832 32 8191 8160: 
4833 1 8191 8191: 
4834 2 8191 8190: 
4835 1 8191 8191: 
4836 4 8191 8188: 
4837 1 8191 8191: 
4838 2 8191 8190: 
4839 1 8191 8191: 
4840 8 8191 8184: 
4841 1 8191 8191: 
4842 2 8191 8190: 
4843 1 8191 8191: 
4844 4 8191 8188: 
4845 1 8191 8191: 
4846 2 8191 8190: 
4847 1 8191 8191: 
4848 16 8191 8176: 
4849 1 8191 8191: 
4850 2 8191 8190: 
4851 1 8191 8191: 
4852 4 8191 8188: 
4853 1 8191 8191: 
4854 2 8191 8190: 
4855 1 8191 8191: 
4856 8 8191 8184: 
4857 1 8191 8191: 
4858 2 8191 8190: 
4859 1 8191 8191: 
4860 4 8191 8188: 
4861 1 8191 8191: 
4862 2 8191 8190: 
4863 1 8191 8191: 
4864 256 8191 7936: 
4865 1 8191 8191: 
4866 2 8191 8190: 
4867 1 8191 8191: 
4868 4 8191 8188: 
4869 1 8191 8191: 
4870 2 8191 8190: 
4871 1 8191 8191: 
4872 8 8191 8184: 
4873 1 8191 8191: 
4874 2 8191 8190: 
4875 1 8191 8191: 
4876 4 8191 8188: 
4877 1 8191 8191: 
4878 2 8191 8190: 
4879 1 8191 8191: 
4880 16 8191 8176: 
4881 1 8191 8191: 
4882 2 8191 8190: 
4883 1 8191 8191: 
4884 4 8191 8188: 
4885 1 8191 8191: 
4886 2 8191 8190: 
4887 1 8191 8191: 
4888 8 8191 8184: 
4889 1 8191 8191: 
4890 2 8191 8190: 
4891 1 8191 8191: 
4892 4 8191 8188: 
4893 1 8191 8191: 
4894 2 8191 8190: 
4895 1 8191 8191: 
4896 32 8191 8160: 
4897 1 8191 8191: 
4898 2 8191 8190: 
4899 1 8191 8191: 
4900 4 8191 8188: 
4901 1 8191 8191: 
4902 2 8191 8190: 
4903 1 8191 8191: 
4904 8 8191 8184: 
4905 1 8191 8191: 
4906 2 8191 8190: 
4907 1 8191 8191: 
4908 4 8191 8188: 
4909 1 8191 8191: 
4910 2 8191 8190: 
4911 1 8191 8191: 
4912 16 8191 8176: 
4913 1 8191 8191: 
4914 2 8191 8190: 
4915 1 8191 8191: 
4916 4 8191 8188: 
4917 1 8191 8191: 
4918 2 8191 8190: 
4919 1 8191 8191: 
4920 8 8191 8184: 
4921 1 8191 8191: 
4922 2 8191 8190: 
4923 1 8191 8191: 
4924 4 8191 8188: 
4925 1 8191 8191: 
4926 2 8191 8190: 
4927 1 8191 8191: 
4928 64 8191 8128: 
4929 1 8191 8191: 
4930 2 8191 8190: 
4931 1 8191 8191: 
4932 4 8191 8188: 
4933 1 8191 8191: 
4934 2 8191 8190: 
4935 1 8191 8191: 
4936 8 8191 8184: 
4937 1 8191 8191: 
4938 2 8191 8190: 
4939 1 8191 8191: 
4940 4 8191 8188: 
4941 1 8191 8191: 
4942 2 8191 8190: 
4943 1 8191 8191: 
4944 16 8191 8176: 
4945 1 8191 8191: 
4946 2 8191 8190: 
4947 1 8191 8191: 
4948 4 8191 8188: 
4949 1 8191 8191: 
4950 2 8191 8190: 
4951 1 8191 8191: 
4952 8 8191 8184: 
4953 1 8191 8191: 
4954 2 8191 8190: 
4955 1 8191 8191: 
4956 4 8191 8188: 
4957 1 8191 8191: 
4958 2 8191 8190: 
4959 1 8191 8191: 
4960 32 8191 8160: 
4961 1 8191 8191: 
4962 2 8191 8190: 
4963 1 8191 8191: 
4964 4 8191 8188: 
4965 1 8191 8191: 
4966 2 8191 8190: 
4967 1 8191 8191: 
4968 8 8191 8184: 
4969 1 8191 8191: 
4970 2 8191 8190: 
4971 1 8191 8191: 
4972 4 8191 8188: 
4973 1 8191 8191: 
4974 2 8191 8190: 
4975 1 8191 8191: 
4976 16 8191 8176: 
4977 1 8191 8191: 
4978 2 8191 8190: 
4979 1 8191 8191: 
4980 4 8191 8188: 
4981 1 8191 8191: 
4982 2 8191 8190: 
4983 1 8191 8191: 
4984 8 8191 8184: 
4985 1 8191 8191: 
4986 2 8191 8190: 
4987 1 8191 8191: 
4988 4 8191 8188: 
4989 1 8191 8191: 
4990 2 8191 8190: 
4991 1 8191 8191: 
4992 128 8191 8064: 
4993 1 8191 8191: 
4994 2 8191 8190: 
4995 1 8191 8191: 
4996 4 8191 8188: 
4997 1 8191 8191: 
4998 2 8191 8190: 
4999 1 8191 8191: 
5000 8 8191 8184: 
