0 0 0
1 1 4
2 2 8
3 3 12
4 5 17
5 6 21
6 7 25
7 9 30
8 10 34
9 11 38
10 13 43
11 14 47
12 15 51
13 16 55
14 18 60
15 19 64
16 20 68
17 22 73
18 23 77
19 24 81
20 26 86
21 27 90
22 28 94
23 29 98
24 31 103
25 32 107
26 33 111
27 35 116
28 36 120
29 37 124
30 39 129
31 40 133
32 41 137
33 42 141
34 44 146
35 45 150
36 46 154
37 48 159
38 49 163
39 50 167
40 52 172
41 53 176
42 54 180
43 56 185
44 57 189
45 58 193
46 59 197
47 61 202
48 62 206
49 63 210
50 65 215
51 66 219
52 67 223
53 69 228
54 70 232
55 71 236
56 72 240
57 74 245
58 75 249
59 76 253
60 78 258
61 79 262
62 80 266
63 82 271
64 83 275
65 84 279
66 85 283
67 87 288
68 88 292
69 89 296
