1 0 1 0
3538.53 -3532.53 -4 -4 
3538.53 -3532.53 -4 -4 

1 0 1 0
3539.53 -3531.53 -4 -4 
0 0
3538.53 -3532.53 -4 -4 
0 0
3539.53 -3531.53 -4 -4 

1 0 1 0
3539.53 -3531.53 -4 -4 
0 0
3538.53 -3532.53 -4 -4 
0 0
3535.53 -3532.53 -4 -4 

1 0 1 0
3539.53 -3531.53 -4 -4 
0 0
3538.53 -3532.53 -4 -4 
0 0
3536.53 -3527.53 -4 -4 

2 0 2 0
3539.53 -3531.53 -4 -4 
0 0
4160.25 -2773.5 -2 -3 
3885.62 -3185.45
3538.53 -3532.53 -4 -4 
0 0
4160.25 -2773.5 -2 -3 
3885.62 -3185.45
4160.25 -2773.5 -2 -3 

2 0 2 0
3539.53 -3531.53 -4 -4 
0 0
4160.25 -2773.5 -2 -3 
3885.62 -3185.45
3538.53 -3532.53 -4 -4 
0 0
4160.25 -2773.5 -2 -3 
3885.62 -3185.45
4159.25 -2774.5 -2 -3 

2 0 2 0
3539.53 -3531.53 -4 -4 
0 0
4160.25 -2773.5 -2 -3 
3885.62 -3185.45
3538.53 -3532.53 -4 -4 
0 0
4160.25 -2773.5 -2 -3 
3885.62 -3185.45
4156.25 -2774.5 -2 -3 

2 0 2 0
3539.53 -3531.53 -4 -4 
0 0
4160.25 -2773.5 -2 -3 
3885.62 -3185.45
3538.53 -3532.53 -4 -4 
0 0
4160.25 -2773.5 -2 -3 
3885.62 -3185.45
4157.25 -2769.5 -2 -3 

2 0 2 0
3539.53 -3531.53 -4 -4 
0 0
2567.48 4288.46 5 -3 
8062.51 991.445
3538.53 -3532.53 -4 -4 
0 0
2567.48 4288.46 5 -3 
8062.51 991.445
2567.48 4288.46 5 -3 

2 0 2 0
3539.53 -3531.53 -4 -4 
0 0
2567.48 4288.46 5 -3 
8062.51 991.445
3538.53 -3532.53 -4 -4 
0 0
2567.48 4288.46 5 -3 
8062.51 991.445
2570.48 4284.46 5 -3 

2 0 2 0
3539.53 -3531.53 -4 -4 
0 0
2567.48 4288.46 5 -3 
8062.51 991.445
3538.53 -3532.53 -4 -4 
0 0
2567.48 4288.46 5 -3 
8062.51 991.445
2569.48 4283.46 5 -3 

2 0 2 0
3539.53 -3531.53 -4 -4 
0 0
2567.48 4288.46 5 -3 
8062.51 991.445
3538.53 -3532.53 -4 -4 
0 0
2567.48 4288.46 5 -3 
8062.51 991.445
2566.48 4283.46 5 -3 

2 0 2 0
3539.53 -3531.53 -4 -4 
0 0
-3535.53 3533.53 4 4 
inf inf
3538.53 -3532.53 -4 -4 
0 0
-3535.53 3533.53 4 4 
inf inf
-3535.53 3533.53 4 4 

2 0 2 0
3539.53 -3531.53 -4 -4 
0 0
-3536.53 3528.53 4 4 
inf inf
3538.53 -3532.53 -4 -4 
0 0
-3535.53 3533.53 4 4 
inf inf
-3536.53 3528.53 4 4 

2 0 2 0
3539.53 -3531.53 -4 -4 
0 0
-3533.53 3528.53 4 4 
inf inf
3538.53 -3532.53 -4 -4 
0 0
-3535.53 3533.53 4 4 
inf inf
-3533.53 3528.53 4 4 

2 0 2 0
3539.53 -3531.53 -4 -4 
0 0
-3532.53 3529.53 4 4 
inf inf
3538.53 -3532.53 -4 -4 
0 0
-3535.53 3533.53 4 4 
inf inf
-3532.53 3529.53 4 4 

2 0 2 0
3539.53 -3531.53 -4 -4 
0 0
-4469.14 -2239.07 -3 6 
-1368.76 -8439.83
3538.53 -3532.53 -4 -4 
0 0
-4469.14 -2239.07 -3 6 
-1368.76 -8439.83
-4469.14 -2239.07 -3 6 

2 0 2 0
3539.53 -3531.53 -4 -4 
0 0
-4469.14 -2239.07 -3 6 
-1368.76 -8439.83
3538.53 -3532.53 -4 -4 
0 0
-4469.14 -2239.07 -3 6 
-1368.76 -8439.83
-4466.14 -2239.07 -3 6 

2 0 2 0
3539.53 -3531.53 -4 -4 
0 0
-4469.14 -2239.07 -3 6 
-1368.76 -8439.83
3538.53 -3532.53 -4 -4 
0 0
-4469.14 -2239.07 -3 6 
-1368.76 -8439.83
-4468.14 -2234.07 -3 6 

2 0 2 0
3539.53 -3531.53 -4 -4 
0 0
-4469.14 -2239.07 -3 6 
-1368.76 -8439.83
3538.53 -3532.53 -4 -4 
0 0
-4469.14 -2239.07 -3 6 
-1368.76 -8439.83
-4465.14 -2238.07 -3 6 

1 0 1 0
1770.77 -1764.77 -4 -4 
1770.77 -1764.77 -4 -4 

1 0 1 0
1771.77 -1763.77 -4 -4 
0 0
1770.77 -1764.77 -4 -4 
0 0
1771.77 -1763.77 -4 -4 

1 0 1 0
1771.77 -1763.77 -4 -4 
0 0
1770.77 -1764.77 -4 -4 
0 0
1767.77 -1764.77 -4 -4 

1 0 1 0
1771.77 -1763.77 -4 -4 
0 0
1770.77 -1764.77 -4 -4 
0 0
1768.77 -1759.77 -4 -4 

2 0 2 0
1771.77 -1763.77 -4 -4 
0 0
2080.13 -1386.75 -2 -3 
1942.81 -1592.72
1770.77 -1764.77 -4 -4 
0 0
2080.13 -1386.75 -2 -3 
1942.81 -1592.72
2080.13 -1386.75 -2 -3 

2 0 2 0
1771.77 -1763.77 -4 -4 
0 0
2080.13 -1386.75 -2 -3 
1942.81 -1592.72
1770.77 -1764.77 -4 -4 
0 0
2080.13 -1386.75 -2 -3 
1942.81 -1592.72
2079.13 -1387.75 -2 -3 

2 0 2 0
1771.77 -1763.77 -4 -4 
0 0
2080.13 -1386.75 -2 -3 
1942.81 -1592.72
1770.77 -1764.77 -4 -4 
0 0
2080.13 -1386.75 -2 -3 
1942.81 -1592.72
2076.13 -1387.75 -2 -3 

2 0 2 0
1771.77 -1763.77 -4 -4 
0 0
2080.13 -1386.75 -2 -3 
1942.81 -1592.72
1770.77 -1764.77 -4 -4 
0 0
2080.13 -1386.75 -2 -3 
1942.81 -1592.72
2077.13 -1382.75 -2 -3 

2 0 2 0
1771.77 -1763.77 -4 -4 
0 0
1281.24 2144.73 5 -3 
4030.63 495.097
1770.77 -1764.77 -4 -4 
0 0
1281.24 2144.73 5 -3 
4030.63 495.097
1281.24 2144.73 5 -3 

2 0 2 0
1771.77 -1763.77 -4 -4 
0 0
1281.24 2144.73 5 -3 
4030.63 495.097
1770.77 -1764.77 -4 -4 
0 0
1281.24 2144.73 5 -3 
4030.63 495.097
1284.24 2140.73 5 -3 

2 0 2 0
1771.77 -1763.77 -4 -4 
0 0
1281.24 2144.73 5 -3 
4030.63 495.097
1770.77 -1764.77 -4 -4 
0 0
1281.24 2144.73 5 -3 
4030.63 495.097
1283.24 2139.73 5 -3 

2 0 2 0
1771.77 -1763.77 -4 -4 
0 0
1281.24 2144.73 5 -3 
4030.63 495.097
1770.77 -1764.77 -4 -4 
0 0
1281.24 2144.73 5 -3 
4030.63 495.097
1280.24 2139.73 5 -3 

2 0 2 0
1771.77 -1763.77 -4 -4 
0 0
-1767.77 1765.77 4 4 
inf inf
1770.77 -1764.77 -4 -4 
0 0
-1767.77 1765.77 4 4 
inf inf
-1767.77 1765.77 4 4 

2 0 2 0
1771.77 -1763.77 -4 -4 
0 0
-1768.77 1760.77 4 4 
inf inf
1770.77 -1764.77 -4 -4 
0 0
-1767.77 1765.77 4 4 
inf inf
-1768.77 1760.77 4 4 

2 0 2 0
1771.77 -1763.77 -4 -4 
0 0
-1765.77 1760.77 4 4 
inf inf
1770.77 -1764.77 -4 -4 
0 0
-1767.77 1765.77 4 4 
inf inf
-1765.77 1760.77 4 4 

2 0 2 0
1771.77 -1763.77 -4 -4 
0 0
-1764.77 1761.77 4 4 
inf inf
1770.77 -1764.77 -4 -4 
0 0
-1767.77 1765.77 4 4 
inf inf
-1764.77 1761.77 4 4 

2 0 2 0
1771.77 -1763.77 -4 -4 
0 0
-2233.07 -1121.03 -3 6 
-683.879 -4219.41
1770.77 -1764.77 -4 -4 
0 0
-2233.07 -1121.03 -3 6 
-683.879 -4219.41
-2233.07 -1121.03 -3 6 

2 0 2 0
1771.77 -1763.77 -4 -4 
0 0
-2233.07 -1121.03 -3 6 
-683.879 -4219.41
1770.77 -1764.77 -4 -4 
0 0
-2233.07 -1121.03 -3 6 
-683.879 -4219.41
-2230.07 -1121.03 -3 6 

2 0 2 0
1771.77 -1763.77 -4 -4 
0 0
-2233.07 -1121.03 -3 6 
-683.879 -4219.41
1770.77 -1764.77 -4 -4 
0 0
-2233.07 -1121.03 -3 6 
-683.879 -4219.41
-2232.07 -1116.03 -3 6 

2 0 2 0
1771.77 -1763.77 -4 -4 
0 0
-2233.07 -1121.03 -3 6 
-683.879 -4219.41
1770.77 -1764.77 -4 -4 
0 0
-2233.07 -1121.03 -3 6 
-683.879 -4219.41
-2229.07 -1120.03 -3 6 

1 0 1 0
886.883 -880.883 -4 -4 
886.883 -880.883 -4 -4 

1 0 1 0
887.883 -879.883 -4 -4 
0 0
886.883 -880.883 -4 -4 
0 0
887.883 -879.883 -4 -4 

1 0 1 0
887.883 -879.883 -4 -4 
0 0
886.883 -880.883 -4 -4 
0 0
883.883 -880.883 -4 -4 

1 0 1 0
887.883 -879.883 -4 -4 
0 0
886.883 -880.883 -4 -4 
0 0
884.883 -875.883 -4 -4 

2 0 2 0
887.883 -879.883 -4 -4 
0 0
1040.06 -693.375 -2 -3 
971.405 -796.362
886.883 -880.883 -4 -4 
0 0
1040.06 -693.375 -2 -3 
971.405 -796.362
1040.06 -693.375 -2 -3 

2 0 2 0
887.883 -879.883 -4 -4 
0 0
1040.06 -693.375 -2 -3 
971.405 -796.362
886.883 -880.883 -4 -4 
0 0
1040.06 -693.375 -2 -3 
971.405 -796.362
1039.06 -694.375 -2 -3 

2 0 2 0
887.883 -879.883 -4 -4 
0 0
1040.06 -693.375 -2 -3 
971.405 -796.362
886.883 -880.883 -4 -4 
0 0
1040.06 -693.375 -2 -3 
971.405 -796.362
1036.06 -694.375 -2 -3 

2 0 2 0
887.883 -879.883 -4 -4 
0 0
1040.06 -693.375 -2 -3 
971.405 -796.362
886.883 -880.883 -4 -4 
0 0
1040.06 -693.375 -2 -3 
971.405 -796.362
1037.06 -689.375 -2 -3 

2 0 2 0
887.883 -879.883 -4 -4 
0 0
638.12 1072.87 5 -3 
2014.69 246.924
886.883 -880.883 -4 -4 
0 0
638.12 1072.87 5 -3 
2014.69 246.924
638.12 1072.87 5 -3 

2 0 2 0
887.883 -879.883 -4 -4 
0 0
638.12 1072.87 5 -3 
2014.69 246.924
886.883 -880.883 -4 -4 
0 0
638.12 1072.87 5 -3 
2014.69 246.924
641.12 1068.87 5 -3 

2 0 2 0
887.883 -879.883 -4 -4 
0 0
638.12 1072.87 5 -3 
2014.69 246.924
886.883 -880.883 -4 -4 
0 0
638.12 1072.87 5 -3 
2014.69 246.924
640.12 1067.87 5 -3 

2 0 2 0
887.883 -879.883 -4 -4 
0 0
638.12 1072.87 5 -3 
2014.69 246.924
886.883 -880.883 -4 -4 
0 0
638.12 1072.87 5 -3 
2014.69 246.924
637.12 1067.87 5 -3 

2 0 2 0
887.883 -879.883 -4 -4 
0 0
-883.883 881.883 4 4 
inf inf
886.883 -880.883 -4 -4 
0 0
-883.883 881.883 4 4 
inf inf
-883.883 881.883 4 4 

2 0 2 0
887.883 -879.883 -4 -4 
0 0
-884.883 876.883 4 4 
inf inf
886.883 -880.883 -4 -4 
0 0
-883.883 881.883 4 4 
inf inf
-884.883 876.883 4 4 

2 0 2 0
887.883 -879.883 -4 -4 
0 0
-881.883 876.883 4 4 
inf inf
886.883 -880.883 -4 -4 
0 0
-883.883 881.883 4 4 
inf inf
-881.883 876.883 4 4 

2 0 2 0
887.883 -879.883 -4 -4 
0 0
-880.883 877.883 4 4 
inf inf
886.883 -880.883 -4 -4 
0 0
-883.883 881.883 4 4 
inf inf
-880.883 877.883 4 4 

2 0 2 0
887.883 -879.883 -4 -4 
0 0
-1115.03 -562.017 -3 6 
-341.439 -2109.21
886.883 -880.883 -4 -4 
0 0
-1115.03 -562.017 -3 6 
-341.439 -2109.21
-1115.03 -562.017 -3 6 

2 0 2 0
887.883 -879.883 -4 -4 
0 0
-1115.03 -562.017 -3 6 
-341.439 -2109.21
886.883 -880.883 -4 -4 
0 0
-1115.03 -562.017 -3 6 
-341.439 -2109.21
-1112.03 -562.017 -3 6 

2 0 2 0
887.883 -879.883 -4 -4 
0 0
-1115.03 -562.017 -3 6 
-341.439 -2109.21
886.883 -880.883 -4 -4 
0 0
-1115.03 -562.017 -3 6 
-341.439 -2109.21
-1114.03 -557.017 -3 6 

2 0 2 0
887.883 -879.883 -4 -4 
0 0
-1115.03 -562.017 -3 6 
-341.439 -2109.21
886.883 -880.883 -4 -4 
0 0
-1115.03 -562.017 -3 6 
-341.439 -2109.21
-1111.03 -561.017 -3 6 

1 0 1 0
444.942 -438.942 -4 -4 
444.942 -438.942 -4 -4 

1 0 1 0
445.942 -437.942 -4 -4 
0 0
444.942 -438.942 -4 -4 
0 0
445.942 -437.942 -4 -4 

1 0 1 0
445.942 -437.942 -4 -4 
0 0
444.942 -438.942 -4 -4 
0 0
441.942 -438.942 -4 -4 

1 0 1 0
445.942 -437.942 -4 -4 
0 0
444.942 -438.942 -4 -4 
0 0
442.942 -433.942 -4 -4 

2 0 2 0
445.942 -437.942 -4 -4 
0 0
520.031 -346.688 -2 -3 
485.703 -398.181
444.942 -438.942 -4 -4 
0 0
520.031 -346.688 -2 -3 
485.703 -398.181
520.031 -346.688 -2 -3 

2 0 2 0
445.942 -437.942 -4 -4 
0 0
520.031 -346.688 -2 -3 
485.703 -398.181
444.942 -438.942 -4 -4 
0 0
520.031 -346.688 -2 -3 
485.703 -398.181
519.031 -347.688 -2 -3 

2 0 2 0
445.942 -437.942 -4 -4 
0 0
520.031 -346.688 -2 -3 
485.703 -398.181
444.942 -438.942 -4 -4 
0 0
520.031 -346.688 -2 -3 
485.703 -398.181
516.031 -347.688 -2 -3 

2 0 2 0
445.942 -437.942 -4 -4 
0 0
520.031 -346.688 -2 -3 
485.703 -398.181
444.942 -438.942 -4 -4 
0 0
520.031 -346.688 -2 -3 
485.703 -398.181
517.031 -342.688 -2 -3 

2 0 2 0
445.942 -437.942 -4 -4 
0 0
316.56 536.933 5 -3 
1006.72 122.837
444.942 -438.942 -4 -4 
0 0
316.56 536.933 5 -3 
1006.72 122.837
316.56 536.933 5 -3 

2 0 2 0
445.942 -437.942 -4 -4 
0 0
316.56 536.933 5 -3 
1006.72 122.837
444.942 -438.942 -4 -4 
0 0
316.56 536.933 5 -3 
1006.72 122.837
319.56 532.933 5 -3 

2 0 2 0
445.942 -437.942 -4 -4 
0 0
316.56 536.933 5 -3 
1006.72 122.837
444.942 -438.942 -4 -4 
0 0
316.56 536.933 5 -3 
1006.72 122.837
318.56 531.933 5 -3 

2 0 2 0
445.942 -437.942 -4 -4 
0 0
316.56 536.933 5 -3 
1006.72 122.837
444.942 -438.942 -4 -4 
0 0
316.56 536.933 5 -3 
1006.72 122.837
315.56 531.933 5 -3 

2 0 2 0
445.942 -437.942 -4 -4 
0 0
-441.942 439.942 4 4 
inf inf
444.942 -438.942 -4 -4 
0 0
-441.942 439.942 4 4 
inf inf
-441.942 439.942 4 4 

2 0 2 0
445.942 -437.942 -4 -4 
0 0
-442.942 434.942 4 4 
inf inf
444.942 -438.942 -4 -4 
0 0
-441.942 439.942 4 4 
inf inf
-442.942 434.942 4 4 

2 0 2 0
445.942 -437.942 -4 -4 
0 0
-439.942 434.942 4 4 
inf inf
444.942 -438.942 -4 -4 
0 0
-441.942 439.942 4 4 
inf inf
-439.942 434.942 4 4 

2 0 2 0
445.942 -437.942 -4 -4 
0 0
-438.942 435.942 4 4 
inf inf
444.942 -438.942 -4 -4 
0 0
-441.942 439.942 4 4 
inf inf
-438.942 435.942 4 4 

2 0 2 0
445.942 -437.942 -4 -4 
0 0
-556.017 -282.508 -3 6 
-170.22 -1054.1
444.942 -438.942 -4 -4 
0 0
-556.017 -282.508 -3 6 
-170.22 -1054.1
-556.017 -282.508 -3 6 

2 0 2 0
445.942 -437.942 -4 -4 
0 0
-556.017 -282.508 -3 6 
-170.22 -1054.1
444.942 -438.942 -4 -4 
0 0
-556.017 -282.508 -3 6 
-170.22 -1054.1
-553.017 -282.508 -3 6 

2 0 2 0
445.942 -437.942 -4 -4 
0 0
-556.017 -282.508 -3 6 
-170.22 -1054.1
444.942 -438.942 -4 -4 
0 0
-556.017 -282.508 -3 6 
-170.22 -1054.1
-555.017 -277.508 -3 6 

2 0 2 0
445.942 -437.942 -4 -4 
0 0
-556.017 -282.508 -3 6 
-170.22 -1054.1
444.942 -438.942 -4 -4 
0 0
-556.017 -282.508 -3 6 
-170.22 -1054.1
-552.017 -281.508 -3 6 

1 0 1 0
223.971 -217.971 -4 -4 
223.971 -217.971 -4 -4 

1 0 1 0
224.971 -216.971 -4 -4 
0 0
223.971 -217.971 -4 -4 
0 0
224.971 -216.971 -4 -4 

1 0 1 0
224.971 -216.971 -4 -4 
0 0
223.971 -217.971 -4 -4 
0 0
220.971 -217.971 -4 -4 

1 0 1 0
224.971 -216.971 -4 -4 
0 0
223.971 -217.971 -4 -4 
0 0
221.971 -212.971 -4 -4 

2 0 2 0
224.971 -216.971 -4 -4 
0 0
260.016 -173.344 -2 -3 
242.851 -199.09
223.971 -217.971 -4 -4 
0 0
260.016 -173.344 -2 -3 
242.851 -199.09
260.016 -173.344 -2 -3 

2 0 2 0
224.971 -216.971 -4 -4 
0 0
260.016 -173.344 -2 -3 
242.851 -199.09
223.971 -217.971 -4 -4 
0 0
260.016 -173.344 -2 -3 
242.851 -199.09
259.016 -174.344 -2 -3 

2 0 2 0
224.971 -216.971 -4 -4 
0 0
260.016 -173.344 -2 -3 
242.851 -199.09
223.971 -217.971 -4 -4 
0 0
260.016 -173.344 -2 -3 
242.851 -199.09
256.016 -174.344 -2 -3 

2 0 2 0
224.971 -216.971 -4 -4 
0 0
260.016 -173.344 -2 -3 
242.851 -199.09
223.971 -217.971 -4 -4 
0 0
260.016 -173.344 -2 -3 
242.851 -199.09
257.016 -169.344 -2 -3 

2 0 2 0
224.971 -216.971 -4 -4 
0 0
155.78 268.967 5 -3 
502.735 60.7934
223.971 -217.971 -4 -4 
0 0
155.78 268.967 5 -3 
502.735 60.7934
155.78 268.967 5 -3 

2 0 2 0
224.971 -216.971 -4 -4 
0 0
155.78 268.967 5 -3 
502.735 60.7934
223.971 -217.971 -4 -4 
0 0
155.78 268.967 5 -3 
502.735 60.7934
158.78 264.967 5 -3 

2 0 2 0
224.971 -216.971 -4 -4 
0 0
155.78 268.967 5 -3 
502.735 60.7934
223.971 -217.971 -4 -4 
0 0
155.78 268.967 5 -3 
502.735 60.7934
157.78 263.967 5 -3 

2 0 2 0
224.971 -216.971 -4 -4 
0 0
155.78 268.967 5 -3 
502.735 60.7934
223.971 -217.971 -4 -4 
0 0
155.78 268.967 5 -3 
502.735 60.7934
154.78 263.967 5 -3 

2 0 2 0
224.971 -216.971 -4 -4 
0 0
-220.971 218.971 4 4 
inf inf
223.971 -217.971 -4 -4 
0 0
-220.971 218.971 4 4 
inf inf
-220.971 218.971 4 4 

2 0 2 0
224.971 -216.971 -4 -4 
0 0
-221.971 213.971 4 4 
inf inf
223.971 -217.971 -4 -4 
0 0
-220.971 218.971 4 4 
inf inf
-221.971 213.971 4 4 

2 0 2 0
224.971 -216.971 -4 -4 
0 0
-218.971 213.971 4 4 
inf inf
223.971 -217.971 -4 -4 
0 0
-220.971 218.971 4 4 
inf inf
-218.971 213.971 4 4 

2 0 2 0
224.971 -216.971 -4 -4 
0 0
-217.971 214.971 4 4 
inf inf
223.971 -217.971 -4 -4 
0 0
-220.971 218.971 4 4 
inf inf
-217.971 214.971 4 4 

2 0 2 0
224.971 -216.971 -4 -4 
0 0
-276.508 -142.754 -3 6 
-84.6098 -526.552
223.971 -217.971 -4 -4 
0 0
-276.508 -142.754 -3 6 
-84.6098 -526.552
-276.508 -142.754 -3 6 

2 0 2 0
224.971 -216.971 -4 -4 
0 0
-276.508 -142.754 -3 6 
-84.6098 -526.552
223.971 -217.971 -4 -4 
0 0
-276.508 -142.754 -3 6 
-84.6098 -526.552
-273.508 -142.754 -3 6 

2 0 2 0
224.971 -216.971 -4 -4 
0 0
-276.508 -142.754 -3 6 
-84.6098 -526.552
223.971 -217.971 -4 -4 
0 0
-276.508 -142.754 -3 6 
-84.6098 -526.552
-275.508 -137.754 -3 6 

2 0 2 0
224.971 -216.971 -4 -4 
0 0
-276.508 -142.754 -3 6 
-84.6098 -526.552
223.971 -217.971 -4 -4 
0 0
-276.508 -142.754 -3 6 
-84.6098 -526.552
-272.508 -141.754 -3 6 

1 0 1 0
113.485 -107.485 -4 -4 
113.485 -107.485 -4 -4 

1 0 1 0
114.485 -106.485 -4 -4 
0 0
113.485 -107.485 -4 -4 
0 0
114.485 -106.485 -4 -4 

1 0 1 0
114.485 -106.485 -4 -4 
0 0
113.485 -107.485 -4 -4 
0 0
110.485 -107.485 -4 -4 

1 0 1 0
114.485 -106.485 -4 -4 
0 0
113.485 -107.485 -4 -4 
0 0
111.485 -102.485 -4 -4 

2 0 2 0
114.485 -106.485 -4 -4 
0 0
130.008 -86.6719 -2 -3 
121.426 -99.5452
113.485 -107.485 -4 -4 
0 0
130.008 -86.6719 -2 -3 
121.426 -99.5452
130.008 -86.6719 -2 -3 

2 0 2 0
114.485 -106.485 -4 -4 
0 0
130.008 -86.6719 -2 -3 
121.426 -99.5452
113.485 -107.485 -4 -4 
0 0
130.008 -86.6719 -2 -3 
121.426 -99.5452
129.008 -87.6719 -2 -3 

2 0 2 0
114.485 -106.485 -4 -4 
0 0
130.008 -86.6719 -2 -3 
121.426 -99.5452
113.485 -107.485 -4 -4 
0 0
130.008 -86.6719 -2 -3 
121.426 -99.5452
126.008 -87.6719 -2 -3 

2 0 2 0
114.485 -106.485 -4 -4 
0 0
130.008 -86.6719 -2 -3 
121.426 -99.5452
113.485 -107.485 -4 -4 
0 0
130.008 -86.6719 -2 -3 
121.426 -99.5452
127.008 -82.6719 -2 -3 

2 0 2 0
114.485 -106.485 -4 -4 
0 0
75.39 134.983 5 -3 
250.743 29.7717
113.485 -107.485 -4 -4 
0 0
75.39 134.983 5 -3 
250.743 29.7717
75.39 134.983 5 -3 

2 0 2 0
114.485 -106.485 -4 -4 
0 0
75.39 134.983 5 -3 
250.743 29.7717
113.485 -107.485 -4 -4 
0 0
75.39 134.983 5 -3 
250.743 29.7717
78.39 130.983 5 -3 

2 0 2 0
114.485 -106.485 -4 -4 
0 0
75.39 134.983 5 -3 
250.743 29.7717
113.485 -107.485 -4 -4 
0 0
75.39 134.983 5 -3 
250.743 29.7717
77.39 129.983 5 -3 

2 0 2 0
114.485 -106.485 -4 -4 
0 0
75.39 134.983 5 -3 
250.743 29.7717
113.485 -107.485 -4 -4 
0 0
75.39 134.983 5 -3 
250.743 29.7717
74.39 129.983 5 -3 

2 0 2 0
114.485 -106.485 -4 -4 
0 0
-110.485 108.485 4 4 
inf inf
113.485 -107.485 -4 -4 
0 0
-110.485 108.485 4 4 
inf inf
-110.485 108.485 4 4 

2 0 2 0
114.485 -106.485 -4 -4 
0 0
-111.485 103.485 4 4 
inf inf
113.485 -107.485 -4 -4 
0 0
-110.485 108.485 4 4 
inf inf
-111.485 103.485 4 4 

2 0 2 0
114.485 -106.485 -4 -4 
0 0
-108.485 103.485 4 4 
inf inf
113.485 -107.485 -4 -4 
0 0
-110.485 108.485 4 4 
inf inf
-108.485 103.485 4 4 

2 0 2 0
114.485 -106.485 -4 -4 
0 0
-107.485 104.485 4 4 
inf inf
113.485 -107.485 -4 -4 
0 0
-110.485 108.485 4 4 
inf inf
-107.485 104.485 4 4 

2 0 2 0
114.485 -106.485 -4 -4 
0 0
-136.754 -72.8771 -3 6 
-41.8049 -262.776
113.485 -107.485 -4 -4 
0 0
-136.754 -72.8771 -3 6 
-41.8049 -262.776
-136.754 -72.8771 -3 6 

2 0 2 0
114.485 -106.485 -4 -4 
0 0
-136.754 -72.8771 -3 6 
-41.8049 -262.776
113.485 -107.485 -4 -4 
0 0
-136.754 -72.8771 -3 6 
-41.8049 -262.776
-133.754 -72.8771 -3 6 

2 0 2 0
114.485 -106.485 -4 -4 
0 0
-136.754 -72.8771 -3 6 
-41.8049 -262.776
113.485 -107.485 -4 -4 
0 0
-136.754 -72.8771 -3 6 
-41.8049 -262.776
-135.754 -67.8771 -3 6 

2 0 2 0
114.485 -106.485 -4 -4 
0 0
-136.754 -72.8771 -3 6 
-41.8049 -262.776
113.485 -107.485 -4 -4 
0 0
-136.754 -72.8771 -3 6 
-41.8049 -262.776
-132.754 -71.8771 -3 6 

1 0 1 0
58.2427 -52.2427 -4 -4 
58.2427 -52.2427 -4 -4 

1 0 1 0
59.2427 -51.2427 -4 -4 
0 0
58.2427 -52.2427 -4 -4 
0 0
59.2427 -51.2427 -4 -4 

1 0 1 0
59.2427 -51.2427 -4 -4 
0 0
58.2427 -52.2427 -4 -4 
0 0
55.2427 -52.2427 -4 -4 

1 0 1 0
59.2427 -51.2427 -4 -4 
0 0
58.2427 -52.2427 -4 -4 
0 0
56.2427 -47.2427 -4 -4 

2 0 2 0
59.2427 -51.2427 -4 -4 
0 0
65.0039 -43.336 -2 -3 
60.7128 -49.7726
58.2427 -52.2427 -4 -4 
0 0
65.0039 -43.336 -2 -3 
60.7128 -49.7726
65.0039 -43.336 -2 -3 

2 0 2 0
59.2427 -51.2427 -4 -4 
0 0
65.0039 -43.336 -2 -3 
60.7128 -49.7726
58.2427 -52.2427 -4 -4 
0 0
65.0039 -43.336 -2 -3 
60.7128 -49.7726
64.0039 -44.336 -2 -3 

2 0 2 0
59.2427 -51.2427 -4 -4 
0 0
65.0039 -43.336 -2 -3 
60.7128 -49.7726
58.2427 -52.2427 -4 -4 
0 0
65.0039 -43.336 -2 -3 
60.7128 -49.7726
61.0039 -44.336 -2 -3 

2 0 2 0
59.2427 -51.2427 -4 -4 
0 0
65.0039 -43.336 -2 -3 
60.7128 -49.7726
58.2427 -52.2427 -4 -4 
0 0
65.0039 -43.336 -2 -3 
60.7128 -49.7726
62.0039 -39.336 -2 -3 

2 0 2 0
59.2427 -51.2427 -4 -4 
0 0
35.195 67.9916 5 -3 
124.746 14.2609
58.2427 -52.2427 -4 -4 
0 0
35.195 67.9916 5 -3 
124.746 14.2609
35.195 67.9916 5 -3 

2 0 2 0
59.2427 -51.2427 -4 -4 
0 0
35.195 67.9916 5 -3 
124.746 14.2609
58.2427 -52.2427 -4 -4 
0 0
35.195 67.9916 5 -3 
124.746 14.2609
38.195 63.9916 5 -3 

2 0 2 0
59.2427 -51.2427 -4 -4 
0 0
35.195 67.9916 5 -3 
124.746 14.2609
58.2427 -52.2427 -4 -4 
0 0
35.195 67.9916 5 -3 
124.746 14.2609
37.195 62.9916 5 -3 

2 0 2 0
59.2427 -51.2427 -4 -4 
0 0
35.195 67.9916 5 -3 
124.746 14.2609
58.2427 -52.2427 -4 -4 
0 0
35.195 67.9916 5 -3 
124.746 14.2609
34.195 62.9916 5 -3 

2 0 2 0
59.2427 -51.2427 -4 -4 
0 0
-55.2427 53.2427 4 4 
inf inf
58.2427 -52.2427 -4 -4 
0 0
-55.2427 53.2427 4 4 
inf inf
-55.2427 53.2427 4 4 

2 0 2 0
59.2427 -51.2427 -4 -4 
0 0
-56.2427 48.2427 4 4 
inf inf
58.2427 -52.2427 -4 -4 
0 0
-55.2427 53.2427 4 4 
inf inf
-56.2427 48.2427 4 4 

2 0 2 0
59.2427 -51.2427 -4 -4 
0 0
-53.2427 48.2427 4 4 
inf inf
58.2427 -52.2427 -4 -4 
0 0
-55.2427 53.2427 4 4 
inf inf
-53.2427 48.2427 4 4 

2 0 2 0
59.2427 -51.2427 -4 -4 
0 0
-52.2427 49.2427 4 4 
inf inf
58.2427 -52.2427 -4 -4 
0 0
-55.2427 53.2427 4 4 
inf inf
-52.2427 49.2427 4 4 

2 0 2 0
59.2427 -51.2427 -4 -4 
0 0
-66.8771 -37.9386 -3 6 
-20.4025 -130.888
58.2427 -52.2427 -4 -4 
0 0
-66.8771 -37.9386 -3 6 
-20.4025 -130.888
-66.8771 -37.9386 -3 6 

2 0 2 0
59.2427 -51.2427 -4 -4 
0 0
-66.8771 -37.9386 -3 6 
-20.4025 -130.888
58.2427 -52.2427 -4 -4 
0 0
-66.8771 -37.9386 -3 6 
-20.4025 -130.888
-63.8771 -37.9386 -3 6 

2 0 2 0
59.2427 -51.2427 -4 -4 
0 0
-66.8771 -37.9386 -3 6 
-20.4025 -130.888
58.2427 -52.2427 -4 -4 
0 0
-66.8771 -37.9386 -3 6 
-20.4025 -130.888
-65.8771 -32.9386 -3 6 

2 0 2 0
59.2427 -51.2427 -4 -4 
0 0
-66.8771 -37.9386 -3 6 
-20.4025 -130.888
58.2427 -52.2427 -4 -4 
0 0
-66.8771 -37.9386 -3 6 
-20.4025 -130.888
-62.8771 -36.9386 -3 6 

1 0 1 0
30.6214 -24.6214 -4 -4 
30.6214 -24.6214 -4 -4 

1 0 1 0
31.6214 -23.6214 -4 -4 
0 0
30.6214 -24.6214 -4 -4 
0 0
31.6214 -23.6214 -4 -4 

1 0 1 0
31.6214 -23.6214 -4 -4 
0 0
30.6214 -24.6214 -4 -4 
0 0
27.6214 -24.6214 -4 -4 

1 0 1 0
31.6214 -23.6214 -4 -4 
0 0
30.6214 -24.6214 -4 -4 
0 0
28.6214 -19.6214 -4 -4 

2 0 2 0
31.6214 -23.6214 -4 -4 
0 0
32.502 -21.668 -2 -3 
30.3564 -24.8863
30.6214 -24.6214 -4 -4 
0 0
32.502 -21.668 -2 -3 
30.3564 -24.8863
32.502 -21.668 -2 -3 

2 0 2 0
31.6214 -23.6214 -4 -4 
0 0
32.502 -21.668 -2 -3 
30.3564 -24.8863
30.6214 -24.6214 -4 -4 
0 0
32.502 -21.668 -2 -3 
30.3564 -24.8863
31.502 -22.668 -2 -3 

2 0 2 0
31.6214 -23.6214 -4 -4 
0 0
32.502 -21.668 -2 -3 
30.3564 -24.8863
30.6214 -24.6214 -4 -4 
0 0
32.502 -21.668 -2 -3 
30.3564 -24.8863
28.502 -22.668 -2 -3 

2 0 2 0
31.6214 -23.6214 -4 -4 
0 0
32.502 -21.668 -2 -3 
30.3564 -24.8863
30.6214 -24.6214 -4 -4 
0 0
32.502 -21.668 -2 -3 
30.3564 -24.8863
29.502 -17.668 -2 -3 

2 0 2 0
31.6214 -23.6214 -4 -4 
0 0
15.0975 34.4958 5 -3 
61.7481 6.50543
30.6214 -24.6214 -4 -4 
0 0
15.0975 34.4958 5 -3 
61.7481 6.50543
15.0975 34.4958 5 -3 

2 0 2 0
31.6214 -23.6214 -4 -4 
0 0
15.0975 34.4958 5 -3 
61.7481 6.50543
30.6214 -24.6214 -4 -4 
0 0
15.0975 34.4958 5 -3 
61.7481 6.50543
18.0975 30.4958 5 -3 

2 0 2 0
31.6214 -23.6214 -4 -4 
0 0
15.0975 34.4958 5 -3 
61.7481 6.50543
30.6214 -24.6214 -4 -4 
0 0
15.0975 34.4958 5 -3 
61.7481 6.50543
17.0975 29.4958 5 -3 

2 0 2 0
31.6214 -23.6214 -4 -4 
0 0
15.0975 34.4958 5 -3 
61.7481 6.50543
30.6214 -24.6214 -4 -4 
0 0
15.0975 34.4958 5 -3 
61.7481 6.50543
14.0975 29.4958 5 -3 

2 0 2 0
31.6214 -23.6214 -4 -4 
0 0
-27.6214 25.6214 4 4 
inf inf
30.6214 -24.6214 -4 -4 
0 0
-27.6214 25.6214 4 4 
inf inf
-27.6214 25.6214 4 4 

2 0 2 0
31.6214 -23.6214 -4 -4 
0 0
-28.6214 20.6214 4 4 
inf inf
30.6214 -24.6214 -4 -4 
0 0
-27.6214 25.6214 4 4 
inf inf
-28.6214 20.6214 4 4 

2 0 2 0
31.6214 -23.6214 -4 -4 
0 0
-25.6214 20.6214 4 4 
inf inf
30.6214 -24.6214 -4 -4 
0 0
-27.6214 25.6214 4 4 
inf inf
-25.6214 20.6214 4 4 

2 0 2 0
31.6214 -23.6214 -4 -4 
0 0
-24.6214 21.6214 4 4 
inf inf
30.6214 -24.6214 -4 -4 
0 0
-27.6214 25.6214 4 4 
inf inf
-24.6214 21.6214 4 4 

2 0 2 0
31.6214 -23.6214 -4 -4 
0 0
-31.9386 -20.4693 -3 6 
-9.70123 -64.9439
30.6214 -24.6214 -4 -4 
0 0
-31.9386 -20.4693 -3 6 
-9.70123 -64.9439
-31.9386 -20.4693 -3 6 

2 0 2 0
31.6214 -23.6214 -4 -4 
0 0
-31.9386 -20.4693 -3 6 
-9.70123 -64.9439
30.6214 -24.6214 -4 -4 
0 0
-31.9386 -20.4693 -3 6 
-9.70123 -64.9439
-28.9386 -20.4693 -3 6 

2 0 2 0
31.6214 -23.6214 -4 -4 
0 0
-31.9386 -20.4693 -3 6 
-9.70123 -64.9439
30.6214 -24.6214 -4 -4 
0 0
-31.9386 -20.4693 -3 6 
-9.70123 -64.9439
-30.9386 -15.4693 -3 6 

2 0 2 0
31.6214 -23.6214 -4 -4 
0 0
-31.9386 -20.4693 -3 6 
-9.70123 -64.9439
30.6214 -24.6214 -4 -4 
0 0
-31.9386 -20.4693 -3 6 
-9.70123 -64.9439
-27.9386 -19.4693 -3 6 

1 0 1 0
16.8107 -10.8107 -4 -4 
16.8107 -10.8107 -4 -4 

1 0 1 0
17.8107 -9.81068 -4 -4 
0 0
16.8107 -10.8107 -4 -4 
0 0
17.8107 -9.81068 -4 -4 

1 0 1 0
17.8107 -9.81068 -4 -4 
0 0
16.8107 -10.8107 -4 -4 
0 0
13.8107 -10.8107 -4 -4 

1 0 1 0
17.8107 -9.81068 -4 -4 
0 0
16.8107 -10.8107 -4 -4 
0 0
14.8107 -5.81068 -4 -4 

2 0 2 0
17.8107 -9.81068 -4 -4 
0 0
16.251 -10.834 -2 -3 
15.1782 -12.4432
16.8107 -10.8107 -4 -4 
0 0
16.251 -10.834 -2 -3 
15.1782 -12.4432
16.251 -10.834 -2 -3 

2 0 2 0
17.8107 -9.81068 -4 -4 
0 0
16.251 -10.834 -2 -3 
15.1782 -12.4432
16.8107 -10.8107 -4 -4 
0 0
16.251 -10.834 -2 -3 
15.1782 -12.4432
15.251 -11.834 -2 -3 

2 0 2 0
17.8107 -9.81068 -4 -4 
0 0
16.251 -10.834 -2 -3 
15.1782 -12.4432
16.8107 -10.8107 -4 -4 
0 0
16.251 -10.834 -2 -3 
15.1782 -12.4432
12.251 -11.834 -2 -3 

2 0 2 0
17.8107 -9.81068 -4 -4 
0 0
16.251 -10.834 -2 -3 
15.1782 -12.4432
16.8107 -10.8107 -4 -4 
0 0
16.251 -10.834 -2 -3 
15.1782 -12.4432
13.251 -6.83399 -2 -3 

2 0 2 0
17.8107 -9.81068 -4 -4 
0 0
5.04875 17.7479 5 -3 
30.2491 2.62771
16.8107 -10.8107 -4 -4 
0 0
5.04875 17.7479 5 -3 
30.2491 2.62771
5.04875 17.7479 5 -3 

2 0 2 0
17.8107 -9.81068 -4 -4 
0 0
5.04875 17.7479 5 -3 
30.2491 2.62771
16.8107 -10.8107 -4 -4 
0 0
5.04875 17.7479 5 -3 
30.2491 2.62771
8.04875 13.7479 5 -3 

2 0 2 0
17.8107 -9.81068 -4 -4 
0 0
5.04875 17.7479 5 -3 
30.2491 2.62771
16.8107 -10.8107 -4 -4 
0 0
5.04875 17.7479 5 -3 
30.2491 2.62771
7.04875 12.7479 5 -3 

2 0 2 0
17.8107 -9.81068 -4 -4 
0 0
5.04875 17.7479 5 -3 
30.2491 2.62771
16.8107 -10.8107 -4 -4 
0 0
5.04875 17.7479 5 -3 
30.2491 2.62771
4.04875 12.7479 5 -3 

2 0 2 0
17.8107 -9.81068 -4 -4 
0 0
-13.8107 11.8107 4 4 
inf inf
16.8107 -10.8107 -4 -4 
0 0
-13.8107 11.8107 4 4 
inf inf
-13.8107 11.8107 4 4 

2 0 2 0
17.8107 -9.81068 -4 -4 
0 0
-14.8107 6.81068 4 4 
inf inf
16.8107 -10.8107 -4 -4 
0 0
-13.8107 11.8107 4 4 
inf inf
-14.8107 6.81068 4 4 

2 0 2 0
17.8107 -9.81068 -4 -4 
0 0
-11.8107 6.81068 4 4 
inf inf
16.8107 -10.8107 -4 -4 
0 0
-13.8107 11.8107 4 4 
inf inf
-11.8107 6.81068 4 4 

2 0 2 0
17.8107 -9.81068 -4 -4 
0 0
-10.8107 7.81068 4 4 
inf inf
16.8107 -10.8107 -4 -4 
0 0
-13.8107 11.8107 4 4 
inf inf
-10.8107 7.81068 4 4 

2 0 2 0
17.8107 -9.81068 -4 -4 
0 0
-14.4693 -11.7346 -3 6 
-4.35061 -31.972
16.8107 -10.8107 -4 -4 
0 0
-14.4693 -11.7346 -3 6 
-4.35061 -31.972
-14.4693 -11.7346 -3 6 

2 0 2 0
17.8107 -9.81068 -4 -4 
0 0
-14.4693 -11.7346 -3 6 
-4.35061 -31.972
16.8107 -10.8107 -4 -4 
0 0
-14.4693 -11.7346 -3 6 
-4.35061 -31.972
-11.4693 -11.7346 -3 6 

2 0 2 0
17.8107 -9.81068 -4 -4 
0 0
-14.4693 -11.7346 -3 6 
-4.35061 -31.972
16.8107 -10.8107 -4 -4 
0 0
-14.4693 -11.7346 -3 6 
-4.35061 -31.972
-13.4693 -6.73464 -3 6 

2 0 2 0
17.8107 -9.81068 -4 -4 
0 0
-14.4693 -11.7346 -3 6 
-4.35061 -31.972
16.8107 -10.8107 -4 -4 
0 0
-14.4693 -11.7346 -3 6 
-4.35061 -31.972
-10.4693 -10.7346 -3 6 

1 0 1 0
9.90534 -3.90534 -4 -4 
9.90534 -3.90534 -4 -4 

1 0 1 0
10.9053 -2.90534 -4 -4 
0 0
9.90534 -3.90534 -4 -4 
0 0
10.9053 -2.90534 -4 -4 

1 0 1 0
10.9053 -2.90534 -4 -4 
0 0
9.90534 -3.90534 -4 -4 
0 0
6.90534 -3.90534 -4 -4 

1 0 1 0
10.9053 -2.90534 -4 -4 
0 0
9.90534 -3.90534 -4 -4 
0 0
7.90534 1.09466 -4 -4 

2 0 2 0
10.9053 -2.90534 -4 -4 
0 0
8.12549 -5.41699 -2 -3 
7.5891 -6.22158
9.90534 -3.90534 -4 -4 
0 0
8.12549 -5.41699 -2 -3 
7.5891 -6.22158
8.12549 -5.41699 -2 -3 

2 0 2 0
10.9053 -2.90534 -4 -4 
0 0
8.12549 -5.41699 -2 -3 
7.5891 -6.22158
9.90534 -3.90534 -4 -4 
0 0
8.12549 -5.41699 -2 -3 
7.5891 -6.22158
7.12549 -6.41699 -2 -3 

2 0 2 0
10.9053 -2.90534 -4 -4 
0 0
8.12549 -5.41699 -2 -3 
7.5891 -6.22158
9.90534 -3.90534 -4 -4 
0 0
8.12549 -5.41699 -2 -3 
7.5891 -6.22158
4.12549 -6.41699 -2 -3 

2 0 2 0
10.9053 -2.90534 -4 -4 
0 0
8.12549 -5.41699 -2 -3 
7.5891 -6.22158
9.90534 -3.90534 -4 -4 
0 0
8.12549 -5.41699 -2 -3 
7.5891 -6.22158
5.12549 -1.41699 -2 -3 

2 0 2 0
10.9053 -2.90534 -4 -4 
0 0
0.0243726 9.37395 5 -3 
14.4995 0.688856
9.90534 -3.90534 -4 -4 
0 0
0.0243726 9.37395 5 -3 
14.4995 0.688856
0.0243726 9.37395 5 -3 

2 0 2 0
10.9053 -2.90534 -4 -4 
0 0
0.0243726 9.37395 5 -3 
14.4995 0.688856
9.90534 -3.90534 -4 -4 
0 0
0.0243726 9.37395 5 -3 
14.4995 0.688856
3.02437 5.37395 5 -3 

2 0 2 0
10.9053 -2.90534 -4 -4 
0 0
0.0243726 9.37395 5 -3 
14.4995 0.688856
9.90534 -3.90534 -4 -4 
0 0
0.0243726 9.37395 5 -3 
14.4995 0.688856
2.02437 4.37395 5 -3 

2 0 2 0
10.9053 -2.90534 -4 -4 
0 0
0.0243726 9.37395 5 -3 
14.4995 0.688856
9.90534 -3.90534 -4 -4 
0 0
0.0243726 9.37395 5 -3 
14.4995 0.688856
-0.975627 4.37395 5 -3 

2 0 2 0
10.9053 -2.90534 -4 -4 
0 0
-6.90534 4.90534 4 4 
inf inf
9.90534 -3.90534 -4 -4 
0 0
-6.90534 4.90534 4 4 
inf inf
-6.90534 4.90534 4 4 

2 0 2 0
10.9053 -2.90534 -4 -4 
0 0
-7.90534 -0.0946603 4 4 
inf inf
9.90534 -3.90534 -4 -4 
0 0
-6.90534 4.90534 4 4 
inf inf
-7.90534 -0.0946603 4 4 

2 0 2 0
10.9053 -2.90534 -4 -4 
0 0
-4.90534 -0.0946603 4 4 
inf inf
9.90534 -3.90534 -4 -4 
0 0
-6.90534 4.90534 4 4 
inf inf
-4.90534 -0.0946603 4 4 

2 0 2 0
10.9053 -2.90534 -4 -4 
0 0
-3.90534 0.90534 4 4 
inf inf
9.90534 -3.90534 -4 -4 
0 0
-6.90534 4.90534 4 4 
inf inf
-3.90534 0.90534 4 4 

2 0 2 0
10.9053 -2.90534 -4 -4 
0 0
-5.73464 -7.36732 -3 6 
-1.67531 -15.486
9.90534 -3.90534 -4 -4 
0 0
-5.73464 -7.36732 -3 6 
-1.67531 -15.486
-5.73464 -7.36732 -3 6 

2 0 2 0
10.9053 -2.90534 -4 -4 
0 0
-5.73464 -7.36732 -3 6 
-1.67531 -15.486
9.90534 -3.90534 -4 -4 
0 0
-5.73464 -7.36732 -3 6 
-1.67531 -15.486
-2.73464 -7.36732 -3 6 

2 0 2 0
10.9053 -2.90534 -4 -4 
0 0
-5.73464 -7.36732 -3 6 
-1.67531 -15.486
9.90534 -3.90534 -4 -4 
0 0
-5.73464 -7.36732 -3 6 
-1.67531 -15.486
-4.73464 -2.36732 -3 6 

2 0 2 0
10.9053 -2.90534 -4 -4 
0 0
-5.73464 -7.36732 -3 6 
-1.67531 -15.486
9.90534 -3.90534 -4 -4 
0 0
-5.73464 -7.36732 -3 6 
-1.67531 -15.486
-1.73464 -6.36732 -3 6 

1 0 1 0
6.45267 -0.45267 -4 -4 
6.45267 -0.45267 -4 -4 

1 0 1 0
7.45267 0.54733 -4 -4 
0 0
6.45267 -0.45267 -4 -4 
0 0
7.45267 0.54733 -4 -4 

1 0 1 0
7.45267 0.54733 -4 -4 
0 0
6.45267 -0.45267 -4 -4 
0 0
3.45267 -0.45267 -4 -4 

1 0 1 0
7.45267 0.54733 -4 -4 
0 0
6.45267 -0.45267 -4 -4 
0 0
4.45267 4.54733 -4 -4 

2 0 2 0
7.45267 0.54733 -4 -4 
0 0
4.06275 -2.7085 -2 -3 
3.79455 -3.11079
6.45267 -0.45267 -4 -4 
0 0
4.06275 -2.7085 -2 -3 
3.79455 -3.11079
4.06275 -2.7085 -2 -3 

2 0 2 0
7.45267 0.54733 -4 -4 
0 0
4.06275 -2.7085 -2 -3 
3.79455 -3.11079
6.45267 -0.45267 -4 -4 
0 0
4.06275 -2.7085 -2 -3 
3.79455 -3.11079
3.06275 -3.7085 -2 -3 

2 0 2 0
7.45267 0.54733 -4 -4 
0 0
4.06275 -2.7085 -2 -3 
3.79455 -3.11079
6.45267 -0.45267 -4 -4 
0 0
4.06275 -2.7085 -2 -3 
3.79455 -3.11079
0.0627456 -3.7085 -2 -3 

2 0 2 0
7.45267 0.54733 -4 -4 
0 0
4.06275 -2.7085 -2 -3 
3.79455 -3.11079
6.45267 -0.45267 -4 -4 
0 0
4.06275 -2.7085 -2 -3 
3.79455 -3.11079
1.06275 1.2915 -2 -3 

2 0 2 0
7.45267 0.54733 -4 -4 
0 0
-2.48781 5.18698 5 -3 
6.62477 -0.280572
6.45267 -0.45267 -4 -4 
0 0
-2.48781 5.18698 5 -3 
6.62477 -0.280572
-2.48781 5.18698 5 -3 

2 0 2 0
7.45267 0.54733 -4 -4 
0 0
-2.48781 5.18698 5 -3 
6.62477 -0.280572
6.45267 -0.45267 -4 -4 
0 0
-2.48781 5.18698 5 -3 
6.62477 -0.280572
0.512186 1.18698 5 -3 

2 0 2 0
7.45267 0.54733 -4 -4 
0 0
-2.48781 5.18698 5 -3 
6.62477 -0.280572
6.45267 -0.45267 -4 -4 
0 0
-2.48781 5.18698 5 -3 
6.62477 -0.280572
-0.487814 0.186977 5 -3 

2 0 2 0
7.45267 0.54733 -4 -4 
0 0
-2.48781 5.18698 5 -3 
6.62477 -0.280572
6.45267 -0.45267 -4 -4 
0 0
-2.48781 5.18698 5 -3 
6.62477 -0.280572
-3.48781 0.186977 5 -3 

2 0 2 0
7.45267 0.54733 -4 -4 
0 0
-3.45267 1.45267 4 4 
inf inf
6.45267 -0.45267 -4 -4 
0 0
-3.45267 1.45267 4 4 
inf inf
-3.45267 1.45267 4 4 

2 0 2 0
7.45267 0.54733 -4 -4 
0 0
-4.45267 -3.54733 4 4 
inf inf
6.45267 -0.45267 -4 -4 
0 0
-3.45267 1.45267 4 4 
inf inf
-4.45267 -3.54733 4 4 

2 0 2 0
7.45267 0.54733 -4 -4 
0 0
-1.45267 -3.54733 4 4 
inf inf
6.45267 -0.45267 -4 -4 
0 0
-3.45267 1.45267 4 4 
inf inf
-1.45267 -3.54733 4 4 

2 0 2 0
7.45267 0.54733 -4 -4 
0 0
-0.45267 -2.54733 4 4 
inf inf
6.45267 -0.45267 -4 -4 
0 0
-3.45267 1.45267 4 4 
inf inf
-0.45267 -2.54733 4 4 

2 0 2 0
7.45267 0.54733 -4 -4 
0 0
-1.36732 -5.18366 -3 6 
-0.337654 -7.24299
6.45267 -0.45267 -4 -4 
0 0
-1.36732 -5.18366 -3 6 
-0.337654 -7.24299
-1.36732 -5.18366 -3 6 

2 0 2 0
7.45267 0.54733 -4 -4 
0 0
-1.36732 -5.18366 -3 6 
-0.337654 -7.24299
6.45267 -0.45267 -4 -4 
0 0
-1.36732 -5.18366 -3 6 
-0.337654 -7.24299
1.63268 -5.18366 -3 6 

2 0 2 0
7.45267 0.54733 -4 -4 
0 0
-1.36732 -5.18366 -3 6 
-0.337654 -7.24299
6.45267 -0.45267 -4 -4 
0 0
-1.36732 -5.18366 -3 6 
-0.337654 -7.24299
-0.36732 -0.18366 -3 6 

2 0 2 0
7.45267 0.54733 -4 -4 
0 0
-1.36732 -5.18366 -3 6 
-0.337654 -7.24299
6.45267 -0.45267 -4 -4 
0 0
-1.36732 -5.18366 -3 6 
-0.337654 -7.24299
2.63268 -4.18366 -3 6 

1 0 1 0
4.72633 1.27367 -4 -4 
4.72633 1.27367 -4 -4 

1 0 1 0
5.72633 2.27367 -4 -4 
0 0
4.72633 1.27367 -4 -4 
0 0
5.72633 2.27367 -4 -4 

1 0 1 0
5.72633 2.27367 -4 -4 
0 0
4.72633 1.27367 -4 -4 
0 0
1.72633 1.27367 -4 -4 

1 0 1 0
5.72633 2.27367 -4 -4 
0 0
4.72633 1.27367 -4 -4 
0 0
2.72633 6.27367 -4 -4 

2 0 2 0
5.72633 2.27367 -4 -4 
0 0
2.03137 -1.35425 -2 -3 
1.89728 -1.55539
4.72633 1.27367 -4 -4 
0 0
2.03137 -1.35425 -2 -3 
1.89728 -1.55539
2.03137 -1.35425 -2 -3 

2 0 2 0
5.72633 2.27367 -4 -4 
0 0
2.03137 -1.35425 -2 -3 
1.89728 -1.55539
4.72633 1.27367 -4 -4 
0 0
2.03137 -1.35425 -2 -3 
1.89728 -1.55539
1.03137 -2.35425 -2 -3 

2 0 2 0
5.72633 2.27367 -4 -4 
0 0
2.03137 -1.35425 -2 -3 
1.89728 -1.55539
4.72633 1.27367 -4 -4 
0 0
2.03137 -1.35425 -2 -3 
1.89728 -1.55539
-1.96863 -2.35425 -2 -3 

2 0 2 0
5.72633 2.27367 -4 -4 
0 0
2.03137 -1.35425 -2 -3 
1.89728 -1.55539
4.72633 1.27367 -4 -4 
0 0
2.03137 -1.35425 -2 -3 
1.89728 -1.55539
-0.968627 2.64575 -2 -3 

2 0 2 0
5.72633 2.27367 -4 -4 
0 0
-3.74391 3.09349 5 -3 
2.68738 -0.765286
4.72633 1.27367 -4 -4 
0 0
-3.74391 3.09349 5 -3 
2.68738 -0.765286
-3.74391 3.09349 5 -3 

2 0 2 0
5.72633 2.27367 -4 -4 
0 0
-3.74391 3.09349 5 -3 
2.68738 -0.765286
4.72633 1.27367 -4 -4 
0 0
-3.74391 3.09349 5 -3 
2.68738 -0.765286
-0.743907 -0.906511 5 -3 

2 0 2 0
5.72633 2.27367 -4 -4 
0 0
-3.74391 3.09349 5 -3 
2.68738 -0.765286
4.72633 1.27367 -4 -4 
0 0
-3.74391 3.09349 5 -3 
2.68738 -0.765286
-1.74391 -1.90651 5 -3 

2 0 2 0
5.72633 2.27367 -4 -4 
0 0
-3.74391 3.09349 5 -3 
2.68738 -0.765286
4.72633 1.27367 -4 -4 
0 0
-3.74391 3.09349 5 -3 
2.68738 -0.765286
-4.74391 -1.90651 5 -3 

2 0 2 0
5.72633 2.27367 -4 -4 
0 0
-1.72633 -0.273665 4 4 
inf inf
4.72633 1.27367 -4 -4 
0 0
-1.72633 -0.273665 4 4 
inf inf
-1.72633 -0.273665 4 4 

2 0 2 0
5.72633 2.27367 -4 -4 
0 0
-2.72633 -5.27367 4 4 
inf inf
4.72633 1.27367 -4 -4 
0 0
-1.72633 -0.273665 4 4 
inf inf
-2.72633 -5.27367 4 4 

2 0 2 0
5.72633 2.27367 -4 -4 
0 0
0.273665 -5.27367 4 4 
-inf -inf
4.72633 1.27367 -4 -4 
0 0
-1.72633 -0.273665 4 4 
inf inf
0.273665 -5.27367 4 4 

2 0 2 0
5.72633 2.27367 -4 -4 
0 0
1.27367 -4.27367 4 4 
-inf -inf
4.72633 1.27367 -4 -4 
0 0
-1.72633 -0.273665 4 4 
inf inf
1.27367 -4.27367 4 4 

3 0 2 0
5.72633 2.27367 -4 -4 
0 0
1.27367 -4.27367 4 4 
-inf -inf
0.81634 -4.09183 -3 6 
1.02939 -4.51794
4.72633 1.27367 -4 -4 
0 0
0.81634 -4.09183 -3 6 
0.331173 -3.1215
0.81634 -4.09183 -3 6 

