11
2156
10626
321553432
822368450
1
2
5
155382774
5
11
2156
10626
321553432
822368450
1
2
5
155382774
5
11
2156
10626
321553432
822368450
1
2
5
155382774
5
11
2156
10626
321553432
822368450
1
2
5
155382774
5
11
2156
10626
321553432
822368450
1
2
5
155382774
5
11
2156
10626
321553432
822368450
1
2
5
155382774
5
11
2156
10626
321553432
822368450
1
2
5
155382774
5
11
2156
10626
321553432
822368450
1
2
5
155382774
5
11
2156
10626
321553432
822368450
1
2
5
155382774
5
11
2156
10626
321553432
822368450
1
2
5
155382774
5
