Case 1: 2 
Case 2: 3 4 6 7 
Case 3: 3 5 6 7 10 12 
Case 4: 2 3 4 
Case 5: 4 5 6 
Case 6: 1 
Case 7: 1 2 5 10 
Case 8: 2 
Case 9: 6 7 10 12 14 17 
Case 10: 1 2 4 8 11 
Case 11: 47576 47579 47580 47581 47583 47584 47585 47588 47590 47591 47592 47593 47594 47596 
Case 12: 92562 92573 92577 92580 92582 92585 92586 92587 92588 92589 92590 92591 92592 92593 92595 
Case 13: 37297 37311 37312 37321 37322 37323 37324 37326 37329 37330 37331 
Case 14: 1746 1756 1767 1770 1771 1773 1777 1778 1779 
Case 15: 90471 90476 90477 90479 90481 90483 90484 90485 90486 90487 90488 90489 90490 90491 90493 90494 
Case 16: 24136 24139 24144 24147 24149 24152 24153 24154 24155 24157 24158 24159 24160 
Case 17: 63692 63702 63705 63706 63709 63710 63711 63712 63715 63716 63717 63718 63719 
Case 18: 202 203 212 213 214 216 218 219 220 222 224 225 227 
Case 19: 32576 32581 32582 32584 32594 32595 32599 32600 32601 32602 32603 
Case 20: 62237 62238 62239 62240 62241 62242 62243 62247 62248 62249 62250 62252 62254 
Case 21: 84223 84225 84227 84232 84234 84235 84237 84238 84239 84241 84243 84244 84245 84246 84247 
Case 22: 10837 10847 10849 10850 10852 10856 10857 10858 10859 10860 
Case 23: 92699 92719 92721 92722 92723 92725 92726 92727 92728 92729 92731 92733 92734 
Case 24: 15781 15784 15792 15794 15795 15796 15797 15798 15799 15800 15801 15802 15805 15806 
Case 25: 63178 63189 63194 63196 63197 63198 63199 63200 63201 63204 63205 63206 
Case 26: 57195 57196 57197 57198 57200 57201 57202 57204 57205 57206 57208 57209 57211 57213 57214 57215 
Case 27: 46474 46479 46485 46486 46489 46490 46493 46494 46495 46496 46497 46498 46499 46500 46501 46502 46503 
Case 28: 88657 88660 88662 88670 88673 88676 88677 88678 88680 88681 88682 
Case 29: 9879 9889 9897 9902 9903 9905 9907 9910 9911 
Case 30: 3829 3840 3841 3847 3848 3849 3850 3851 3853 3854 3855 3856 
Case 31: 24095 24102 24105 24109 24113 24116 24117 24118 24120 24121 24122 24123 24124 24125 24126 
Case 32: 88206 88210 88217 88220 88221 88223 88224 88226 88228 88231 88232 
Case 33: 18060 18064 18074 18075 18079 18082 18083 18084 18086 18087 18088 18089 
Case 34: 99193 99208 99209 99212 99214 99218 99219 99220 99222 99224 99225 99226 99227 99228 
Case 35: 72695 72698 72699 72701 72703 72704 72705 72709 72711 72712 72714 
Case 36: 63383 63388 63393 63397 63403 63404 63405 63406 63407 63408 63410 
Case 37: 53460 53472 53473 53474 53475 53476 53477 53481 53482 53485 53486 53487 53488 
Case 38: 13662 13667 13668 13672 13673 13678 13680 13681 13683 13684 13685 13687 13688 13689 
Case 39: 11146 11148 11154 11155 11159 11160 11161 11162 11163 11164 11165 11167 
Case 40: 71157 71162 71166 71171 71172 71177 71179 71180 71181 71182 
Case 41: 55050 55056 55061 55063 55065 55068 55069 55072 55075 55076 55077 
