1 2 3 0
4 8 12 0
5 10 15 0
6 11 13 1
7 9 14 0
16 32 48 0
17 34 51 0
18 35 49 1
19 33 50 5
20 40 60 0
21 42 63 0
22 43 61 1
23 41 62 5
24 44 52 4
25 46 55 4
26 47 53 1
27 45 54 0
28 36 56 0
29 38 59 1
30 39 57 3
31 37 58 4
64 128 192 0
65 130 195 0
66 131 193 1
67 129 194 5
68 136 204 0
69 138 207 0
70 139 205 1
71 137 206 5
72 140 196 4
73 142 199 4
74 143 197 5
75 141 198 9
76 132 200 20
77 134 203 20
78 135 201 21
79 133 202 25
80 160 240 0
81 162 243 0
82 163 241 1
83 161 242 5
84 168 252 0
85 170 255 0
86 171 253 1
87 169 254 5
88 172 244 4
89 174 247 4
90 175 245 5
91 173 246 9
92 164 248 20
93 166 251 20
94 167 249 21
95 165 250 25
96 176 208 16
97 178 211 16
98 179 209 13
99 177 210 12
100 184 220 16
101 186 223 16
102 187 221 17
103 185 222 16
104 188 212 4
105 190 215 5
106 191 213 1
107 189 214 0
108 180 216 0
109 182 219 1
110 183 217 3
111 181 218 4
112 144 224 0
113 146 227 1
114 147 225 3
115 145 226 4
116 152 236 4
117 154 239 5
118 155 237 1
119 153 238 0
120 156 228 12
121 158 231 11
122 159 229 15
123 157 230 16
124 148 232 16
125 150 235 15
126 151 233 19
127 149 234 20
256 512 768 0
257 514 771 0
258 515 769 1
259 513 770 5
260 520 780 0
261 522 783 0
262 523 781 1
263 521 782 5
264 524 772 4
265 526 775 4
266 527 773 5
267 525 774 9
268 516 776 20
269 518 779 20
270 519 777 21
271 517 778 25
272 544 816 0
273 546 819 0
274 547 817 1
275 545 818 5
276 552 828 0
277 554 831 0
278 555 829 1
279 553 830 5
280 556 820 4
281 558 823 4
282 559 821 5
283 557 822 9
284 548 824 20
285 550 827 20
286 551 825 21
287 549 826 25
288 560 784 16
289 562 787 16
290 563 785 17
291 561 786 21
292 568 796 16
293 570 799 16
294 571 797 17
295 569 798 21
296 572 788 20
297 574 791 20
298 575 789 21
299 573 790 25
300 564 792 36
301 566 795 36
302 567 793 37
303 565 794 41
304 528 800 80
305 530 803 80
306 531 801 81
307 529 802 85
308 536 812 80
309 538 815 80
310 539 813 81
311 537 814 85
312 540 804 84
313 542 807 84
314 543 805 85
315 541 806 89
316 532 808 100
317 534 811 100
318 535 809 101
319 533 810 105
320 640 960 0
321 642 963 0
322 643 961 1
323 641 962 5
324 648 972 0
325 650 975 0
326 651 973 1
327 649 974 5
328 652 964 4
329 654 967 4
330 655 965 5
331 653 966 9
332 644 968 20
333 646 971 20
334 647 969 21
335 645 970 25
336 672 1008 0
337 674 1011 0
338 675 1009 1
339 673 1010 5
340 680 1020 0
341 682 1023 0
342 683 1021 1
343 681 1022 5
344 684 1012 4
345 686 1015 4
346 687 1013 5
347 685 1014 9
348 676 1016 20
349 678 1019 20
350 679 1017 21
351 677 1018 25
352 688 976 16
353 690 979 16
354 691 977 17
355 689 978 21
356 696 988 16
357 698 991 16
358 699 989 17
359 697 990 21
360 700 980 20
361 702 983 20
362 703 981 21
363 701 982 25
364 692 984 36
365 694 987 36
366 695 985 37
367 693 986 41
368 656 992 80
369 658 995 80
370 659 993 81
371 657 994 85
372 664 1004 80
373 666 1007 80
374 667 1005 81
375 665 1006 85
376 668 996 84
377 670 999 84
378 671 997 85
379 669 998 89
380 660 1000 100
381 662 1003 100
382 663 1001 101
383 661 1002 105
384 704 832 64
385 706 835 64
386 707 833 61
387 705 834 60
388 712 844 64
389 714 847 64
390 715 845 65
391 713 846 64
392 716 836 52
393 718 839 53
394 719 837 49
395 717 838 48
396 708 840 48
397 710 843 49
398 711 841 45
399 709 842 44
400 736 880 64
401 738 883 64
402 739 881 65
403 737 882 69
404 744 892 64
405 746 895 64
406 747 893 65
407 745 894 69
408 748 884 68
409 750 887 68
410 751 885 65
411 749 886 64
412 740 888 64
413 742 891 65
414 743 889 61
415 741 890 60
416 752 848 16
417 754 851 17
418 755 849 13
419 753 850 12
420 760 860 20
421 762 863 21
422 763 861 17
423 761 862 16
424 764 852 4
425 766 855 5
426 767 853 1
427 765 854 0
428 756 856 0
429 758 859 1
430 759 857 3
431 757 858 4
432 720 864 0
433 722 867 1
434 723 865 3
435 721 866 4
436 728 876 4
437 730 879 5
438 731 877 1
439 729 878 0
440 732 868 12
441 734 871 11
442 735 869 15
443 733 870 16
444 724 872 16
445 726 875 15
446 727 873 19
447 725 874 20
448 576 896 0
449 578 899 1
450 579 897 3
451 577 898 4
452 584 908 4
453 586 911 5
454 587 909 1
455 585 910 0
456 588 900 12
457 590 903 11
458 591 901 15
459 589 902 16
460 580 904 16
461 582 907 15
462 583 905 19
463 581 906 20
464 608 944 16
465 610 947 17
466 611 945 13
467 609 946 12
468 616 956 20
469 618 959 21
470 619 957 17
471 617 958 16
472 620 948 4
473 622 951 5
474 623 949 1
475 621 950 0
476 612 952 0
477 614 955 1
478 615 953 3
479 613 954 4
480 624 912 48
481 626 915 47
482 627 913 51
483 625 914 52
484 632 924 44
485 634 927 43
486 635 925 47
487 633 926 48
488 636 916 60
489 638 919 59
490 639 917 63
491 637 918 64
492 628 920 64
493 630 923 63
494 631 921 67
495 629 922 68
496 592 928 64
497 594 931 63
498 595 929 67
499 593 930 68
500 600 940 60
501 602 943 59
502 603 941 63
503 601 942 64
504 604 932 76
505 606 935 75
506 607 933 79
507 605 934 80
508 596 936 80
509 598 939 79
510 599 937 83
511 597 938 84
