Case 1: Impossible
Case 2: Impossible
Case 3: aab
Case 4: Impossible
Case 5: bd
Case 6: Impossible
Case 7: aaaf
Case 8: abbf
Case 9: bdf
Case 10: Impossible
Case 11: abj
Case 12: Impossible
Case 13: Impossible
Case 14: Impossible
Case 15: aaaan
Case 16: Impossible
Case 17: Impossible
Case 18: Impossible
Case 19: Impossible
Case 20: Impossible
Case 21: Impossible
Case 22: Impossible
Case 23: aabv
Case 24: Impossible
Case 25: Impossible
Case 26: Impossible
Case 27: Impossible
Case 28: ba
Case 29: aaab
Case 30: da
Case 31: abd
Case 32: fa
Case 33: aaaaf
Case 34: aabbf
Case 35: abdf
Case 36: ja
Case 37: aabj
Case 38: la
Case 39: ma
Case 40: na
Case 41: aaaaan
Case 42: pa
Case 43: qa
Case 44: ra
Case 45: sa
Case 46: ta
Case 47: ua
Case 48: va
Case 49: aaabv
Case 50: xa
Case 51: ya
Case 52: za
Case 53: ab
Case 54: Impossible
Case 55: aabb
Case 56: db
Case 57: bbd
Case 58: fb
Case 59: aaabf
Case 60: abbbf
Case 61: bbdf
Case 62: jb
Case 63: abbj
Case 64: lb
Case 65: mb
Case 66: nb
Case 67: aaaabn
Case 68: pb
Case 69: qb
Case 70: rb
Case 71: sb
Case 72: tb
Case 73: ub
Case 74: vb
Case 75: aabbv
Case 76: xb
Case 77: yb
Case 78: zb
Case 79: aaab
Case 80: aabb
Case 81: aaaabb
Case 82: aabd
Case 83: aabbd
Case 84: aabf
Case 85: aaaaabf
Case 86: aaabbbf
Case 87: aabbdf
Case 88: aabj
Case 89: aaabbj
Case 90: aabl
Case 91: aabm
Case 92: aabn
Case 93: aaaaaabn
Case 94: aabp
Case 95: aabq
Case 96: aabr
Case 97: aabs
Case 98: aabt
Case 99: aabu
Case 100: aabv
Case 101: aaaabbv
Case 102: aabx
Case 103: aaby
Case 104: aabz
Case 105: ad
Case 106: bd
Case 107: aabd
Case 108: Impossible
Case 109: bdd
Case 110: fd
Case 111: aaadf
Case 112: abbdf
Case 113: bddf
Case 114: jd
Case 115: abdj
Case 116: ld
Case 117: aaan
Case 118: nd
Case 119: aaaadn
Case 120: pd
Case 121: qd
Case 122: bs
Case 123: sd
Case 124: td
Case 125: ud
Case 126: vd
Case 127: aabdv
Case 128: xd
Case 129: yd
Case 130: zd
Case 131: abd
Case 132: bbd
Case 133: aabbd
Case 134: bdd
Case 135: bbdd
Case 136: bdf
Case 137: aaabdf
Case 138: abbbdf
Case 139: bbddf
Case 140: bdj
Case 141: abbdj
Case 142: bdl
Case 143: aaabn
Case 144: bdn
Case 145: aaaabdn
Case 146: bdp
Case 147: bdq
Case 148: bbs
Case 149: bds
Case 150: bdt
Case 151: bdu
Case 152: bdv
Case 153: aabbdv
Case 154: bdx
Case 155: bdy
Case 156: bdz
Case 157: af
Case 158: bf
Case 159: aabf
Case 160: df
Case 161: bdf
Case 162: Impossible
Case 163: aaaff
Case 164: abbff
Case 165: bdff
Case 166: jf
Case 167: abfj
Case 168: aabn
Case 169: mf
Case 170: nf
Case 171: aaaafn
Case 172: pf
Case 173: qf
Case 174: abt
Case 175: adt
Case 176: tf
Case 177: uf
