3 2 1: 0
5 2 1: 2
7 2 1: 4
11 2 1: 8
13 2 1: 10
17 2 1: 14
19 2 1: 16
23 2 1: 20
29 2 1: 26
31 2 1: 28
37 2 1: 34
3 2 2: 2
5 2 2: 6
7 2 2: 10
11 2 2: 18
13 2 2: 22
17 2 2: 30
19 2 2: 34
23 2 2: 42
29 2 2: 54
31 2 2: 58
37 2 2: 70
3 2 3: 0
5 2 3: 2
7 2 3: 4
11 2 3: 8
13 2 3: 10
17 2 3: 14
19 2 3: 16
23 2 3: 20
29 2 3: 26
31 2 3: 28
37 2 3: 34
3 2 4: 2
5 2 4: 6
7 2 4: 10
11 2 4: 18
13 2 4: 22
17 2 4: 30
19 2 4: 34
23 2 4: 42
29 2 4: 54
31 2 4: 58
37 2 4: 70
3 2 5: 0
5 2 5: 2
7 2 5: 4
11 2 5: 8
13 2 5: 10
17 2 5: 14
19 2 5: 16
23 2 5: 20
29 2 5: 26
31 2 5: 28
37 2 5: 34
3 2 6: 2
5 2 6: 6
7 2 6: 10
11 2 6: 18
13 2 6: 22
17 2 6: 30
19 2 6: 34
23 2 6: 42
29 2 6: 54
31 2 6: 58
37 2 6: 70
3 2 7: 0
5 2 7: 2
7 2 7: 4
11 2 7: 8
13 2 7: 10
17 2 7: 14
19 2 7: 16
23 2 7: 20
29 2 7: 26
31 2 7: 28
37 2 7: 34
3 2 8: 2
5 2 8: 6
7 2 8: 10
11 2 8: 18
13 2 8: 22
17 2 8: 30
19 2 8: 34
23 2 8: 42
29 2 8: 54
31 2 8: 58
37 2 8: 70
3 2 9: 0
5 2 9: 2
7 2 9: 4
11 2 9: 8
13 2 9: 10
17 2 9: 14
19 2 9: 16
23 2 9: 20
29 2 9: 26
31 2 9: 28
37 2 9: 34
3 2 10: 2
5 2 10: 6
7 2 10: 10
11 2 10: 18
13 2 10: 22
17 2 10: 30
19 2 10: 34
23 2 10: 42
29 2 10: 54
31 2 10: 58
37 2 10: 70
3 2 11: 0
5 2 11: 2
7 2 11: 4
11 2 11: 8
13 2 11: 10
17 2 11: 14
19 2 11: 16
23 2 11: 20
29 2 11: 26
31 2 11: 28
37 2 11: 34
3 2 12: 2
5 2 12: 6
7 2 12: 10
11 2 12: 18
13 2 12: 22
17 2 12: 30
19 2 12: 34
23 2 12: 42
29 2 12: 54
31 2 12: 58
37 2 12: 70
3 2 13: 0
5 2 13: 2
7 2 13: 4
11 2 13: 8
13 2 13: 10
17 2 13: 14
19 2 13: 16
23 2 13: 20
29 2 13: 26
31 2 13: 28
37 2 13: 34
3 2 14: 2
5 2 14: 6
7 2 14: 10
11 2 14: 18
13 2 14: 22
17 2 14: 30
19 2 14: 34
23 2 14: 42
29 2 14: 54
31 2 14: 58
37 2 14: 70
3 2 15: 0
5 2 15: 2
7 2 15: 4
11 2 15: 8
13 2 15: 10
17 2 15: 14
19 2 15: 16
23 2 15: 20
29 2 15: 26
31 2 15: 28
37 2 15: 34
3 2 16: 2
5 2 16: 6
7 2 16: 10
11 2 16: 18
13 2 16: 22
17 2 16: 30
19 2 16: 34
23 2 16: 42
29 2 16: 54
31 2 16: 58
37 2 16: 70
3 2 17: 0
5 2 17: 2
7 2 17: 4
11 2 17: 8
13 2 17: 10
17 2 17: 14
19 2 17: 16
23 2 17: 20
29 2 17: 26
31 2 17: 28
37 2 17: 34
3 2 18: 2
5 2 18: 6
7 2 18: 10
11 2 18: 18
13 2 18: 22
17 2 18: 30
19 2 18: 34
23 2 18: 42
29 2 18: 54
31 2 18: 58
37 2 18: 70
3 2 19: 0
5 2 19: 2
7 2 19: 4
11 2 19: 8
13 2 19: 10
17 2 19: 14
19 2 19: 16
23 2 19: 20
29 2 19: 26
31 2 19: 28
37 2 19: 34
3 2 20: 2
5 2 20: 6
7 2 20: 10
11 2 20: 18
13 2 20: 22
17 2 20: 30
19 2 20: 34
23 2 20: 42
29 2 20: 54
31 2 20: 58
37 2 20: 70
3 2 21: 0
5 2 21: 2
7 2 21: 4
11 2 21: 8
13 2 21: 10
17 2 21: 14
19 2 21: 16
23 2 21: 20
29 2 21: 26
31 2 21: 28
37 2 21: 34
3 2 22: 2
5 2 22: 6
7 2 22: 10
11 2 22: 18
13 2 22: 22
17 2 22: 30
19 2 22: 34
23 2 22: 42
29 2 22: 54
31 2 22: 58
37 2 22: 70
3 2 23: 0
5 2 23: 2
7 2 23: 4
11 2 23: 8
13 2 23: 10
17 2 23: 14
19 2 23: 16
23 2 23: 20
29 2 23: 26
31 2 23: 28
37 2 23: 34
3 2 24: 2
5 2 24: 6
7 2 24: 10
11 2 24: 18
13 2 24: 22
17 2 24: 30
19 2 24: 34
23 2 24: 42
29 2 24: 54
31 2 24: 58
37 2 24: 70
3 2 25: 0
5 2 25: 2
7 2 25: 4
11 2 25: 8
13 2 25: 10
17 2 25: 14
19 2 25: 16
23 2 25: 20
29 2 25: 26
31 2 25: 28
37 2 25: 34
3 2 26: 2
5 2 26: 6
7 2 26: 10
11 2 26: 18
13 2 26: 22
17 2 26: 30
19 2 26: 34
23 2 26: 42
29 2 26: 54
31 2 26: 58
37 2 26: 70
3 2 27: 0
5 2 27: 2
7 2 27: 4
11 2 27: 8
13 2 27: 10
17 2 27: 14
19 2 27: 16
23 2 27: 20
29 2 27: 26
31 2 27: 28
37 2 27: 34
3 2 28: 2
5 2 28: 6
7 2 28: 10
11 2 28: 18
13 2 28: 22
17 2 28: 30
19 2 28: 34
23 2 28: 42
29 2 28: 54
31 2 28: 58
37 2 28: 70
3 2 29: 0
5 2 29: 2
7 2 29: 4
11 2 29: 8
13 2 29: 10
17 2 29: 14
19 2 29: 16
23 2 29: 20
29 2 29: 26
31 2 29: 28
37 2 29: 34
3 2 30: 2
5 2 30: 6
7 2 30: 10
11 2 30: 18
13 2 30: 22
17 2 30: 30
19 2 30: 34
23 2 30: 42
29 2 30: 54
31 2 30: 58
37 2 30: 70
3 2 31: 0
5 2 31: 2
7 2 31: 4
11 2 31: 8
13 2 31: 10
17 2 31: 14
19 2 31: 16
23 2 31: 20
29 2 31: 26
31 2 31: 28
37 2 31: 34
3 2 32: 2
5 2 32: 6
7 2 32: 10
11 2 32: 18
13 2 32: 22
17 2 32: 30
19 2 32: 34
23 2 32: 42
29 2 32: 54
31 2 32: 58
37 2 32: 70
3 2 33: 0
5 2 33: 2
7 2 33: 4
11 2 33: 8
13 2 33: 10
17 2 33: 14
19 2 33: 16
23 2 33: 20
29 2 33: 26
31 2 33: 28
37 2 33: 34
3 2 34: 2
5 2 34: 6
7 2 34: 10
11 2 34: 18
13 2 34: 22
17 2 34: 30
19 2 34: 34
23 2 34: 42
29 2 34: 54
31 2 34: 58
37 2 34: 70
3 2 35: 0
5 2 35: 2
7 2 35: 4
11 2 35: 8
13 2 35: 10
17 2 35: 14
19 2 35: 16
23 2 35: 20
29 2 35: 26
31 2 35: 28
37 2 35: 34
3 2 36: 2
5 2 36: 6
7 2 36: 10
11 2 36: 18
13 2 36: 22
17 2 36: 30
19 2 36: 34
23 2 36: 42
29 2 36: 54
31 2 36: 58
37 2 36: 70
3 2 37: 0
5 2 37: 2
7 2 37: 4
11 2 37: 8
13 2 37: 10
17 2 37: 14
19 2 37: 16
23 2 37: 20
29 2 37: 26
31 2 37: 28
37 2 37: 34
3 2 38: 2
5 2 38: 6
7 2 38: 10
11 2 38: 18
13 2 38: 22
17 2 38: 30
19 2 38: 34
23 2 38: 42
29 2 38: 54
31 2 38: 58
37 2 38: 70
3 2 39: 0
5 2 39: 2
7 2 39: 4
11 2 39: 8
13 2 39: 10
17 2 39: 14
19 2 39: 16
23 2 39: 20
29 2 39: 26
31 2 39: 28
37 2 39: 34
3 2 40: 2
5 2 40: 6
7 2 40: 10
11 2 40: 18
13 2 40: 22
17 2 40: 30
19 2 40: 34
23 2 40: 42
29 2 40: 54
31 2 40: 58
37 2 40: 70
3 2 41: 0
5 2 41: 2
7 2 41: 4
11 2 41: 8
13 2 41: 10
17 2 41: 14
19 2 41: 16
23 2 41: 20
29 2 41: 26
31 2 41: 28
37 2 41: 34
3 2 42: 2
5 2 42: 6
7 2 42: 10
11 2 42: 18
13 2 42: 22
17 2 42: 30
19 2 42: 34
23 2 42: 42
29 2 42: 54
31 2 42: 58
37 2 42: 70
3 2 43: 0
5 2 43: 2
7 2 43: 4
11 2 43: 8
13 2 43: 10
17 2 43: 14
19 2 43: 16
23 2 43: 20
29 2 43: 26
31 2 43: 28
37 2 43: 34
3 2 44: 2
5 2 44: 6
7 2 44: 10
11 2 44: 18
13 2 44: 22
17 2 44: 30
19 2 44: 34
23 2 44: 42
29 2 44: 54
31 2 44: 58
37 2 44: 70
3 2 45: 0
5 2 45: 2
7 2 45: 4
11 2 45: 8
13 2 45: 10
17 2 45: 14
19 2 45: 16
23 2 45: 20
29 2 45: 26
31 2 45: 28
37 2 45: 34
3 2 46: 2
5 2 46: 6
7 2 46: 10
11 2 46: 18
13 2 46: 22
17 2 46: 30
19 2 46: 34
23 2 46: 42
29 2 46: 54
31 2 46: 58
37 2 46: 70
3 2 47: 0
5 2 47: 2
7 2 47: 4
11 2 47: 8
13 2 47: 10
17 2 47: 14
19 2 47: 16
23 2 47: 20
29 2 47: 26
31 2 47: 28
37 2 47: 34
3 2 48: 2
5 2 48: 6
7 2 48: 10
11 2 48: 18
13 2 48: 22
17 2 48: 30
19 2 48: 34
23 2 48: 42
29 2 48: 54
31 2 48: 58
37 2 48: 70
3 2 49: 0
5 2 49: 2
7 2 49: 4
11 2 49: 8
13 2 49: 10
17 2 49: 14
19 2 49: 16
23 2 49: 20
29 2 49: 26
31 2 49: 28
37 2 49: 34
3 2 50: 2
5 2 50: 6
7 2 50: 10
11 2 50: 18
13 2 50: 22
17 2 50: 30
19 2 50: 34
23 2 50: 42
29 2 50: 54
31 2 50: 58
37 2 50: 70
3 2 51: 0
5 2 51: 2
7 2 51: 4
11 2 51: 8
13 2 51: 10
17 2 51: 14
19 2 51: 16
23 2 51: 20
29 2 51: 26
31 2 51: 28
37 2 51: 34
3 2 52: 2
5 2 52: 6
7 2 52: 10
11 2 52: 18
13 2 52: 22
17 2 52: 30
19 2 52: 34
23 2 52: 42
29 2 52: 54
31 2 52: 58
37 2 52: 70
3 2 53: 0
5 2 53: 2
7 2 53: 4
11 2 53: 8
13 2 53: 10
17 2 53: 14
19 2 53: 16
23 2 53: 20
29 2 53: 26
31 2 53: 28
37 2 53: 34
3 2 54: 2
5 2 54: 6
7 2 54: 10
11 2 54: 18
13 2 54: 22
17 2 54: 30
19 2 54: 34
23 2 54: 42
29 2 54: 54
31 2 54: 58
37 2 54: 70
3 2 55: 0
5 2 55: 2
7 2 55: 4
11 2 55: 8
13 2 55: 10
17 2 55: 14
19 2 55: 16
23 2 55: 20
29 2 55: 26
31 2 55: 28
37 2 55: 34
3 2 56: 2
5 2 56: 6
7 2 56: 10
11 2 56: 18
13 2 56: 22
17 2 56: 30
19 2 56: 34
23 2 56: 42
29 2 56: 54
31 2 56: 58
37 2 56: 70
3 2 57: 0
5 2 57: 2
7 2 57: 4
11 2 57: 8
13 2 57: 10
17 2 57: 14
19 2 57: 16
23 2 57: 20
29 2 57: 26
31 2 57: 28
37 2 57: 34
3 2 58: 2
5 2 58: 6
7 2 58: 10
11 2 58: 18
13 2 58: 22
17 2 58: 30
19 2 58: 34
23 2 58: 42
29 2 58: 54
31 2 58: 58
37 2 58: 70
3 2 59: 0
5 2 59: 2
7 2 59: 4
11 2 59: 8
13 2 59: 10
17 2 59: 14
19 2 59: 16
23 2 59: 20
29 2 59: 26
31 2 59: 28
37 2 59: 34
3 2 60: 2
5 2 60: 6
7 2 60: 10
11 2 60: 18
13 2 60: 22
17 2 60: 30
19 2 60: 34
23 2 60: 42
29 2 60: 54
31 2 60: 58
37 2 60: 70
3 2 61: 0
5 2 61: 2
7 2 61: 4
11 2 61: 8
13 2 61: 10
17 2 61: 14
19 2 61: 16
23 2 61: 20
29 2 61: 26
31 2 61: 28
37 2 61: 34
3 2 62: 2
5 2 62: 6
7 2 62: 10
11 2 62: 18
13 2 62: 22
17 2 62: 30
19 2 62: 34
23 2 62: 42
29 2 62: 54
31 2 62: 58
37 2 62: 70
3 2 63: 0
5 2 63: 2
7 2 63: 4
11 2 63: 8
13 2 63: 10
17 2 63: 14
19 2 63: 16
23 2 63: 20
29 2 63: 26
31 2 63: 28
37 2 63: 34
3 2 64: 2
5 2 64: 6
7 2 64: 10
11 2 64: 18
13 2 64: 22
17 2 64: 30
19 2 64: 34
23 2 64: 42
29 2 64: 54
31 2 64: 58
37 2 64: 70
3 2 65: 0
5 2 65: 2
7 2 65: 4
11 2 65: 8
13 2 65: 10
17 2 65: 14
19 2 65: 16
23 2 65: 20
29 2 65: 26
31 2 65: 28
37 2 65: 34
3 2 66: 2
5 2 66: 6
7 2 66: 10
11 2 66: 18
13 2 66: 22
17 2 66: 30
19 2 66: 34
23 2 66: 42
29 2 66: 54
31 2 66: 58
37 2 66: 70
3 2 67: 0
5 2 67: 2
7 2 67: 4
11 2 67: 8
13 2 67: 10
17 2 67: 14
19 2 67: 16
23 2 67: 20
29 2 67: 26
31 2 67: 28
37 2 67: 34
3 2 68: 2
5 2 68: 6
7 2 68: 10
11 2 68: 18
13 2 68: 22
17 2 68: 30
19 2 68: 34
23 2 68: 42
29 2 68: 54
31 2 68: 58
37 2 68: 70
3 2 69: 0
5 2 69: 2
7 2 69: 4
11 2 69: 8
13 2 69: 10
17 2 69: 14
19 2 69: 16
23 2 69: 20
29 2 69: 26
31 2 69: 28
37 2 69: 34
3 2 70: 2
5 2 70: 6
7 2 70: 10
11 2 70: 18
13 2 70: 22
17 2 70: 30
19 2 70: 34
23 2 70: 42
29 2 70: 54
31 2 70: 58
37 2 70: 70
3 2 71: 0
5 2 71: 2
7 2 71: 4
11 2 71: 8
13 2 71: 10
17 2 71: 14
19 2 71: 16
23 2 71: 20
29 2 71: 26
31 2 71: 28
37 2 71: 34
3 2 72: 2
5 2 72: 6
7 2 72: 10
11 2 72: 18
13 2 72: 22
17 2 72: 30
19 2 72: 34
23 2 72: 42
29 2 72: 54
31 2 72: 58
37 2 72: 70
3 2 73: 0
5 2 73: 2
7 2 73: 4
11 2 73: 8
13 2 73: 10
17 2 73: 14
19 2 73: 16
23 2 73: 20
29 2 73: 26
31 2 73: 28
37 2 73: 34
3 2 74: 2
5 2 74: 6
7 2 74: 10
11 2 74: 18
13 2 74: 22
17 2 74: 30
19 2 74: 34
23 2 74: 42
29 2 74: 54
31 2 74: 58
37 2 74: 70
3 2 75: 0
5 2 75: 2
7 2 75: 4
11 2 75: 8
13 2 75: 10
17 2 75: 14
19 2 75: 16
23 2 75: 20
29 2 75: 26
31 2 75: 28
37 2 75: 34
3 2 76: 2
5 2 76: 6
7 2 76: 10
11 2 76: 18
13 2 76: 22
17 2 76: 30
19 2 76: 34
23 2 76: 42
29 2 76: 54
31 2 76: 58
37 2 76: 70
3 2 77: 0
5 2 77: 2
7 2 77: 4
11 2 77: 8
13 2 77: 10
17 2 77: 14
19 2 77: 16
23 2 77: 20
29 2 77: 26
31 2 77: 28
37 2 77: 34
3 2 78: 2
5 2 78: 6
7 2 78: 10
11 2 78: 18
13 2 78: 22
17 2 78: 30
19 2 78: 34
23 2 78: 42
29 2 78: 54
31 2 78: 58
37 2 78: 70
3 2 79: 0
5 2 79: 2
7 2 79: 4
11 2 79: 8
13 2 79: 10
17 2 79: 14
19 2 79: 16
23 2 79: 20
29 2 79: 26
31 2 79: 28
37 2 79: 34
3 2 80: 2
5 2 80: 6
7 2 80: 10
11 2 80: 18
13 2 80: 22
17 2 80: 30
19 2 80: 34
23 2 80: 42
29 2 80: 54
31 2 80: 58
37 2 80: 70
3 2 81: 0
5 2 81: 2
7 2 81: 4
11 2 81: 8
13 2 81: 10
17 2 81: 14
19 2 81: 16
23 2 81: 20
29 2 81: 26
31 2 81: 28
37 2 81: 34
3 2 82: 2
5 2 82: 6
7 2 82: 10
11 2 82: 18
13 2 82: 22
17 2 82: 30
19 2 82: 34
23 2 82: 42
29 2 82: 54
31 2 82: 58
37 2 82: 70
3 2 83: 0
5 2 83: 2
7 2 83: 4
11 2 83: 8
13 2 83: 10
17 2 83: 14
19 2 83: 16
23 2 83: 20
29 2 83: 26
31 2 83: 28
37 2 83: 34
3 2 84: 2
5 2 84: 6
7 2 84: 10
11 2 84: 18
13 2 84: 22
17 2 84: 30
19 2 84: 34
23 2 84: 42
29 2 84: 54
31 2 84: 58
37 2 84: 70
3 2 85: 0
5 2 85: 2
7 2 85: 4
11 2 85: 8
13 2 85: 10
17 2 85: 14
19 2 85: 16
23 2 85: 20
29 2 85: 26
31 2 85: 28
37 2 85: 34
3 2 86: 2
5 2 86: 6
7 2 86: 10
11 2 86: 18
13 2 86: 22
17 2 86: 30
19 2 86: 34
23 2 86: 42
29 2 86: 54
31 2 86: 58
37 2 86: 70
3 2 87: 0
5 2 87: 2
7 2 87: 4
11 2 87: 8
13 2 87: 10
17 2 87: 14
19 2 87: 16
23 2 87: 20
29 2 87: 26
31 2 87: 28
37 2 87: 34
3 2 88: 2
5 2 88: 6
7 2 88: 10
11 2 88: 18
13 2 88: 22
17 2 88: 30
19 2 88: 34
23 2 88: 42
29 2 88: 54
31 2 88: 58
37 2 88: 70
3 2 89: 0
5 2 89: 2
7 2 89: 4
11 2 89: 8
13 2 89: 10
17 2 89: 14
19 2 89: 16
23 2 89: 20
29 2 89: 26
31 2 89: 28
37 2 89: 34
3 2 90: 2
5 2 90: 6
7 2 90: 10
11 2 90: 18
13 2 90: 22
17 2 90: 30
19 2 90: 34
23 2 90: 42
29 2 90: 54
31 2 90: 58
37 2 90: 70
3 2 91: 0
5 2 91: 2
7 2 91: 4
11 2 91: 8
13 2 91: 10
17 2 91: 14
19 2 91: 16
23 2 91: 20
29 2 91: 26
31 2 91: 28
37 2 91: 34
3 2 92: 2
5 2 92: 6
7 2 92: 10
11 2 92: 18
13 2 92: 22
17 2 92: 30
19 2 92: 34
23 2 92: 42
29 2 92: 54
31 2 92: 58
37 2 92: 70
3 2 93: 0
5 2 93: 2
7 2 93: 4
11 2 93: 8
13 2 93: 10
17 2 93: 14
19 2 93: 16
23 2 93: 20
29 2 93: 26
31 2 93: 28
37 2 93: 34
3 2 94: 2
5 2 94: 6
7 2 94: 10
11 2 94: 18
13 2 94: 22
17 2 94: 30
19 2 94: 34
23 2 94: 42
29 2 94: 54
31 2 94: 58
37 2 94: 70
3 2 95: 0
5 2 95: 2
7 2 95: 4
11 2 95: 8
13 2 95: 10
17 2 95: 14
19 2 95: 16
23 2 95: 20
29 2 95: 26
31 2 95: 28
37 2 95: 34
3 2 96: 2
5 2 96: 6
7 2 96: 10
11 2 96: 18
13 2 96: 22
17 2 96: 30
19 2 96: 34
23 2 96: 42
29 2 96: 54
31 2 96: 58
37 2 96: 70
3 2 97: 0
5 2 97: 2
7 2 97: 4
11 2 97: 8
13 2 97: 10
17 2 97: 14
19 2 97: 16
23 2 97: 20
29 2 97: 26
31 2 97: 28
37 2 97: 34
3 2 98: 2
5 2 98: 6
7 2 98: 10
11 2 98: 18
13 2 98: 22
17 2 98: 30
19 2 98: 34
23 2 98: 42
29 2 98: 54
31 2 98: 58
37 2 98: 70
3 2 99: 0
5 2 99: 2
7 2 99: 4
11 2 99: 8
13 2 99: 10
17 2 99: 14
19 2 99: 16
23 2 99: 20
29 2 99: 26
31 2 99: 28
37 2 99: 34
3 2 100: 2
5 2 100: 6
7 2 100: 10
11 2 100: 18
13 2 100: 22
17 2 100: 30
19 2 100: 34
23 2 100: 42
29 2 100: 54
31 2 100: 58
37 2 100: 70
3 3 1: 1
5 3 1: 3
7 3 1: 3
11 3 1: 9
13 3 1: 9
17 3 1: 15
19 3 1: 15
23 3 1: 21
29 3 1: 27
31 3 1: 27
37 3 1: 33
3 3 2: 1
5 3 2: 3
7 3 2: 3
11 3 2: 9
13 3 2: 9
17 3 2: 15
19 3 2: 15
23 3 2: 21
29 3 2: 27
31 3 2: 27
37 3 2: 33
3 3 3: 1
5 3 3: 3
7 3 3: 15
11 3 3: 9
13 3 3: 33
17 3 3: 15
19 3 3: 51
23 3 3: 21
29 3 3: 27
31 3 3: 87
37 3 3: 105
3 3 4: 1
5 3 4: 3
7 3 4: 3
11 3 4: 9
13 3 4: 9
17 3 4: 15
19 3 4: 15
23 3 4: 21
29 3 4: 27
31 3 4: 27
37 3 4: 33
3 3 5: 1
5 3 5: 3
7 3 5: 3
11 3 5: 9
13 3 5: 9
17 3 5: 15
19 3 5: 15
23 3 5: 21
29 3 5: 27
31 3 5: 27
37 3 5: 33
3 3 6: 1
5 3 6: 3
7 3 6: 15
11 3 6: 9
13 3 6: 33
17 3 6: 15
19 3 6: 51
23 3 6: 21
29 3 6: 27
31 3 6: 87
37 3 6: 105
3 3 7: 1
5 3 7: 3
7 3 7: 3
11 3 7: 9
13 3 7: 9
17 3 7: 15
19 3 7: 15
23 3 7: 21
29 3 7: 27
31 3 7: 27
37 3 7: 33
3 3 8: 1
5 3 8: 3
7 3 8: 3
11 3 8: 9
13 3 8: 9
17 3 8: 15
19 3 8: 15
23 3 8: 21
29 3 8: 27
31 3 8: 27
37 3 8: 33
3 3 9: 1
5 3 9: 3
7 3 9: 15
11 3 9: 9
13 3 9: 33
17 3 9: 15
19 3 9: 51
23 3 9: 21
29 3 9: 27
31 3 9: 87
37 3 9: 105
3 3 10: 1
5 3 10: 3
7 3 10: 3
11 3 10: 9
13 3 10: 9
17 3 10: 15
19 3 10: 15
23 3 10: 21
29 3 10: 27
31 3 10: 27
37 3 10: 33
3 3 11: 1
5 3 11: 3
7 3 11: 3
11 3 11: 9
13 3 11: 9
17 3 11: 15
19 3 11: 15
23 3 11: 21
29 3 11: 27
31 3 11: 27
37 3 11: 33
3 3 12: 1
5 3 12: 3
7 3 12: 15
11 3 12: 9
13 3 12: 33
17 3 12: 15
19 3 12: 51
23 3 12: 21
29 3 12: 27
31 3 12: 87
37 3 12: 105
3 3 13: 1
5 3 13: 3
7 3 13: 3
11 3 13: 9
13 3 13: 9
17 3 13: 15
19 3 13: 15
23 3 13: 21
29 3 13: 27
31 3 13: 27
37 3 13: 33
3 3 14: 1
5 3 14: 3
7 3 14: 3
11 3 14: 9
13 3 14: 9
17 3 14: 15
19 3 14: 15
23 3 14: 21
29 3 14: 27
31 3 14: 27
37 3 14: 33
3 3 15: 1
5 3 15: 3
7 3 15: 15
11 3 15: 9
13 3 15: 33
17 3 15: 15
19 3 15: 51
23 3 15: 21
29 3 15: 27
31 3 15: 87
37 3 15: 105
3 3 16: 1
5 3 16: 3
7 3 16: 3
11 3 16: 9
13 3 16: 9
17 3 16: 15
19 3 16: 15
23 3 16: 21
29 3 16: 27
31 3 16: 27
37 3 16: 33
3 3 17: 1
5 3 17: 3
7 3 17: 3
11 3 17: 9
13 3 17: 9
17 3 17: 15
19 3 17: 15
23 3 17: 21
29 3 17: 27
31 3 17: 27
37 3 17: 33
3 3 18: 1
5 3 18: 3
7 3 18: 15
11 3 18: 9
13 3 18: 33
17 3 18: 15
19 3 18: 51
23 3 18: 21
29 3 18: 27
31 3 18: 87
37 3 18: 105
3 3 19: 1
5 3 19: 3
7 3 19: 3
11 3 19: 9
13 3 19: 9
17 3 19: 15
19 3 19: 15
23 3 19: 21
29 3 19: 27
31 3 19: 27
37 3 19: 33
3 3 20: 1
5 3 20: 3
7 3 20: 3
11 3 20: 9
13 3 20: 9
17 3 20: 15
19 3 20: 15
23 3 20: 21
29 3 20: 27
31 3 20: 27
37 3 20: 33
3 3 21: 1
5 3 21: 3
7 3 21: 15
11 3 21: 9
13 3 21: 33
17 3 21: 15
19 3 21: 51
23 3 21: 21
29 3 21: 27
31 3 21: 87
37 3 21: 105
3 3 22: 1
5 3 22: 3
7 3 22: 3
11 3 22: 9
13 3 22: 9
17 3 22: 15
19 3 22: 15
23 3 22: 21
29 3 22: 27
31 3 22: 27
37 3 22: 33
3 3 23: 1
5 3 23: 3
7 3 23: 3
11 3 23: 9
13 3 23: 9
17 3 23: 15
19 3 23: 15
23 3 23: 21
29 3 23: 27
31 3 23: 27
37 3 23: 33
3 3 24: 1
5 3 24: 3
7 3 24: 15
11 3 24: 9
13 3 24: 33
17 3 24: 15
19 3 24: 51
23 3 24: 21
29 3 24: 27
31 3 24: 87
37 3 24: 105
3 3 25: 1
5 3 25: 3
7 3 25: 3
11 3 25: 9
13 3 25: 9
17 3 25: 15
19 3 25: 15
23 3 25: 21
29 3 25: 27
31 3 25: 27
37 3 25: 33
3 3 26: 1
5 3 26: 3
7 3 26: 3
11 3 26: 9
13 3 26: 9
17 3 26: 15
19 3 26: 15
23 3 26: 21
29 3 26: 27
31 3 26: 27
37 3 26: 33
3 3 27: 1
5 3 27: 3
7 3 27: 15
11 3 27: 9
13 3 27: 33
17 3 27: 15
19 3 27: 51
23 3 27: 21
29 3 27: 27
31 3 27: 87
37 3 27: 105
3 3 28: 1
5 3 28: 3
7 3 28: 3
11 3 28: 9
13 3 28: 9
17 3 28: 15
19 3 28: 15
23 3 28: 21
29 3 28: 27
31 3 28: 27
37 3 28: 33
3 3 29: 1
5 3 29: 3
7 3 29: 3
11 3 29: 9
13 3 29: 9
17 3 29: 15
19 3 29: 15
23 3 29: 21
29 3 29: 27
31 3 29: 27
37 3 29: 33
3 3 30: 1
5 3 30: 3
7 3 30: 15
11 3 30: 9
13 3 30: 33
17 3 30: 15
19 3 30: 51
23 3 30: 21
29 3 30: 27
31 3 30: 87
37 3 30: 105
3 3 31: 1
5 3 31: 3
7 3 31: 3
11 3 31: 9
13 3 31: 9
17 3 31: 15
19 3 31: 15
23 3 31: 21
29 3 31: 27
31 3 31: 27
37 3 31: 33
3 3 32: 1
5 3 32: 3
7 3 32: 3
11 3 32: 9
13 3 32: 9
17 3 32: 15
19 3 32: 15
23 3 32: 21
29 3 32: 27
31 3 32: 27
37 3 32: 33
3 3 33: 1
5 3 33: 3
7 3 33: 15
11 3 33: 9
13 3 33: 33
17 3 33: 15
19 3 33: 51
23 3 33: 21
29 3 33: 27
31 3 33: 87
37 3 33: 105
3 3 34: 1
5 3 34: 3
7 3 34: 3
11 3 34: 9
13 3 34: 9
17 3 34: 15
19 3 34: 15
23 3 34: 21
29 3 34: 27
31 3 34: 27
37 3 34: 33
3 3 35: 1
5 3 35: 3
7 3 35: 3
11 3 35: 9
13 3 35: 9
17 3 35: 15
19 3 35: 15
23 3 35: 21
29 3 35: 27
31 3 35: 27
37 3 35: 33
3 3 36: 1
5 3 36: 3
7 3 36: 15
11 3 36: 9
13 3 36: 33
17 3 36: 15
19 3 36: 51
23 3 36: 21
29 3 36: 27
31 3 36: 87
37 3 36: 105
3 3 37: 1
5 3 37: 3
7 3 37: 3
11 3 37: 9
13 3 37: 9
17 3 37: 15
19 3 37: 15
23 3 37: 21
29 3 37: 27
31 3 37: 27
37 3 37: 33
3 3 38: 1
5 3 38: 3
7 3 38: 3
11 3 38: 9
13 3 38: 9
17 3 38: 15
19 3 38: 15
23 3 38: 21
29 3 38: 27
31 3 38: 27
37 3 38: 33
3 3 39: 1
5 3 39: 3
7 3 39: 15
11 3 39: 9
13 3 39: 33
17 3 39: 15
19 3 39: 51
23 3 39: 21
29 3 39: 27
31 3 39: 87
37 3 39: 105
3 3 40: 1
5 3 40: 3
7 3 40: 3
11 3 40: 9
13 3 40: 9
17 3 40: 15
19 3 40: 15
23 3 40: 21
29 3 40: 27
31 3 40: 27
37 3 40: 33
3 3 41: 1
5 3 41: 3
7 3 41: 3
11 3 41: 9
13 3 41: 9
17 3 41: 15
19 3 41: 15
23 3 41: 21
29 3 41: 27
31 3 41: 27
37 3 41: 33
3 3 42: 1
5 3 42: 3
7 3 42: 15
11 3 42: 9
13 3 42: 33
17 3 42: 15
19 3 42: 51
23 3 42: 21
29 3 42: 27
31 3 42: 87
37 3 42: 105
3 3 43: 1
5 3 43: 3
7 3 43: 3
11 3 43: 9
13 3 43: 9
17 3 43: 15
19 3 43: 15
23 3 43: 21
29 3 43: 27
31 3 43: 27
37 3 43: 33
3 3 44: 1
5 3 44: 3
7 3 44: 3
11 3 44: 9
13 3 44: 9
17 3 44: 15
19 3 44: 15
23 3 44: 21
29 3 44: 27
31 3 44: 27
37 3 44: 33
3 3 45: 1
5 3 45: 3
7 3 45: 15
11 3 45: 9
13 3 45: 33
17 3 45: 15
19 3 45: 51
23 3 45: 21
29 3 45: 27
31 3 45: 87
37 3 45: 105
3 3 46: 1
5 3 46: 3
7 3 46: 3
11 3 46: 9
13 3 46: 9
17 3 46: 15
19 3 46: 15
23 3 46: 21
29 3 46: 27
31 3 46: 27
37 3 46: 33
3 3 47: 1
5 3 47: 3
7 3 47: 3
11 3 47: 9
13 3 47: 9
17 3 47: 15
19 3 47: 15
23 3 47: 21
29 3 47: 27
31 3 47: 27
37 3 47: 33
3 3 48: 1
5 3 48: 3
7 3 48: 15
11 3 48: 9
13 3 48: 33
17 3 48: 15
19 3 48: 51
23 3 48: 21
29 3 48: 27
31 3 48: 87
37 3 48: 105
3 3 49: 1
5 3 49: 3
7 3 49: 3
11 3 49: 9
13 3 49: 9
17 3 49: 15
19 3 49: 15
23 3 49: 21
29 3 49: 27
31 3 49: 27
37 3 49: 33
3 3 50: 1
5 3 50: 3
7 3 50: 3
11 3 50: 9
13 3 50: 9
17 3 50: 15
19 3 50: 15
23 3 50: 21
29 3 50: 27
31 3 50: 27
37 3 50: 33
3 3 51: 1
5 3 51: 3
7 3 51: 15
11 3 51: 9
13 3 51: 33
17 3 51: 15
19 3 51: 51
23 3 51: 21
29 3 51: 27
31 3 51: 87
37 3 51: 105
3 3 52: 1
5 3 52: 3
7 3 52: 3
11 3 52: 9
13 3 52: 9
17 3 52: 15
19 3 52: 15
23 3 52: 21
29 3 52: 27
31 3 52: 27
37 3 52: 33
3 3 53: 1
5 3 53: 3
7 3 53: 3
11 3 53: 9
13 3 53: 9
17 3 53: 15
19 3 53: 15
23 3 53: 21
29 3 53: 27
31 3 53: 27
37 3 53: 33
3 3 54: 1
5 3 54: 3
7 3 54: 15
11 3 54: 9
13 3 54: 33
17 3 54: 15
19 3 54: 51
23 3 54: 21
29 3 54: 27
31 3 54: 87
37 3 54: 105
3 3 55: 1
5 3 55: 3
7 3 55: 3
11 3 55: 9
13 3 55: 9
17 3 55: 15
19 3 55: 15
23 3 55: 21
29 3 55: 27
31 3 55: 27
37 3 55: 33
3 3 56: 1
5 3 56: 3
7 3 56: 3
11 3 56: 9
13 3 56: 9
17 3 56: 15
19 3 56: 15
23 3 56: 21
29 3 56: 27
31 3 56: 27
37 3 56: 33
3 3 57: 1
5 3 57: 3
7 3 57: 15
11 3 57: 9
13 3 57: 33
17 3 57: 15
19 3 57: 51
23 3 57: 21
29 3 57: 27
31 3 57: 87
37 3 57: 105
3 3 58: 1
5 3 58: 3
7 3 58: 3
11 3 58: 9
13 3 58: 9
17 3 58: 15
19 3 58: 15
23 3 58: 21
29 3 58: 27
31 3 58: 27
37 3 58: 33
3 3 59: 1
5 3 59: 3
7 3 59: 3
11 3 59: 9
13 3 59: 9
17 3 59: 15
19 3 59: 15
23 3 59: 21
29 3 59: 27
31 3 59: 27
37 3 59: 33
3 3 60: 1
5 3 60: 3
7 3 60: 15
11 3 60: 9
13 3 60: 33
17 3 60: 15
19 3 60: 51
23 3 60: 21
29 3 60: 27
31 3 60: 87
37 3 60: 105
3 3 61: 1
5 3 61: 3
7 3 61: 3
11 3 61: 9
13 3 61: 9
17 3 61: 15
19 3 61: 15
23 3 61: 21
29 3 61: 27
31 3 61: 27
37 3 61: 33
3 3 62: 1
5 3 62: 3
7 3 62: 3
11 3 62: 9
13 3 62: 9
17 3 62: 15
19 3 62: 15
23 3 62: 21
29 3 62: 27
31 3 62: 27
37 3 62: 33
3 3 63: 1
5 3 63: 3
7 3 63: 15
11 3 63: 9
13 3 63: 33
17 3 63: 15
19 3 63: 51
23 3 63: 21
29 3 63: 27
31 3 63: 87
37 3 63: 105
3 3 64: 1
5 3 64: 3
7 3 64: 3
11 3 64: 9
13 3 64: 9
17 3 64: 15
19 3 64: 15
23 3 64: 21
29 3 64: 27
31 3 64: 27
37 3 64: 33
3 3 65: 1
5 3 65: 3
7 3 65: 3
11 3 65: 9
13 3 65: 9
17 3 65: 15
19 3 65: 15
23 3 65: 21
29 3 65: 27
31 3 65: 27
37 3 65: 33
3 3 66: 1
5 3 66: 3
7 3 66: 15
11 3 66: 9
13 3 66: 33
17 3 66: 15
19 3 66: 51
23 3 66: 21
29 3 66: 27
31 3 66: 87
37 3 66: 105
3 3 67: 1
5 3 67: 3
7 3 67: 3
11 3 67: 9
13 3 67: 9
17 3 67: 15
19 3 67: 15
23 3 67: 21
29 3 67: 27
31 3 67: 27
37 3 67: 33
3 3 68: 1
5 3 68: 3
7 3 68: 3
11 3 68: 9
13 3 68: 9
17 3 68: 15
19 3 68: 15
23 3 68: 21
29 3 68: 27
31 3 68: 27
37 3 68: 33
3 3 69: 1
5 3 69: 3
7 3 69: 15
11 3 69: 9
13 3 69: 33
17 3 69: 15
19 3 69: 51
23 3 69: 21
29 3 69: 27
31 3 69: 87
37 3 69: 105
3 3 70: 1
5 3 70: 3
7 3 70: 3
11 3 70: 9
13 3 70: 9
17 3 70: 15
19 3 70: 15
23 3 70: 21
29 3 70: 27
31 3 70: 27
37 3 70: 33
3 3 71: 1
5 3 71: 3
7 3 71: 3
11 3 71: 9
13 3 71: 9
17 3 71: 15
19 3 71: 15
23 3 71: 21
29 3 71: 27
31 3 71: 27
37 3 71: 33
3 3 72: 1
5 3 72: 3
7 3 72: 15
11 3 72: 9
13 3 72: 33
17 3 72: 15
19 3 72: 51
23 3 72: 21
29 3 72: 27
31 3 72: 87
37 3 72: 105
3 3 73: 1
5 3 73: 3
7 3 73: 3
11 3 73: 9
13 3 73: 9
17 3 73: 15
19 3 73: 15
23 3 73: 21
29 3 73: 27
31 3 73: 27
37 3 73: 33
3 3 74: 1
5 3 74: 3
7 3 74: 3
11 3 74: 9
13 3 74: 9
17 3 74: 15
19 3 74: 15
23 3 74: 21
29 3 74: 27
31 3 74: 27
37 3 74: 33
3 3 75: 1
5 3 75: 3
7 3 75: 15
11 3 75: 9
13 3 75: 33
17 3 75: 15
19 3 75: 51
23 3 75: 21
29 3 75: 27
31 3 75: 87
37 3 75: 105
3 3 76: 1
5 3 76: 3
7 3 76: 3
11 3 76: 9
13 3 76: 9
17 3 76: 15
19 3 76: 15
23 3 76: 21
29 3 76: 27
31 3 76: 27
37 3 76: 33
3 3 77: 1
5 3 77: 3
7 3 77: 3
11 3 77: 9
13 3 77: 9
17 3 77: 15
19 3 77: 15
23 3 77: 21
29 3 77: 27
31 3 77: 27
37 3 77: 33
3 3 78: 1
5 3 78: 3
7 3 78: 15
11 3 78: 9
13 3 78: 33
17 3 78: 15
19 3 78: 51
23 3 78: 21
29 3 78: 27
31 3 78: 87
37 3 78: 105
3 3 79: 1
5 3 79: 3
7 3 79: 3
11 3 79: 9
13 3 79: 9
17 3 79: 15
19 3 79: 15
23 3 79: 21
29 3 79: 27
31 3 79: 27
37 3 79: 33
3 3 80: 1
5 3 80: 3
7 3 80: 3
11 3 80: 9
13 3 80: 9
17 3 80: 15
19 3 80: 15
23 3 80: 21
29 3 80: 27
31 3 80: 27
37 3 80: 33
3 3 81: 1
5 3 81: 3
7 3 81: 15
11 3 81: 9
13 3 81: 33
17 3 81: 15
19 3 81: 51
23 3 81: 21
29 3 81: 27
31 3 81: 87
37 3 81: 105
3 3 82: 1
5 3 82: 3
7 3 82: 3
11 3 82: 9
13 3 82: 9
17 3 82: 15
19 3 82: 15
23 3 82: 21
29 3 82: 27
31 3 82: 27
37 3 82: 33
3 3 83: 1
5 3 83: 3
7 3 83: 3
11 3 83: 9
13 3 83: 9
17 3 83: 15
19 3 83: 15
23 3 83: 21
29 3 83: 27
31 3 83: 27
37 3 83: 33
3 3 84: 1
5 3 84: 3
7 3 84: 15
11 3 84: 9
13 3 84: 33
17 3 84: 15
19 3 84: 51
23 3 84: 21
29 3 84: 27
31 3 84: 87
37 3 84: 105
3 3 85: 1
5 3 85: 3
7 3 85: 3
11 3 85: 9
13 3 85: 9
17 3 85: 15
19 3 85: 15
23 3 85: 21
29 3 85: 27
31 3 85: 27
37 3 85: 33
3 3 86: 1
5 3 86: 3
7 3 86: 3
11 3 86: 9
13 3 86: 9
17 3 86: 15
19 3 86: 15
23 3 86: 21
29 3 86: 27
31 3 86: 27
37 3 86: 33
3 3 87: 1
5 3 87: 3
7 3 87: 15
11 3 87: 9
13 3 87: 33
17 3 87: 15
19 3 87: 51
23 3 87: 21
29 3 87: 27
31 3 87: 87
37 3 87: 105
3 3 88: 1
5 3 88: 3
7 3 88: 3
11 3 88: 9
13 3 88: 9
17 3 88: 15
19 3 88: 15
23 3 88: 21
29 3 88: 27
31 3 88: 27
37 3 88: 33
3 3 89: 1
5 3 89: 3
7 3 89: 3
11 3 89: 9
13 3 89: 9
17 3 89: 15
19 3 89: 15
23 3 89: 21
29 3 89: 27
31 3 89: 27
37 3 89: 33
3 3 90: 1
5 3 90: 3
7 3 90: 15
11 3 90: 9
13 3 90: 33
17 3 90: 15
19 3 90: 51
23 3 90: 21
29 3 90: 27
31 3 90: 87
37 3 90: 105
3 3 91: 1
5 3 91: 3
7 3 91: 3
11 3 91: 9
13 3 91: 9
17 3 91: 15
19 3 91: 15
23 3 91: 21
29 3 91: 27
31 3 91: 27
37 3 91: 33
3 3 92: 1
5 3 92: 3
7 3 92: 3
11 3 92: 9
13 3 92: 9
17 3 92: 15
19 3 92: 15
23 3 92: 21
29 3 92: 27
31 3 92: 27
37 3 92: 33
3 3 93: 1
5 3 93: 3
7 3 93: 15
11 3 93: 9
13 3 93: 33
17 3 93: 15
19 3 93: 51
23 3 93: 21
29 3 93: 27
31 3 93: 87
37 3 93: 105
3 3 94: 1
5 3 94: 3
7 3 94: 3
11 3 94: 9
13 3 94: 9
17 3 94: 15
19 3 94: 15
23 3 94: 21
29 3 94: 27
31 3 94: 27
37 3 94: 33
3 3 95: 1
5 3 95: 3
7 3 95: 3
11 3 95: 9
13 3 95: 9
17 3 95: 15
19 3 95: 15
23 3 95: 21
29 3 95: 27
31 3 95: 27
37 3 95: 33
3 3 96: 1
5 3 96: 3
7 3 96: 15
11 3 96: 9
13 3 96: 33
17 3 96: 15
19 3 96: 51
23 3 96: 21
29 3 96: 27
31 3 96: 87
37 3 96: 105
3 3 97: 1
5 3 97: 3
7 3 97: 3
11 3 97: 9
13 3 97: 9
17 3 97: 15
19 3 97: 15
23 3 97: 21
29 3 97: 27
31 3 97: 27
37 3 97: 33
3 3 98: 1
5 3 98: 3
7 3 98: 3
11 3 98: 9
13 3 98: 9
17 3 98: 15
19 3 98: 15
23 3 98: 21
29 3 98: 27
31 3 98: 27
37 3 98: 33
3 3 99: 1
5 3 99: 3
7 3 99: 15
11 3 99: 9
13 3 99: 33
17 3 99: 15
19 3 99: 51
23 3 99: 21
29 3 99: 27
31 3 99: 87
37 3 99: 105
3 3 100: 1
5 3 100: 3
7 3 100: 3
11 3 100: 9
13 3 100: 9
17 3 100: 15
19 3 100: 15
23 3 100: 21
29 3 100: 27
31 3 100: 27
37 3 100: 33
